Change Component Footprint: Designator=C2 Old Footprint=RAD-0.3 New Footprint=SIP1/0.6
Change Component Footprint: Designator=C2 Old Footprint=RAD-0.3 New Footprint=SIP1/0.6
Change Component Footprint: Designator=C3 Old Footprint=RAD-0.3 New Footprint=SIP1/0.6
Change Component Footprint: Designator=C11 Old Footprint=RAD-0.3 New Footprint=SIP1/0.6
Change Component Footprint: Designator=C1 Old Footprint=RAD-0.3 New Footprint=sip2
Change Component Footprint: Designator=C1 Old Footprint=RAD-0.3 New Footprint=sip2
Change Component Footprint: Designator=C1 Old Footprint=RAD-0.3 New Footprint=sip2
Change Component Footprint: Designator=C1 Old Footprint=RAD-0.3 New Footprint=SIP2
Change Component Footprint: Designator=C2 Old Footprint=RAD-0.3 New Footprint=sip3
Change Component Footprint: Designator=C2 Old Footprint=RAD-0.3 New Footprint=sip3
Change Component Footprint: Designator=C2 Old Footprint=RAD-0.3 New Footprint=sip3
Change Component Footprint: Designator=C3 Old Footprint=RAD-0.3 New Footprint=sip3
Change Component Footprint: Designator=C3 Old Footprint=RAD-0.3 New Footprint=SIP5
Change Component Footprint: Designator=C3 Old Footprint=RAD-0.3 New Footprint=SIP5
Change Component Footprint: Designator=C1 Old Footprint=RAD-0.3 New Footprint=sip6
Change Component Footprint: Designator=C10 Old Footprint=RAD-0.3 New Footprint=sip6
Change Component Comment: Designator=C1 Old Comment=Cap New Comment=5V
Change Component Comment: Designator=C2 Old Comment=Cap New Comment=5V
Change Component Comment: Designator=C2 Old Comment=5V New Comment=5V
Change Component Comment: Designator=C1 Old Comment=5V New Comment=Battery
Change Component Comment: Designator=C1 Old Comment=Battery New Comment=Battery
Change Component Comment: Designator=C2 Old Comment=5V New Comment=FB
Change Component Comment: Designator=C11 Old Comment=Cap New Comment=FB
Change Component Comment: Designator=C2 Old Comment=FB New Comment=GND
Change Component Comment: Designator=C3 Old Comment=Cap New Comment=GND
Change Component Comment: Designator=C1 Old Comment=Battery New Comment=M1
Change Component Comment: Designator=C10 Old Comment=Cap New Comment=M2
Change Component Comment: Designator=C1 Old Comment=M1 New Comment=Rst
Change Component Comment: Designator=C2 Old Comment=GND New Comment=SF
Change Component Comment: Designator=C3 Old Comment=GND New Comment=SF
Change Component Comment: Designator=C3 Old Comment=SF New Comment=usb
Change Component Comment: Designator=C3 Old Comment=usb New Comment=usb
Change Component Designator: OldDesignator=C1 NewDesignator=BT1
Change Component Designator: OldDesignator=BT1 NewDesignator=J11
Change Component Designator: OldDesignator=J11 NewDesignator=J12
Change Component Designator: OldDesignator=J12 NewDesignator=J13
Change Component Designator: OldDesignator=J13 NewDesignator=J16
Change Component Designator: OldDesignator=C2 NewDesignator=J19
Change Component Designator: OldDesignator=J19 NewDesignator=J20
Change Component Designator: OldDesignator=J20 NewDesignator=J21
Change Component Designator: OldDesignator=J21 NewDesignator=J22
Change Component Designator: OldDesignator=J22 NewDesignator=J3
Change Component Designator: OldDesignator=C3 NewDesignator=J4
Change Component Designator: OldDesignator=J4 NewDesignator=J7
Change Component Designator: OldDesignator=J7 NewDesignator=J8
Change Component Designator: OldDesignator=J8 NewDesignator=J23
Change Component Designator: OldDesignator=C10 NewDesignator=J17
Change Component Designator: OldDesignator=C11 NewDesignator=J18
