Added Component: Designator=C1_sensor1(RAD-0.3)
Add component. Clean all parameters for all variants
Add component (AddParameter): Name = "LatestRevisionDate"; Value = "17-Jul-2002"; VariantName = "[No Variations]"
Add component (AddParameter): Name = "LatestRevisionNote"; Value = "Re-released for DXP Platform."; VariantName = "[No Variations]"
Add component (AddParameter): Name = "PackageDescription"; Value = "Radial Cap, Thru-Hole; 2 Leads; 0.3 in Pin Spacing"; VariantName = "[No Variations]"
Add component (AddParameter): Name = "PackageReference"; Value = "RAD-0.3"; VariantName = "[No Variations]"
Add component (AddParameter): Name = "Published"; Value = "8-Jun-2000"; VariantName = "[No Variations]"
Add component (AddParameter): Name = "Publisher"; Value = "Altium Limited"; VariantName = "[No Variations]"
Add component (AddParameter): Name = "Value"; Value = "2.7uF"; VariantName = "[No Variations]"
Added Component: Designator=C1_sensor2(RAD-0.3)
Add component. Clean all parameters for all variants
Add component (AddParameter): Name = "LatestRevisionDate"; Value = "17-Jul-2002"; VariantName = "[No Variations]"
Add component (AddParameter): Name = "LatestRevisionNote"; Value = "Re-released for DXP Platform."; VariantName = "[No Variations]"
Add component (AddParameter): Name = "PackageDescription"; Value = "Radial Cap, Thru-Hole; 2 Leads; 0.3 in Pin Spacing"; VariantName = "[No Variations]"
Add component (AddParameter): Name = "PackageReference"; Value = "RAD-0.3"; VariantName = "[No Variations]"
Add component (AddParameter): Name = "Published"; Value = "8-Jun-2000"; VariantName = "[No Variations]"
Add component (AddParameter): Name = "Publisher"; Value = "Altium Limited"; VariantName = "[No Variations]"
Add component (AddParameter): Name = "Value"; Value = "2.7uF"; VariantName = "[No Variations]"
Added Component: Designator=C1_sensor3(RAD-0.3)
Add component. Clean all parameters for all variants
Add component (AddParameter): Name = "LatestRevisionDate"; Value = "17-Jul-2002"; VariantName = "[No Variations]"
Add component (AddParameter): Name = "LatestRevisionNote"; Value = "Re-released for DXP Platform."; VariantName = "[No Variations]"
Add component (AddParameter): Name = "PackageDescription"; Value = "Radial Cap, Thru-Hole; 2 Leads; 0.3 in Pin Spacing"; VariantName = "[No Variations]"
Add component (AddParameter): Name = "PackageReference"; Value = "RAD-0.3"; VariantName = "[No Variations]"
Add component (AddParameter): Name = "Published"; Value = "8-Jun-2000"; VariantName = "[No Variations]"
Add component (AddParameter): Name = "Publisher"; Value = "Altium Limited"; VariantName = "[No Variations]"
Add component (AddParameter): Name = "Value"; Value = "2.7uF"; VariantName = "[No Variations]"
Added Component: Designator=C1_sensor4(RAD-0.3)
Add component. Clean all parameters for all variants
Add component (AddParameter): Name = "LatestRevisionDate"; Value = "17-Jul-2002"; VariantName = "[No Variations]"
Add component (AddParameter): Name = "LatestRevisionNote"; Value = "Re-released for DXP Platform."; VariantName = "[No Variations]"
Add component (AddParameter): Name = "PackageDescription"; Value = "Radial Cap, Thru-Hole; 2 Leads; 0.3 in Pin Spacing"; VariantName = "[No Variations]"
Add component (AddParameter): Name = "PackageReference"; Value = "RAD-0.3"; VariantName = "[No Variations]"
Add component (AddParameter): Name = "Published"; Value = "8-Jun-2000"; VariantName = "[No Variations]"
Add component (AddParameter): Name = "Publisher"; Value = "Altium Limited"; VariantName = "[No Variations]"
Add component (AddParameter): Name = "Value"; Value = "2.7uF"; VariantName = "[No Variations]"
Added Component: Designator=C1_sensor5(RAD-0.3)
Add component. Clean all parameters for all variants
Add component (AddParameter): Name = "LatestRevisionDate"; Value = "17-Jul-2002"; VariantName = "[No Variations]"
Add component (AddParameter): Name = "LatestRevisionNote"; Value = "Re-released for DXP Platform."; VariantName = "[No Variations]"
Add component (AddParameter): Name = "PackageDescription"; Value = "Radial Cap, Thru-Hole; 2 Leads; 0.3 in Pin Spacing"; VariantName = "[No Variations]"
Add component (AddParameter): Name = "PackageReference"; Value = "RAD-0.3"; VariantName = "[No Variations]"
Add component (AddParameter): Name = "Published"; Value = "8-Jun-2000"; VariantName = "[No Variations]"
Add component (AddParameter): Name = "Publisher"; Value = "Altium Limited"; VariantName = "[No Variations]"
Add component (AddParameter): Name = "Value"; Value = "2.7uF"; VariantName = "[No Variations]"
Added Pin To Net: NetName=NetJ16_sensor1_1 Pin=C1_sensor1-1
Added Pin To Net: NetName=NetJ16_sensor1_2 Pin=C1_sensor1-2
Added Pin To Net: NetName=NetJ16_sensor2_1 Pin=C1_sensor2-1
Added Pin To Net: NetName=NetJ16_sensor2_2 Pin=C1_sensor2-2
Added Pin To Net: NetName=NetJ16_sensor3_1 Pin=C1_sensor3-1
Added Pin To Net: NetName=NetJ16_sensor3_2 Pin=C1_sensor3-2
Added Pin To Net: NetName=NetJ16_sensor4_1 Pin=C1_sensor4-1
Added Pin To Net: NetName=NetJ16_sensor4_2 Pin=C1_sensor4-2
Added Pin To Net: NetName=NetJ16_sensor5_1 Pin=C1_sensor5-1
Added Pin To Net: NetName=NetJ16_sensor5_2 Pin=C1_sensor5-2
Change Net Name : Old Net Name=NetJ16_sensor1_1 New Net Name=NetC1_sensor1_1
Change Net Name : Old Net Name=NetJ16_sensor1_2 New Net Name=NetC1_sensor1_2
Change Net Name : Old Net Name=NetJ16_sensor2_1 New Net Name=NetC1_sensor2_1
Change Net Name : Old Net Name=NetJ16_sensor2_2 New Net Name=NetC1_sensor2_2
Change Net Name : Old Net Name=NetJ16_sensor3_1 New Net Name=NetC1_sensor3_1
Change Net Name : Old Net Name=NetJ16_sensor3_2 New Net Name=NetC1_sensor3_2
Change Net Name : Old Net Name=NetJ16_sensor4_1 New Net Name=NetC1_sensor4_1
Change Net Name : Old Net Name=NetJ16_sensor4_2 New Net Name=NetC1_sensor4_2
Change Net Name : Old Net Name=NetJ16_sensor5_1 New Net Name=NetC1_sensor5_1
Change Net Name : Old Net Name=NetJ16_sensor5_2 New Net Name=NetC1_sensor5_2
Added Member To Class: ClassName=sensor1 Member=Component C1_sensor1 (C1) Cap
Added Member To Class: ClassName=sensor2 Member=Component C1_sensor2 (C1) Cap
Added Member To Class: ClassName=sensor3 Member=Component C1_sensor3 (C1) Cap
Added Member To Class: ClassName=sensor4 Member=Component C1_sensor4 (C1) Cap
Added Member To Class: ClassName=sensor5 Member=Component C1_sensor5 (C1) Cap
Added Member To Class: ClassName=cs301_3 Member=Component J15 ENCD
