Change Component Designator: OldDesignator=C1_sensor1 NewDesignator=C1_sensor5_S1
Change Component Designator: OldDesignator=C1_sensor2 NewDesignator=C1_sensor5_S2
Change Component Designator: OldDesignator=C1_sensor3 NewDesignator=C1_sensor5_S3
Change Component Designator: OldDesignator=C1_sensor4 NewDesignator=C1_sensor5_S4
Change Component Designator: OldDesignator=C1_sensor5 NewDesignator=C1_sensor5_S5
Change Component Designator: OldDesignator=C2_sensor1 NewDesignator=C2_sensor5_S1
Change Component Designator: OldDesignator=C2_sensor2 NewDesignator=C2_sensor5_S2
Change Component Designator: OldDesignator=C2_sensor3 NewDesignator=C2_sensor5_S3
Change Component Designator: OldDesignator=C2_sensor4 NewDesignator=C2_sensor5_S4
Change Component Designator: OldDesignator=C2_sensor5 NewDesignator=C2_sensor5_S5
Change Component Designator: OldDesignator=C3_sensor1 NewDesignator=C3_sensor5_S1
Change Component Designator: OldDesignator=C3_sensor2 NewDesignator=C3_sensor5_S2
Change Component Designator: OldDesignator=C3_sensor3 NewDesignator=C3_sensor5_S3
Change Component Designator: OldDesignator=C3_sensor4 NewDesignator=C3_sensor5_S4
Change Component Designator: OldDesignator=C3_sensor5 NewDesignator=C3_sensor5_S5
Change Component Designator: OldDesignator=C4_sensor1 NewDesignator=C4_sensor5_S1
Change Component Designator: OldDesignator=C4_sensor2 NewDesignator=C4_sensor5_S2
Change Component Designator: OldDesignator=C4_sensor3 NewDesignator=C4_sensor5_S3
Change Component Designator: OldDesignator=C4_sensor4 NewDesignator=C4_sensor5_S4
Change Component Designator: OldDesignator=C4_sensor5 NewDesignator=C4_sensor5_S5
Change Component Designator: OldDesignator=C5_sensor1 NewDesignator=C5_sensor5_S1
Change Component Designator: OldDesignator=C5_sensor2 NewDesignator=C5_sensor5_S2
Change Component Designator: OldDesignator=C5_sensor3 NewDesignator=C5_sensor5_S3
Change Component Designator: OldDesignator=C5_sensor4 NewDesignator=C5_sensor5_S4
Change Component Designator: OldDesignator=C5_sensor5 NewDesignator=C5_sensor5_S5
Change Component Designator: OldDesignator=D4_sensor1 NewDesignator=D4_sensor5_S1
Change Component Designator: OldDesignator=D4_sensor2 NewDesignator=D4_sensor5_S2
Change Component Designator: OldDesignator=D4_sensor3 NewDesignator=D4_sensor5_S3
Change Component Designator: OldDesignator=D4_sensor4 NewDesignator=D4_sensor5_S4
Change Component Designator: OldDesignator=D4_sensor5 NewDesignator=D4_sensor5_S5
Change Component Designator: OldDesignator=R3_sensor1 NewDesignator=R3_sensor5_S1
Change Component Designator: OldDesignator=R3_sensor2 NewDesignator=R3_sensor5_S2
Change Component Designator: OldDesignator=R3_sensor3 NewDesignator=R3_sensor5_S3
Change Component Designator: OldDesignator=R3_sensor4 NewDesignator=R3_sensor5_S4
Change Component Designator: OldDesignator=R3_sensor5 NewDesignator=R3_sensor5_S5
Change Component Designator: OldDesignator=R4_sensor1 NewDesignator=R4_sensor5_S1
Change Component Designator: OldDesignator=R4_sensor2 NewDesignator=R4_sensor5_S2
Change Component Designator: OldDesignator=R4_sensor3 NewDesignator=R4_sensor5_S3
Change Component Designator: OldDesignator=R4_sensor4 NewDesignator=R4_sensor5_S4
Change Component Designator: OldDesignator=R4_sensor5 NewDesignator=R4_sensor5_S5
Change Component Designator: OldDesignator=R5_sensor1 NewDesignator=R5_sensor5_S1
Change Component Designator: OldDesignator=R5_sensor2 NewDesignator=R5_sensor5_S2
Change Component Designator: OldDesignator=R5_sensor3 NewDesignator=R5_sensor5_S3
Change Component Designator: OldDesignator=R5_sensor4 NewDesignator=R5_sensor5_S4
Change Component Designator: OldDesignator=R5_sensor5 NewDesignator=R5_sensor5_S5
Change Component Designator: OldDesignator=R6_sensor1 NewDesignator=R6_sensor5_S1
Change Component Designator: OldDesignator=R6_sensor2 NewDesignator=R6_sensor5_S2
Change Component Designator: OldDesignator=R6_sensor3 NewDesignator=R6_sensor5_S3
Change Component Designator: OldDesignator=R6_sensor4 NewDesignator=R6_sensor5_S4
Change Component Designator: OldDesignator=R6_sensor5 NewDesignator=R6_sensor5_S5
Change Component Designator: OldDesignator=R7_sensor1 NewDesignator=R7_sensor5_S1
Change Component Designator: OldDesignator=R7_sensor2 NewDesignator=R7_sensor5_S2
Change Component Designator: OldDesignator=R7_sensor3 NewDesignator=R7_sensor5_S3
Change Component Designator: OldDesignator=R7_sensor4 NewDesignator=R7_sensor5_S4
Change Component Designator: OldDesignator=R7_sensor5 NewDesignator=R7_sensor5_S5
Change Component Designator: OldDesignator=R8_sensor1 NewDesignator=R8_sensor5_S1
Change Component Designator: OldDesignator=R8_sensor2 NewDesignator=R8_sensor5_S2
Change Component Designator: OldDesignator=R8_sensor3 NewDesignator=R8_sensor5_S3
Change Component Designator: OldDesignator=R8_sensor4 NewDesignator=R8_sensor5_S4
Change Component Designator: OldDesignator=R8_sensor5 NewDesignator=R8_sensor5_S5
Change Component Designator: OldDesignator=R9_sensor1 NewDesignator=R9_sensor5_S1
Change Component Designator: OldDesignator=R9_sensor2 NewDesignator=R9_sensor5_S2
Change Component Designator: OldDesignator=R9_sensor3 NewDesignator=R9_sensor5_S3
Change Component Designator: OldDesignator=R9_sensor4 NewDesignator=R9_sensor5_S4
Change Component Designator: OldDesignator=R9_sensor5 NewDesignator=R9_sensor5_S5
Change Component Designator: OldDesignator=R10_sensor1 NewDesignator=R10_sensor5_S1
Change Component Designator: OldDesignator=R10_sensor2 NewDesignator=R10_sensor5_S2
Change Component Designator: OldDesignator=R10_sensor3 NewDesignator=R10_sensor5_S3
Change Component Designator: OldDesignator=R10_sensor4 NewDesignator=R10_sensor5_S4
Change Component Designator: OldDesignator=R10_sensor5 NewDesignator=R10_sensor5_S5
Change Component Designator: OldDesignator=U1_sensor1 NewDesignator=U1_sensor5_S1
Change Component Designator: OldDesignator=U1_sensor2 NewDesignator=U1_sensor5_S2
Change Component Designator: OldDesignator=U1_sensor3 NewDesignator=U1_sensor5_S3
Change Component Designator: OldDesignator=U1_sensor4 NewDesignator=U1_sensor5_S4
Change Component Designator: OldDesignator=U1_sensor5 NewDesignator=U1_sensor5_S5
Change Component Designator: OldDesignator=U2_sensor1 NewDesignator=U2_sensor5_S1
Change Component Designator: OldDesignator=U2_sensor2 NewDesignator=U2_sensor5_S2
Change Component Designator: OldDesignator=U2_sensor3 NewDesignator=U2_sensor5_S3
Change Component Designator: OldDesignator=U2_sensor4 NewDesignator=U2_sensor5_S4
Change Component Designator: OldDesignator=U2_sensor5 NewDesignator=U2_sensor5_S5
Change Net Name : Old Net Name=NetC1_sensor1_1 New Net Name=NetC1_sensor5_S1_1
Change Net Name : Old Net Name=NetC1_sensor1_2 New Net Name=NetC1_sensor5_S1_2
Change Net Name : Old Net Name=NetC1_sensor2_1 New Net Name=NetC1_sensor5_S2_1
Change Net Name : Old Net Name=NetC1_sensor2_2 New Net Name=NetC1_sensor5_S2_2
Change Net Name : Old Net Name=NetC1_sensor3_1 New Net Name=NetC1_sensor5_S3_1
Change Net Name : Old Net Name=NetC1_sensor3_2 New Net Name=NetC1_sensor5_S3_2
Change Net Name : Old Net Name=NetC1_sensor4_1 New Net Name=NetC1_sensor5_S4_1
Change Net Name : Old Net Name=NetC1_sensor4_2 New Net Name=NetC1_sensor5_S4_2
Change Net Name : Old Net Name=NetC1_sensor5_1 New Net Name=NetC1_sensor5_S5_1
Change Net Name : Old Net Name=NetC1_sensor5_2 New Net Name=NetC1_sensor5_S5_2
Change Net Name : Old Net Name=NetC2_sensor1_1 New Net Name=NetC2_sensor5_S1_1
Change Net Name : Old Net Name=NetC2_sensor1_2 New Net Name=NetC2_sensor5_S1_2
Change Net Name : Old Net Name=NetC2_sensor2_1 New Net Name=NetC2_sensor5_S2_1
Change Net Name : Old Net Name=NetC2_sensor2_2 New Net Name=NetC2_sensor5_S2_2
Change Net Name : Old Net Name=NetC2_sensor3_1 New Net Name=NetC2_sensor5_S3_1
Change Net Name : Old Net Name=NetC2_sensor3_2 New Net Name=NetC2_sensor5_S3_2
Change Net Name : Old Net Name=NetC2_sensor4_1 New Net Name=NetC2_sensor5_S4_1
Change Net Name : Old Net Name=NetC2_sensor4_2 New Net Name=NetC2_sensor5_S4_2
Change Net Name : Old Net Name=NetC2_sensor5_1 New Net Name=NetC2_sensor5_S5_1
Change Net Name : Old Net Name=NetC2_sensor5_2 New Net Name=NetC2_sensor5_S5_2
Change Net Name : Old Net Name=NetC3_sensor1_1 New Net Name=NetC3_sensor5_S1_1
Change Net Name : Old Net Name=NetC3_sensor2_1 New Net Name=NetC3_sensor5_S2_1
Change Net Name : Old Net Name=NetC3_sensor3_1 New Net Name=NetC3_sensor5_S3_1
Change Net Name : Old Net Name=NetC3_sensor4_1 New Net Name=NetC3_sensor5_S4_1
Change Net Name : Old Net Name=NetC3_sensor5_1 New Net Name=NetC3_sensor5_S5_1
Change Net Name : Old Net Name=NetD4_sensor1_1 New Net Name=NetD4_sensor5_S1_1
Change Net Name : Old Net Name=NetD4_sensor2_1 New Net Name=NetD4_sensor5_S2_1
Change Net Name : Old Net Name=NetD4_sensor3_1 New Net Name=NetD4_sensor5_S3_1
Change Net Name : Old Net Name=NetD4_sensor4_1 New Net Name=NetD4_sensor5_S4_1
Change Net Name : Old Net Name=NetD4_sensor5_1 New Net Name=NetD4_sensor5_S5_1
Change Net Name : Old Net Name=NetR3_sensor1_1 New Net Name=NetR3_sensor5_S1_1
Change Net Name : Old Net Name=NetR3_sensor1_2 New Net Name=NetR3_sensor5_S1_2
Change Net Name : Old Net Name=NetR3_sensor2_1 New Net Name=NetR3_sensor5_S2_1
Change Net Name : Old Net Name=NetR3_sensor2_2 New Net Name=NetR3_sensor5_S2_2
Change Net Name : Old Net Name=NetR3_sensor3_1 New Net Name=NetR3_sensor5_S3_1
Change Net Name : Old Net Name=NetR3_sensor3_2 New Net Name=NetR3_sensor5_S3_2
Change Net Name : Old Net Name=NetR3_sensor4_1 New Net Name=NetR3_sensor5_S4_1
Change Net Name : Old Net Name=NetR3_sensor4_2 New Net Name=NetR3_sensor5_S4_2
Change Net Name : Old Net Name=NetR3_sensor5_1 New Net Name=NetR3_sensor5_S5_1
Change Net Name : Old Net Name=NetR3_sensor5_2 New Net Name=NetR3_sensor5_S5_2
Change Net Name : Old Net Name=NetR5_sensor1_1 New Net Name=NetR5_sensor5_S1_1
Change Net Name : Old Net Name=NetR5_sensor2_1 New Net Name=NetR5_sensor5_S2_1
Change Net Name : Old Net Name=NetR5_sensor3_1 New Net Name=NetR5_sensor5_S3_1
Change Net Name : Old Net Name=NetR5_sensor4_1 New Net Name=NetR5_sensor5_S4_1
Change Net Name : Old Net Name=NetR5_sensor5_1 New Net Name=NetR5_sensor5_S5_1
Change Net Name : Old Net Name=NetR9_sensor1_2 New Net Name=NetR9_sensor5_S1_2
Change Net Name : Old Net Name=NetR9_sensor2_2 New Net Name=NetR9_sensor5_S2_2
Change Net Name : Old Net Name=NetR9_sensor3_2 New Net Name=NetR9_sensor5_S3_2
Change Net Name : Old Net Name=NetR9_sensor4_2 New Net Name=NetR9_sensor5_S4_2
Change Net Name : Old Net Name=NetR9_sensor5_2 New Net Name=NetR9_sensor5_S5_2
Change Class Name : Old Net Name=sensor1 New Net Name=S1
Change Class Name : Old Net Name=sensor2 New Net Name=S2
Change Class Name : Old Net Name=sensor3 New Net Name=S3
Change Class Name : Old Net Name=sensor4 New Net Name=S4
Change Class Name : Old Net Name=sensor5 New Net Name=S5
Change Room Name: Old Name=sensor3 New Name=S3
Change Room Scope: Old Scope=InComponentClass('sensor3') New Scope=InComponentClass('S3')
Change Room Name: Old Name=sensor4 New Name=S4
Change Room Scope: Old Scope=InComponentClass('sensor4') New Scope=InComponentClass('S4')
Change Room Name: Old Name=sensor5 New Name=S5
Change Room Scope: Old Scope=InComponentClass('sensor5') New Scope=InComponentClass('S5')
Added Room: Name=S1
Added Room: Name=S2
