Change Component Designator: OldDesignator=C1 NewDesignator=C1_sensor1
Change Component Designator: OldDesignator=C1_sensor1 NewDesignator=C1_sensor2
Change Component Designator: OldDesignator=C1_sensor2 NewDesignator=C1_sensor3
Change Component Designator: OldDesignator=C1_sensor3 NewDesignator=C1_sensor4
Change Component Designator: OldDesignator=C1_sensor4 NewDesignator=C1_sensor5
Change Component Designator: OldDesignator=C2 NewDesignator=C2_sensor1
Change Component Designator: OldDesignator=C2_sensor1 NewDesignator=C2_sensor2
Change Component Designator: OldDesignator=C2_sensor2 NewDesignator=C2_sensor3
Change Component Designator: OldDesignator=C2_sensor3 NewDesignator=C2_sensor4
Change Component Designator: OldDesignator=C2_sensor4 NewDesignator=C2_sensor5
Change Component Designator: OldDesignator=C3 NewDesignator=C3_sensor1
Change Component Designator: OldDesignator=C3_sensor1 NewDesignator=C3_sensor2
Change Component Designator: OldDesignator=C3_sensor2 NewDesignator=C3_sensor3
Change Component Designator: OldDesignator=C3_sensor3 NewDesignator=C3_sensor4
Change Component Designator: OldDesignator=C3_sensor4 NewDesignator=C3_sensor5
Change Component Designator: OldDesignator=C4 NewDesignator=C4_sensor1
Change Component Designator: OldDesignator=C4_sensor1 NewDesignator=C4_sensor2
Change Component Designator: OldDesignator=C4_sensor2 NewDesignator=C4_sensor3
Change Component Designator: OldDesignator=C4_sensor3 NewDesignator=C4_sensor4
Change Component Designator: OldDesignator=C4_sensor4 NewDesignator=C4_sensor5
Change Component Designator: OldDesignator=C5 NewDesignator=C5_sensor1
Change Component Designator: OldDesignator=C5_sensor1 NewDesignator=C5_sensor2
Change Component Designator: OldDesignator=C5_sensor2 NewDesignator=C5_sensor3
Change Component Designator: OldDesignator=C5_sensor3 NewDesignator=C5_sensor4
Change Component Designator: OldDesignator=C5_sensor4 NewDesignator=C5_sensor5
Change Component Designator: OldDesignator=D4 NewDesignator=D4_sensor1
Change Component Designator: OldDesignator=D4_sensor1 NewDesignator=D4_sensor2
Change Component Designator: OldDesignator=D4_sensor2 NewDesignator=D4_sensor3
Change Component Designator: OldDesignator=D4_sensor3 NewDesignator=D4_sensor4
Change Component Designator: OldDesignator=D4_sensor4 NewDesignator=D4_sensor5
Change Component Designator: OldDesignator=R3 NewDesignator=R3_sensor1
Change Component Designator: OldDesignator=R3_sensor1 NewDesignator=R3_sensor2
Change Component Designator: OldDesignator=R3_sensor2 NewDesignator=R3_sensor3
Change Component Designator: OldDesignator=R3_sensor3 NewDesignator=R3_sensor4
Change Component Designator: OldDesignator=R3_sensor4 NewDesignator=R3_sensor5
Change Component Designator: OldDesignator=R4 NewDesignator=R4_sensor1
Change Component Designator: OldDesignator=R4_sensor1 NewDesignator=R4_sensor2
Change Component Designator: OldDesignator=R4_sensor2 NewDesignator=R4_sensor3
Change Component Designator: OldDesignator=R4_sensor3 NewDesignator=R4_sensor4
Change Component Designator: OldDesignator=R4_sensor4 NewDesignator=R4_sensor5
Change Component Designator: OldDesignator=R5 NewDesignator=R5_sensor1
Change Component Designator: OldDesignator=R5_sensor1 NewDesignator=R5_sensor2
Change Component Designator: OldDesignator=R5_sensor2 NewDesignator=R5_sensor3
Change Component Designator: OldDesignator=R5_sensor3 NewDesignator=R5_sensor4
Change Component Designator: OldDesignator=R5_sensor4 NewDesignator=R5_sensor5
Change Component Designator: OldDesignator=R6 NewDesignator=R6_sensor1
Change Component Designator: OldDesignator=R6_sensor1 NewDesignator=R6_sensor2
Change Component Designator: OldDesignator=R6_sensor2 NewDesignator=R6_sensor3
Change Component Designator: OldDesignator=R6_sensor3 NewDesignator=R6_sensor4
Change Component Designator: OldDesignator=R6_sensor4 NewDesignator=R6_sensor5
Change Component Designator: OldDesignator=R7 NewDesignator=R7_sensor1
Change Component Designator: OldDesignator=R7_sensor1 NewDesignator=R7_sensor2
Change Component Designator: OldDesignator=R7_sensor2 NewDesignator=R7_sensor3
Change Component Designator: OldDesignator=R7_sensor3 NewDesignator=R7_sensor4
Change Component Designator: OldDesignator=R7_sensor4 NewDesignator=R7_sensor5
Change Component Designator: OldDesignator=R8 NewDesignator=R8_sensor1
Change Component Designator: OldDesignator=R8_sensor1 NewDesignator=R8_sensor2
Change Component Designator: OldDesignator=R8_sensor2 NewDesignator=R8_sensor3
Change Component Designator: OldDesignator=R8_sensor3 NewDesignator=R8_sensor4
Change Component Designator: OldDesignator=R8_sensor4 NewDesignator=R8_sensor5
Change Component Designator: OldDesignator=R9 NewDesignator=R9_sensor1
Change Component Designator: OldDesignator=R9_sensor1 NewDesignator=R9_sensor2
Change Component Designator: OldDesignator=R9_sensor2 NewDesignator=R9_sensor3
Change Component Designator: OldDesignator=R9_sensor3 NewDesignator=R9_sensor4
Change Component Designator: OldDesignator=R9_sensor4 NewDesignator=R9_sensor5
Change Component Designator: OldDesignator=R10 NewDesignator=R10_sensor1
Change Component Designator: OldDesignator=R10_sensor1 NewDesignator=R10_sensor2
Change Component Designator: OldDesignator=R10_sensor2 NewDesignator=R10_sensor3
Change Component Designator: OldDesignator=R10_sensor3 NewDesignator=R10_sensor4
Change Component Designator: OldDesignator=R10_sensor4 NewDesignator=R10_sensor5
Change Component Designator: OldDesignator=U1 NewDesignator=U1_sensor1
Change Component Designator: OldDesignator=U1 NewDesignator=U1_sensor1
Change Component Designator: OldDesignator=U1_sensor1 NewDesignator=U1_sensor2
Change Component Designator: OldDesignator=U1_sensor1 NewDesignator=U1_sensor2
Change Component Designator: OldDesignator=U1_sensor2 NewDesignator=U1_sensor3
Change Component Designator: OldDesignator=U1_sensor2 NewDesignator=U1_sensor3
Change Component Designator: OldDesignator=U1_sensor3 NewDesignator=U1_sensor4
Change Component Designator: OldDesignator=U1_sensor3 NewDesignator=U1_sensor4
Change Component Designator: OldDesignator=U1_sensor4 NewDesignator=U1_sensor5
Change Component Designator: OldDesignator=U1_sensor4 NewDesignator=U1_sensor5
Change Component Designator: OldDesignator=U2 NewDesignator=U2_sensor1
Change Component Designator: OldDesignator=U2 NewDesignator=U2_sensor1
Change Component Designator: OldDesignator=U2_sensor1 NewDesignator=U2_sensor2
Change Component Designator: OldDesignator=U2_sensor1 NewDesignator=U2_sensor2
Change Component Designator: OldDesignator=U2_sensor2 NewDesignator=U2_sensor3
Change Component Designator: OldDesignator=U2_sensor2 NewDesignator=U2_sensor3
Change Component Designator: OldDesignator=U2_sensor3 NewDesignator=U2_sensor4
Change Component Designator: OldDesignator=U2_sensor3 NewDesignator=U2_sensor4
Change Component Designator: OldDesignator=U2_sensor4 NewDesignator=U2_sensor5
Change Component Designator: OldDesignator=U2_sensor4 NewDesignator=U2_sensor5
