ARM GAS  C:\Users\bwil410\AppData\Local\Temp\ccFjI8xo.s 			page 1


   1              		.syntax unified
   2              		.cpu cortex-m3
   3              		.fpu softvfp
   4              		.eabi_attribute 20, 1
   5              		.eabi_attribute 21, 1
   6              		.eabi_attribute 23, 3
   7              		.eabi_attribute 24, 1
   8              		.eabi_attribute 25, 1
   9              		.eabi_attribute 26, 1
  10              		.eabi_attribute 30, 1
  11              		.eabi_attribute 34, 1
  12              		.eabi_attribute 18, 4
  13              		.thumb
  14              		.file	"ADC_SAR_Seq_1_SAR_INT.c"
  15              		.text
  16              	.Ltext0:
  17              		.cfi_sections	.debug_frame
  18              	.Letext0:
  19              		.section	.debug_info,"",%progbits
  20              	.Ldebug_info0:
  21 0000 75000000 		.4byte	0x75
  22 0004 0400     		.2byte	0x4
  23 0006 00000000 		.4byte	.Ldebug_abbrev0
  24 000a 04       		.byte	0x4
  25 000b 01       		.uleb128 0x1
  26 000c D6000000 		.4byte	.LASF12
  27 0010 01       		.byte	0x1
  28 0011 88010000 		.4byte	.LASF13
  29 0015 06000000 		.4byte	.LASF14
  30 0019 00000000 		.4byte	.Ldebug_line0
  31 001d 02       		.uleb128 0x2
  32 001e 01       		.byte	0x1
  33 001f 06       		.byte	0x6
  34 0020 DF010000 		.4byte	.LASF0
  35 0024 02       		.uleb128 0x2
  36 0025 01       		.byte	0x1
  37 0026 08       		.byte	0x8
  38 0027 C1000000 		.4byte	.LASF1
  39 002b 02       		.uleb128 0x2
  40 002c 02       		.byte	0x2
  41 002d 05       		.byte	0x5
  42 002e CC010000 		.4byte	.LASF2
  43 0032 02       		.uleb128 0x2
  44 0033 02       		.byte	0x2
  45 0034 07       		.byte	0x7
  46 0035 AE000000 		.4byte	.LASF3
  47 0039 02       		.uleb128 0x2
  48 003a 04       		.byte	0x4
  49 003b 05       		.byte	0x5
  50 003c D6010000 		.4byte	.LASF4
  51 0040 02       		.uleb128 0x2
  52 0041 04       		.byte	0x4
  53 0042 07       		.byte	0x7
  54 0043 9C000000 		.4byte	.LASF5
  55 0047 02       		.uleb128 0x2
  56 0048 08       		.byte	0x8
  57 0049 05       		.byte	0x5
ARM GAS  C:\Users\bwil410\AppData\Local\Temp\ccFjI8xo.s 			page 2


  58 004a B9010000 		.4byte	.LASF6
  59 004e 02       		.uleb128 0x2
  60 004f 08       		.byte	0x8
  61 0050 07       		.byte	0x7
  62 0051 71010000 		.4byte	.LASF7
  63 0055 03       		.uleb128 0x3
  64 0056 04       		.byte	0x4
  65 0057 05       		.byte	0x5
  66 0058 696E7400 		.ascii	"int\000"
  67 005c 02       		.uleb128 0x2
  68 005d 04       		.byte	0x4
  69 005e 07       		.byte	0x7
  70 005f 64010000 		.4byte	.LASF8
  71 0063 02       		.uleb128 0x2
  72 0064 04       		.byte	0x4
  73 0065 04       		.byte	0x4
  74 0066 00000000 		.4byte	.LASF9
  75 006a 02       		.uleb128 0x2
  76 006b 08       		.byte	0x8
  77 006c 04       		.byte	0x4
  78 006d CF000000 		.4byte	.LASF10
  79 0071 02       		.uleb128 0x2
  80 0072 01       		.byte	0x1
  81 0073 08       		.byte	0x8
  82 0074 C7010000 		.4byte	.LASF11
  83 0078 00       		.byte	0
  84              		.section	.debug_abbrev,"",%progbits
  85              	.Ldebug_abbrev0:
  86 0000 01       		.uleb128 0x1
  87 0001 11       		.uleb128 0x11
  88 0002 01       		.byte	0x1
  89 0003 25       		.uleb128 0x25
  90 0004 0E       		.uleb128 0xe
  91 0005 13       		.uleb128 0x13
  92 0006 0B       		.uleb128 0xb
  93 0007 03       		.uleb128 0x3
  94 0008 0E       		.uleb128 0xe
  95 0009 1B       		.uleb128 0x1b
  96 000a 0E       		.uleb128 0xe
  97 000b 10       		.uleb128 0x10
  98 000c 17       		.uleb128 0x17
  99 000d 00       		.byte	0
 100 000e 00       		.byte	0
 101 000f 02       		.uleb128 0x2
 102 0010 24       		.uleb128 0x24
 103 0011 00       		.byte	0
 104 0012 0B       		.uleb128 0xb
 105 0013 0B       		.uleb128 0xb
 106 0014 3E       		.uleb128 0x3e
 107 0015 0B       		.uleb128 0xb
 108 0016 03       		.uleb128 0x3
 109 0017 0E       		.uleb128 0xe
 110 0018 00       		.byte	0
 111 0019 00       		.byte	0
 112 001a 03       		.uleb128 0x3
 113 001b 24       		.uleb128 0x24
 114 001c 00       		.byte	0
ARM GAS  C:\Users\bwil410\AppData\Local\Temp\ccFjI8xo.s 			page 3


 115 001d 0B       		.uleb128 0xb
 116 001e 0B       		.uleb128 0xb
 117 001f 3E       		.uleb128 0x3e
 118 0020 0B       		.uleb128 0xb
 119 0021 03       		.uleb128 0x3
 120 0022 08       		.uleb128 0x8
 121 0023 00       		.byte	0
 122 0024 00       		.byte	0
 123 0025 00       		.byte	0
 124              		.section	.debug_aranges,"",%progbits
 125 0000 14000000 		.4byte	0x14
 126 0004 0200     		.2byte	0x2
 127 0006 00000000 		.4byte	.Ldebug_info0
 128 000a 04       		.byte	0x4
 129 000b 00       		.byte	0
 130 000c 0000     		.2byte	0
 131 000e 0000     		.2byte	0
 132 0010 00000000 		.4byte	0
 133 0014 00000000 		.4byte	0
 134              		.section	.debug_line,"",%progbits
 135              	.Ldebug_line0:
 136 0000 19000000 		.section	.debug_str,"MS",%progbits,1
 136      02001300 
 136      00000201 
 136      FB0E0D00 
 136      01010101 
 137              	.LASF9:
 138 0000 666C6F61 		.ascii	"float\000"
 138      7400
 139              	.LASF14:
 140 0006 5C5C6669 		.ascii	"\\\\files.auckland.ac.nz\\myhome\\Desktop\\PacMan-R"
 140      6C65732E 
 140      6175636B 
 140      6C616E64 
 140      2E61632E 
 141 0034 6F626F74 		.ascii	"obot-master\\PacMan-Robot-master\\301_Group_3_Softw"
 141      2D6D6173 
 141      7465725C 
 141      5061634D 
 141      616E2D52 
 142 0065 6172655C 		.ascii	"are\\Workspace01\\Workspace01\\Workspace01\\Design0"
 142      576F726B 
 142      73706163 
 142      6530315C 
 142      576F726B 
 143 0094 312E6379 		.ascii	"1.cydsn\000"
 143      64736E00 
 144              	.LASF5:
 145 009c 6C6F6E67 		.ascii	"long unsigned int\000"
 145      20756E73 
 145      69676E65 
 145      6420696E 
 145      7400
 146              	.LASF3:
 147 00ae 73686F72 		.ascii	"short unsigned int\000"
 147      7420756E 
 147      7369676E 
ARM GAS  C:\Users\bwil410\AppData\Local\Temp\ccFjI8xo.s 			page 4


 147      65642069 
 147      6E7400
 148              	.LASF1:
 149 00c1 756E7369 		.ascii	"unsigned char\000"
 149      676E6564 
 149      20636861 
 149      7200
 150              	.LASF10:
 151 00cf 646F7562 		.ascii	"double\000"
 151      6C6500
 152              	.LASF12:
 153 00d6 474E5520 		.ascii	"GNU C 4.9.3 20150303 (release) [ARM/embedded-4_9-br"
 153      4320342E 
 153      392E3320 
 153      32303135 
 153      30333033 
 154 0109 616E6368 		.ascii	"anch revision 221220] -mcpu=cortex-m3 -mthumb -g -O"
 154      20726576 
 154      6973696F 
 154      6E203232 
 154      31323230 
 155 013c 67202D66 		.ascii	"g -ffunction-sections -ffat-lto-objects\000"
 155      66756E63 
 155      74696F6E 
 155      2D736563 
 155      74696F6E 
 156              	.LASF8:
 157 0164 756E7369 		.ascii	"unsigned int\000"
 157      676E6564 
 157      20696E74 
 157      00
 158              	.LASF7:
 159 0171 6C6F6E67 		.ascii	"long long unsigned int\000"
 159      206C6F6E 
 159      6720756E 
 159      7369676E 
 159      65642069 
 160              	.LASF13:
 161 0188 2E5C4765 		.ascii	".\\Generated_Source\\PSoC5\\ADC_SAR_Seq_1_SAR_INT.c"
 161      6E657261 
 161      7465645F 
 161      536F7572 
 161      63655C50 
 162 01b8 00       		.ascii	"\000"
 163              	.LASF6:
 164 01b9 6C6F6E67 		.ascii	"long long int\000"
 164      206C6F6E 
 164      6720696E 
 164      7400
 165              	.LASF11:
 166 01c7 63686172 		.ascii	"char\000"
 166      00
 167              	.LASF2:
 168 01cc 73686F72 		.ascii	"short int\000"
 168      7420696E 
 168      7400
 169              	.LASF4:
ARM GAS  C:\Users\bwil410\AppData\Local\Temp\ccFjI8xo.s 			page 5


 170 01d6 6C6F6E67 		.ascii	"long int\000"
 170      20696E74 
 170      00
 171              	.LASF0:
 172 01df 7369676E 		.ascii	"signed char\000"
 172      65642063 
 172      68617200 
 173              		.ident	"GCC: (GNU Tools for ARM Embedded Processors) 4.9.3 20150303 (release) [ARM/embedded-4_9-br
