--------------- Build Started: 09/02/2019 18:34:28 Project: Design01, Configuration: ARM GCC 4.9-2015-q1-update Debug ---------------
cydsfit.exe -.appdatapath "C:\Users\bwil410\AppData\Local\Cypress Semiconductor\PSoC Creator\3.3" -.fdsnotice -.fdswarpdepfile=warp_dependencies.txt -.fdselabdepfile=elab_dependencies.txt -.fdsbldfile=generated_files.txt -p D:\Group3\PacMan-Robot\301_Group_3_Software\PSOC_code_T1\Workspace01\Design01.cydsn\Design01.cyprj -d CY8C5888LTI-LP097 -s D:\Group3\PacMan-Robot\301_Group_3_Software\PSOC_code_T1\Workspace01\Design01.cydsn\Generated_Source\PSoC5 -- -yv2 -q10 -ygs -o2 -v3 -.fftcfgtype=LE
Elaborating Design...
ADD: sdb.M0065: information: Analog terminal "vdac_ref" on ADC_SAR_SEQ_v2_0 is unconnected.
 * C:\Program Files (x86)\Cypress\PSoC Creator\3.3\PSoC Creator\psoc\content\cycomponentlibrary\CyComponentLibrary.cylib\ADC_SAR_SEQ_v2_0\PSoC5\ADC_SAR_SEQ_v2_0.cysch (Signal: vdac_ref)
 * C:\Program Files (x86)\Cypress\PSoC Creator\3.3\PSoC Creator\psoc\content\cycomponentlibrary\CyComponentLibrary.cylib\ADC_SAR_SEQ_v2_0\PSoC5\ADC_SAR_SEQ_v2_0.cysch (Shape_798)
 * C:\Program Files (x86)\Cypress\PSoC Creator\3.3\PSoC Creator\psoc\content\cycomponentlibrary\CyComponentLibrary.cylib\ADC_SAR_SEQ_v2_0\PSoC5\ADC_SAR_SEQ_v2_0.cysch (Shape_885)
HDL Generation ...
Synthesis ...
Place and Route ...
Tech mapping ...
ADD: pft.M0040: information: The following 1 pin(s) will be assigned a location by the fitter: \ADC_SAR_1:ExtVref(0)\
Analog Placement ...
Info: apr.M0002: Analog signal "Net_6419" is connected to one terminal only. (App=cydsfit)
Info: apr.M0002: Analog signal "Net_6421" is connected to one terminal only. (App=cydsfit)
Info: apr.M0002: Analog signal "Net_6422" is connected to one terminal only. (App=cydsfit)
Info: apr.M0002: Analog signal "Net_6424" is connected to one terminal only. (App=cydsfit)
Info: apr.M0002: Analog signal "Net_6426" is connected to one terminal only. (App=cydsfit)
Info: apr.M0002: Analog signal "Net_6427" is connected to one terminal only. (App=cydsfit)
Info: apr.M0002: Analog signal "Net_6429" is connected to one terminal only. (App=cydsfit)
Info: apr.M0002: Analog signal "Net_6431" is connected to one terminal only. (App=cydsfit)
Info: apr.M0002: Analog signal "Net_6432" is connected to one terminal only. (App=cydsfit)
Info: apr.M0002: Analog signal "Net_6434" is connected to one terminal only. (App=cydsfit)
Info: apr.M0002: Analog signal "Net_6436" is connected to one terminal only. (App=cydsfit)
Info: apr.M0002: Analog signal "Net_6437" is connected to one terminal only. (App=cydsfit)
Info: apr.M0002: Analog signal "Net_6439" is connected to one terminal only. (App=cydsfit)
Info: apr.M0002: Analog signal "Net_6441" is connected to one terminal only. (App=cydsfit)
Info: apr.M0002: Analog signal "Net_6442" is connected to one terminal only. (App=cydsfit)
Info: apr.M0002: Analog signal "Net_6444" is connected to one terminal only. (App=cydsfit)
Info: apr.M0002: Analog signal "Net_6446" is connected to one terminal only. (App=cydsfit)
Info: apr.M0002: Analog signal "Net_6447" is connected to one terminal only. (App=cydsfit)
Info: apr.M0002: Analog signal "Net_6449" is connected to one terminal only. (App=cydsfit)
Info: apr.M0002: Analog signal "Net_6451" is connected to one terminal only. (App=cydsfit)
Info: apr.M0002: Analog signal "Net_6452" is connected to one terminal only. (App=cydsfit)
Info: apr.M0002: Analog signal "Net_6454" is connected to one terminal only. (App=cydsfit)
Info: apr.M0002: Analog signal "Net_6456" is connected to one terminal only. (App=cydsfit)
Info: apr.M0002: Analog signal "Net_6457" is connected to one terminal only. (App=cydsfit)
Info: apr.M0002: Analog signal "Net_6459" is connected to one terminal only. (App=cydsfit)
Info: apr.M0002: Analog signal "Net_6461" is connected to one terminal only. (App=cydsfit)
Info: apr.M0002: Analog signal "Net_6462" is connected to one terminal only. (App=cydsfit)
Info: apr.M0002: Analog signal "Net_6464" is connected to one terminal only. (App=cydsfit)
Info: apr.M0002: Analog signal "Net_6466" is connected to one terminal only. (App=cydsfit)
Info: apr.M0002: Analog signal "Net_6467" is connected to one terminal only. (App=cydsfit)
Info: apr.M0002: Analog signal "Net_6469" is connected to one terminal only. (App=cydsfit)
Info: apr.M0002: Analog signal "Net_6471" is connected to one terminal only. (App=cydsfit)
Info: apr.M0002: Analog signal "Net_6472" is connected to one terminal only. (App=cydsfit)
Info: apr.M0002: Analog signal "Net_6474" is connected to one terminal only. (App=cydsfit)
Info: apr.M0002: Analog signal "Net_6476" is connected to one terminal only. (App=cydsfit)
Info: apr.M0002: Analog signal "Net_6477" is connected to one terminal only. (App=cydsfit)
Info: apr.M0002: Analog signal "Net_6479" is connected to one terminal only. (App=cydsfit)
Info: apr.M0002: Analog signal "Net_6481" is connected to one terminal only. (App=cydsfit)
Info: apr.M0002: Analog signal "Net_6482" is connected to one terminal only. (App=cydsfit)
Info: apr.M0002: Analog signal "Net_6484" is connected to one terminal only. (App=cydsfit)
Info: apr.M0002: Analog signal "Net_6486" is connected to one terminal only. (App=cydsfit)
Info: apr.M0002: Analog signal "Net_6487" is connected to one terminal only. (App=cydsfit)
Info: apr.M0002: Analog signal "Net_6489" is connected to one terminal only. (App=cydsfit)
Info: apr.M0002: Analog signal "Net_6491" is connected to one terminal only. (App=cydsfit)
Info: apr.M0002: Analog signal "Net_6492" is connected to one terminal only. (App=cydsfit)
Info: apr.M0002: Analog signal "Net_6493" is connected to one terminal only. (App=cydsfit)
Info: apr.M0002: Analog signal "Net_6494" is connected to one terminal only. (App=cydsfit)
Info: apr.M0002: Analog signal "Net_6495" is connected to one terminal only. (App=cydsfit)
Info: apr.M0002: Analog signal "Net_6496" is connected to one terminal only. (App=cydsfit)
Info: apr.M0002: Analog signal "Net_6497" is connected to one terminal only. (App=cydsfit)
Info: apr.M0002: Analog signal "Net_6498" is connected to one terminal only. (App=cydsfit)
Info: apr.M0002: Analog signal "Net_6499" is connected to one terminal only. (App=cydsfit)
Info: apr.M0002: Analog signal "Net_6500" is connected to one terminal only. (App=cydsfit)
Info: apr.M0002: Analog signal "Net_6501" is connected to one terminal only. (App=cydsfit)
Info: apr.M0002: Analog signal "Net_6502" is connected to one terminal only. (App=cydsfit)
Info: apr.M0002: Analog signal "Net_6503" is connected to one terminal only. (App=cydsfit)
Info: apr.M0002: Analog signal "Net_6504" is connected to one terminal only. (App=cydsfit)
Info: apr.M0002: Analog signal "Net_6505" is connected to one terminal only. (App=cydsfit)
Info: apr.M0002: Analog signal "Net_6506" is connected to one terminal only. (App=cydsfit)
Info: apr.M0002: Analog signal "Net_6507" is connected to one terminal only. (App=cydsfit)
Analog Routing ...
Analog Code Generation ...
Digital Placement ...
Digital Routing ...
Bitstream Generation ...
Static timing analysis ...
API Generation ...
Dependency Generation ...
Clean Temporary Files ...
arm-none-eabi-gcc.exe -mcpu=cortex-m3 -mthumb -Wno-main -I. -IGenerated_Source\PSoC5 -Wa,-alh=.\CortexM3\ARM_GCC_493\Debug/main.lst -g -D DEBUG -Wall -ffunction-sections -Og -ffat-lto-objects -c .\main.c -o .\CortexM3\ARM_GCC_493\Debug\main.o
.\main.c: In function 'Timer_1_Int_Handler':
.\main.c:299:11: warning: unused variable 'count' [-Wunused-variable]
     uint8 count = Timer_1_ReadStatusRegister();
           ^
.\main.c: In function 'main':
.\main.c:397:9: warning: unused variable 'movement' [-Wunused-variable]
     int movement;
         ^
.\main.c:396:9: warning: unused variable 'index' [-Wunused-variable]
     int index = 0; 
         ^
arm-none-eabi-gcc.exe -mcpu=cortex-m3 -mthumb -Wno-main -I. -IGenerated_Source\PSoC5 -Wa,-alh=.\CortexM3\ARM_GCC_493\Debug/cyfitter_cfg.lst -g -D DEBUG -Wall -ffunction-sections -Og -ffat-lto-objects -c .\Generated_Source\PSoC5\cyfitter_cfg.c -o .\CortexM3\ARM_GCC_493\Debug\cyfitter_cfg.o
arm-none-eabi-gcc.exe -mcpu=cortex-m3 -mthumb -Wno-main -I. -IGenerated_Source\PSoC5 -Wa,-alh=.\CortexM3\ARM_GCC_493\Debug/cymetadata.lst -g -D DEBUG -Wall -ffunction-sections -Og -ffat-lto-objects -c .\Generated_Source\PSoC5\cymetadata.c -o .\CortexM3\ARM_GCC_493\Debug\cymetadata.o
arm-none-eabi-gcc.exe -mcpu=cortex-m3 -mthumb -Wno-main -I. -IGenerated_Source\PSoC5 -Wa,-alh=.\CortexM3\ARM_GCC_493\Debug/Cm3Start.lst -g -D DEBUG -Wall -ffunction-sections -Og -ffat-lto-objects -c .\Generated_Source\PSoC5\Cm3Start.c -o .\CortexM3\ARM_GCC_493\Debug\Cm3Start.o
arm-none-eabi-as.exe -mcpu=cortex-m3 -mthumb -I. -IGenerated_Source\PSoC5 -alh=.\CortexM3\ARM_GCC_493\Debug/CyBootAsmGnu.lst -g -W -o .\CortexM3\ARM_GCC_493\Debug\CyBootAsmGnu.o .\Generated_Source\PSoC5\CyBootAsmGnu.s
arm-none-eabi-gcc.exe -mcpu=cortex-m3 -mthumb -Wno-main -I. -IGenerated_Source\PSoC5 -Wa,-alh=.\CortexM3\ARM_GCC_493\Debug/CyDmac.lst -g -D DEBUG -Wall -ffunction-sections -Og -ffat-lto-objects -c .\Generated_Source\PSoC5\CyDmac.c -o .\CortexM3\ARM_GCC_493\Debug\CyDmac.o
arm-none-eabi-gcc.exe -mcpu=cortex-m3 -mthumb -Wno-main -I. -IGenerated_Source\PSoC5 -Wa,-alh=.\CortexM3\ARM_GCC_493\Debug/CyFlash.lst -g -D DEBUG -Wall -ffunction-sections -Og -ffat-lto-objects -c .\Generated_Source\PSoC5\CyFlash.c -o .\CortexM3\ARM_GCC_493\Debug\CyFlash.o
arm-none-eabi-gcc.exe -mcpu=cortex-m3 -mthumb -Wno-main -I. -IGenerated_Source\PSoC5 -Wa,-alh=.\CortexM3\ARM_GCC_493\Debug/CyLib.lst -g -D DEBUG -Wall -ffunction-sections -Og -ffat-lto-objects -c .\Generated_Source\PSoC5\CyLib.c -o .\CortexM3\ARM_GCC_493\Debug\CyLib.o
arm-none-eabi-gcc.exe -mcpu=cortex-m3 -mthumb -Wno-main -I. -IGenerated_Source\PSoC5 -Wa,-alh=.\CortexM3\ARM_GCC_493\Debug/cyPm.lst -g -D DEBUG -Wall -ffunction-sections -Og -ffat-lto-objects -c .\Generated_Source\PSoC5\cyPm.c -o .\CortexM3\ARM_GCC_493\Debug\cyPm.o
arm-none-eabi-gcc.exe -mcpu=cortex-m3 -mthumb -Wno-main -I. -IGenerated_Source\PSoC5 -Wa,-alh=.\CortexM3\ARM_GCC_493\Debug/CySpc.lst -g -D DEBUG -Wall -ffunction-sections -Og -ffat-lto-objects -c .\Generated_Source\PSoC5\CySpc.c -o .\CortexM3\ARM_GCC_493\Debug\CySpc.o
arm-none-eabi-gcc.exe -mcpu=cortex-m3 -mthumb -Wno-main -I. -IGenerated_Source\PSoC5 -Wa,-alh=.\CortexM3\ARM_GCC_493\Debug/cyutils.lst -g -D DEBUG -Wall -ffunction-sections -Og -ffat-lto-objects -c .\Generated_Source\PSoC5\cyutils.c -o .\CortexM3\ARM_GCC_493\Debug\cyutils.o
arm-none-eabi-gcc.exe -mcpu=cortex-m3 -mthumb -Wno-main -I. -IGenerated_Source\PSoC5 -Wa,-alh=.\CortexM3\ARM_GCC_493\Debug/LED.lst -g -D DEBUG -Wall -ffunction-sections -Og -ffat-lto-objects -c .\Generated_Source\PSoC5\LED.c -o .\CortexM3\ARM_GCC_493\Debug\LED.o
arm-none-eabi-gcc.exe -mcpu=cortex-m3 -mthumb -Wno-main -I. -IGenerated_Source\PSoC5 -Wa,-alh=.\CortexM3\ARM_GCC_493\Debug/ADC_SAR_1.lst -g -D DEBUG -Wall -ffunction-sections -Og -ffat-lto-objects -c .\Generated_Source\PSoC5\ADC_SAR_1.c -o .\CortexM3\ARM_GCC_493\Debug\ADC_SAR_1.o
arm-none-eabi-gcc.exe -mcpu=cortex-m3 -mthumb -Wno-main -I. -IGenerated_Source\PSoC5 -Wa,-alh=.\CortexM3\ARM_GCC_493\Debug/ADC_SAR_1_INT.lst -g -D DEBUG -Wall -ffunction-sections -Og -ffat-lto-objects -c .\Generated_Source\PSoC5\ADC_SAR_1_INT.c -o .\CortexM3\ARM_GCC_493\Debug\ADC_SAR_1_INT.o
arm-none-eabi-gcc.exe -mcpu=cortex-m3 -mthumb -Wno-main -I. -IGenerated_Source\PSoC5 -Wa,-alh=.\CortexM3\ARM_GCC_493\Debug/ADC_SAR_1_PM.lst -g -D DEBUG -Wall -ffunction-sections -Og -ffat-lto-objects -c .\Generated_Source\PSoC5\ADC_SAR_1_PM.c -o .\CortexM3\ARM_GCC_493\Debug\ADC_SAR_1_PM.o
arm-none-eabi-gcc.exe -mcpu=cortex-m3 -mthumb -Wno-main -I. -IGenerated_Source\PSoC5 -Wa,-alh=.\CortexM3\ARM_GCC_493\Debug/ADC_SAR_1_IRQ.lst -g -D DEBUG -Wall -ffunction-sections -Og -ffat-lto-objects -c .\Generated_Source\PSoC5\ADC_SAR_1_IRQ.c -o .\CortexM3\ARM_GCC_493\Debug\ADC_SAR_1_IRQ.o
arm-none-eabi-gcc.exe -mcpu=cortex-m3 -mthumb -Wno-main -I. -IGenerated_Source\PSoC5 -Wa,-alh=.\CortexM3\ARM_GCC_493\Debug/ADC_SAR_1_theACLK.lst -g -D DEBUG -Wall -ffunction-sections -Og -ffat-lto-objects -c .\Generated_Source\PSoC5\ADC_SAR_1_theACLK.c -o .\CortexM3\ARM_GCC_493\Debug\ADC_SAR_1_theACLK.o
arm-none-eabi-gcc.exe -mcpu=cortex-m3 -mthumb -Wno-main -I. -IGenerated_Source\PSoC5 -Wa,-alh=.\CortexM3\ARM_GCC_493\Debug/PWM_1.lst -g -D DEBUG -Wall -ffunction-sections -Og -ffat-lto-objects -c .\Generated_Source\PSoC5\PWM_1.c -o .\CortexM3\ARM_GCC_493\Debug\PWM_1.o
arm-none-eabi-gcc.exe -mcpu=cortex-m3 -mthumb -Wno-main -I. -IGenerated_Source\PSoC5 -Wa,-alh=.\CortexM3\ARM_GCC_493\Debug/PWM_1_PM.lst -g -D DEBUG -Wall -ffunction-sections -Og -ffat-lto-objects -c .\Generated_Source\PSoC5\PWM_1_PM.c -o .\CortexM3\ARM_GCC_493\Debug\PWM_1_PM.o
arm-none-eabi-gcc.exe -mcpu=cortex-m3 -mthumb -Wno-main -I. -IGenerated_Source\PSoC5 -Wa,-alh=.\CortexM3\ARM_GCC_493\Debug/Clock_1.lst -g -D DEBUG -Wall -ffunction-sections -Og -ffat-lto-objects -c .\Generated_Source\PSoC5\Clock_1.c -o .\CortexM3\ARM_GCC_493\Debug\Clock_1.o
arm-none-eabi-gcc.exe -mcpu=cortex-m3 -mthumb -Wno-main -I. -IGenerated_Source\PSoC5 -Wa,-alh=.\CortexM3\ARM_GCC_493\Debug/PWM_2.lst -g -D DEBUG -Wall -ffunction-sections -Og -ffat-lto-objects -c .\Generated_Source\PSoC5\PWM_2.c -o .\CortexM3\ARM_GCC_493\Debug\PWM_2.o
arm-none-eabi-gcc.exe -mcpu=cortex-m3 -mthumb -Wno-main -I. -IGenerated_Source\PSoC5 -Wa,-alh=.\CortexM3\ARM_GCC_493\Debug/PWM_2_PM.lst -g -D DEBUG -Wall -ffunction-sections -Og -ffat-lto-objects -c .\Generated_Source\PSoC5\PWM_2_PM.c -o .\CortexM3\ARM_GCC_493\Debug\PWM_2_PM.o
arm-none-eabi-gcc.exe -mcpu=cortex-m3 -mthumb -Wno-main -I. -IGenerated_Source\PSoC5 -Wa,-alh=.\CortexM3\ARM_GCC_493\Debug/Clock_2.lst -g -D DEBUG -Wall -ffunction-sections -Og -ffat-lto-objects -c .\Generated_Source\PSoC5\Clock_2.c -o .\CortexM3\ARM_GCC_493\Debug\Clock_2.o
arm-none-eabi-gcc.exe -mcpu=cortex-m3 -mthumb -Wno-main -I. -IGenerated_Source\PSoC5 -Wa,-alh=.\CortexM3\ARM_GCC_493\Debug/ADC_SAR_1_ExtVref.lst -g -D DEBUG -Wall -ffunction-sections -Og -ffat-lto-objects -c .\Generated_Source\PSoC5\ADC_SAR_1_ExtVref.c -o .\CortexM3\ARM_GCC_493\Debug\ADC_SAR_1_ExtVref.o
arm-none-eabi-gcc.exe -mcpu=cortex-m3 -mthumb -Wno-main -I. -IGenerated_Source\PSoC5 -Wa,-alh=.\CortexM3\ARM_GCC_493\Debug/PW1_1.lst -g -D DEBUG -Wall -ffunction-sections -Og -ffat-lto-objects -c .\Generated_Source\PSoC5\PW1_1.c -o .\CortexM3\ARM_GCC_493\Debug\PW1_1.o
arm-none-eabi-gcc.exe -mcpu=cortex-m3 -mthumb -Wno-main -I. -IGenerated_Source\PSoC5 -Wa,-alh=.\CortexM3\ARM_GCC_493\Debug/PW1_2.lst -g -D DEBUG -Wall -ffunction-sections -Og -ffat-lto-objects -c .\Generated_Source\PSoC5\PW1_2.c -o .\CortexM3\ARM_GCC_493\Debug\PW1_2.o
arm-none-eabi-gcc.exe -mcpu=cortex-m3 -mthumb -Wno-main -I. -IGenerated_Source\PSoC5 -Wa,-alh=.\CortexM3\ARM_GCC_493\Debug/chA1.lst -g -D DEBUG -Wall -ffunction-sections -Og -ffat-lto-objects -c .\Generated_Source\PSoC5\chA1.c -o .\CortexM3\ARM_GCC_493\Debug\chA1.o
arm-none-eabi-gcc.exe -mcpu=cortex-m3 -mthumb -Wno-main -I. -IGenerated_Source\PSoC5 -Wa,-alh=.\CortexM3\ARM_GCC_493\Debug/chA2.lst -g -D DEBUG -Wall -ffunction-sections -Og -ffat-lto-objects -c .\Generated_Source\PSoC5\chA2.c -o .\CortexM3\ARM_GCC_493\Debug\chA2.o
arm-none-eabi-gcc.exe -mcpu=cortex-m3 -mthumb -Wno-main -I. -IGenerated_Source\PSoC5 -Wa,-alh=.\CortexM3\ARM_GCC_493\Debug/PW2_1.lst -g -D DEBUG -Wall -ffunction-sections -Og -ffat-lto-objects -c .\Generated_Source\PSoC5\PW2_1.c -o .\CortexM3\ARM_GCC_493\Debug\PW2_1.o
arm-none-eabi-gcc.exe -mcpu=cortex-m3 -mthumb -Wno-main -I. -IGenerated_Source\PSoC5 -Wa,-alh=.\CortexM3\ARM_GCC_493\Debug/PW2_2.lst -g -D DEBUG -Wall -ffunction-sections -Og -ffat-lto-objects -c .\Generated_Source\PSoC5\PW2_2.c -o .\CortexM3\ARM_GCC_493\Debug\PW2_2.o
arm-none-eabi-gcc.exe -mcpu=cortex-m3 -mthumb -Wno-main -I. -IGenerated_Source\PSoC5 -Wa,-alh=.\CortexM3\ARM_GCC_493\Debug/Timer_1.lst -g -D DEBUG -Wall -ffunction-sections -Og -ffat-lto-objects -c .\Generated_Source\PSoC5\Timer_1.c -o .\CortexM3\ARM_GCC_493\Debug\Timer_1.o
arm-none-eabi-gcc.exe -mcpu=cortex-m3 -mthumb -Wno-main -I. -IGenerated_Source\PSoC5 -Wa,-alh=.\CortexM3\ARM_GCC_493\Debug/Timer_1_PM.lst -g -D DEBUG -Wall -ffunction-sections -Og -ffat-lto-objects -c .\Generated_Source\PSoC5\Timer_1_PM.c -o .\CortexM3\ARM_GCC_493\Debug\Timer_1_PM.o
arm-none-eabi-gcc.exe -mcpu=cortex-m3 -mthumb -Wno-main -I. -IGenerated_Source\PSoC5 -Wa,-alh=.\CortexM3\ARM_GCC_493\Debug/Timer_2.lst -g -D DEBUG -Wall -ffunction-sections -Og -ffat-lto-objects -c .\Generated_Source\PSoC5\Timer_2.c -o .\CortexM3\ARM_GCC_493\Debug\Timer_2.o
arm-none-eabi-gcc.exe -mcpu=cortex-m3 -mthumb -Wno-main -I. -IGenerated_Source\PSoC5 -Wa,-alh=.\CortexM3\ARM_GCC_493\Debug/Timer_2_PM.lst -g -D DEBUG -Wall -ffunction-sections -Og -ffat-lto-objects -c .\Generated_Source\PSoC5\Timer_2_PM.c -o .\CortexM3\ARM_GCC_493\Debug\Timer_2_PM.o
arm-none-eabi-gcc.exe -mcpu=cortex-m3 -mthumb -Wno-main -I. -IGenerated_Source\PSoC5 -Wa,-alh=.\CortexM3\ARM_GCC_493\Debug/isr_1.lst -g -D DEBUG -Wall -ffunction-sections -Og -ffat-lto-objects -c .\Generated_Source\PSoC5\isr_1.c -o .\CortexM3\ARM_GCC_493\Debug\isr_1.o
arm-none-eabi-gcc.exe -mcpu=cortex-m3 -mthumb -Wno-main -I. -IGenerated_Source\PSoC5 -Wa,-alh=.\CortexM3\ARM_GCC_493\Debug/isr_2.lst -g -D DEBUG -Wall -ffunction-sections -Og -ffat-lto-objects -c .\Generated_Source\PSoC5\isr_2.c -o .\CortexM3\ARM_GCC_493\Debug\isr_2.o
arm-none-eabi-gcc.exe -mcpu=cortex-m3 -mthumb -Wno-main -I. -IGenerated_Source\PSoC5 -Wa,-alh=.\CortexM3\ARM_GCC_493\Debug/QuadDec_1.lst -g -D DEBUG -Wall -ffunction-sections -Og -ffat-lto-objects -c .\Generated_Source\PSoC5\QuadDec_1.c -o .\CortexM3\ARM_GCC_493\Debug\QuadDec_1.o
arm-none-eabi-gcc.exe -mcpu=cortex-m3 -mthumb -Wno-main -I. -IGenerated_Source\PSoC5 -Wa,-alh=.\CortexM3\ARM_GCC_493\Debug/QuadDec_1_PM.lst -g -D DEBUG -Wall -ffunction-sections -Og -ffat-lto-objects -c .\Generated_Source\PSoC5\QuadDec_1_PM.c -o .\CortexM3\ARM_GCC_493\Debug\QuadDec_1_PM.o
arm-none-eabi-gcc.exe -mcpu=cortex-m3 -mthumb -Wno-main -I. -IGenerated_Source\PSoC5 -Wa,-alh=.\CortexM3\ARM_GCC_493\Debug/QuadDec_2.lst -g -D DEBUG -Wall -ffunction-sections -Og -ffat-lto-objects -c .\Generated_Source\PSoC5\QuadDec_2.c -o .\CortexM3\ARM_GCC_493\Debug\QuadDec_2.o
arm-none-eabi-gcc.exe -mcpu=cortex-m3 -mthumb -Wno-main -I. -IGenerated_Source\PSoC5 -Wa,-alh=.\CortexM3\ARM_GCC_493\Debug/QuadDec_2_PM.lst -g -D DEBUG -Wall -ffunction-sections -Og -ffat-lto-objects -c .\Generated_Source\PSoC5\QuadDec_2_PM.c -o .\CortexM3\ARM_GCC_493\Debug\QuadDec_2_PM.o
arm-none-eabi-gcc.exe -mcpu=cortex-m3 -mthumb -Wno-main -I. -IGenerated_Source\PSoC5 -Wa,-alh=.\CortexM3\ARM_GCC_493\Debug/chB1.lst -g -D DEBUG -Wall -ffunction-sections -Og -ffat-lto-objects -c .\Generated_Source\PSoC5\chB1.c -o .\CortexM3\ARM_GCC_493\Debug\chB1.o
arm-none-eabi-gcc.exe -mcpu=cortex-m3 -mthumb -Wno-main -I. -IGenerated_Source\PSoC5 -Wa,-alh=.\CortexM3\ARM_GCC_493\Debug/chB2.lst -g -D DEBUG -Wall -ffunction-sections -Og -ffat-lto-objects -c .\Generated_Source\PSoC5\chB2.c -o .\CortexM3\ARM_GCC_493\Debug\chB2.o
arm-none-eabi-gcc.exe -mcpu=cortex-m3 -mthumb -Wno-main -I. -IGenerated_Source\PSoC5 -Wa,-alh=.\CortexM3\ARM_GCC_493\Debug/QuadDec_1_Cnt8.lst -g -D DEBUG -Wall -ffunction-sections -Og -ffat-lto-objects -c .\Generated_Source\PSoC5\QuadDec_1_Cnt8.c -o .\CortexM3\ARM_GCC_493\Debug\QuadDec_1_Cnt8.o
arm-none-eabi-gcc.exe -mcpu=cortex-m3 -mthumb -Wno-main -I. -IGenerated_Source\PSoC5 -Wa,-alh=.\CortexM3\ARM_GCC_493\Debug/QuadDec_1_Cnt8_PM.lst -g -D DEBUG -Wall -ffunction-sections -Og -ffat-lto-objects -c .\Generated_Source\PSoC5\QuadDec_1_Cnt8_PM.c -o .\CortexM3\ARM_GCC_493\Debug\QuadDec_1_Cnt8_PM.o
arm-none-eabi-gcc.exe -mcpu=cortex-m3 -mthumb -Wno-main -I. -IGenerated_Source\PSoC5 -Wa,-alh=.\CortexM3\ARM_GCC_493\Debug/QuadDec_2_Cnt8.lst -g -D DEBUG -Wall -ffunction-sections -Og -ffat-lto-objects -c .\Generated_Source\PSoC5\QuadDec_2_Cnt8.c -o .\CortexM3\ARM_GCC_493\Debug\QuadDec_2_Cnt8.o
arm-none-eabi-gcc.exe -mcpu=cortex-m3 -mthumb -Wno-main -I. -IGenerated_Source\PSoC5 -Wa,-alh=.\CortexM3\ARM_GCC_493\Debug/QuadDec_2_Cnt8_PM.lst -g -D DEBUG -Wall -ffunction-sections -Og -ffat-lto-objects -c .\Generated_Source\PSoC5\QuadDec_2_Cnt8_PM.c -o .\CortexM3\ARM_GCC_493\Debug\QuadDec_2_Cnt8_PM.o
arm-none-eabi-gcc.exe -mcpu=cortex-m3 -mthumb -Wno-main -I. -IGenerated_Source\PSoC5 -Wa,-alh=.\CortexM3\ARM_GCC_493\Debug/Sensor1.lst -g -D DEBUG -Wall -ffunction-sections -Og -ffat-lto-objects -c .\Generated_Source\PSoC5\Sensor1.c -o .\CortexM3\ARM_GCC_493\Debug\Sensor1.o
arm-none-eabi-gcc.exe -mcpu=cortex-m3 -mthumb -Wno-main -I. -IGenerated_Source\PSoC5 -Wa,-alh=.\CortexM3\ARM_GCC_493\Debug/Sensor2.lst -g -D DEBUG -Wall -ffunction-sections -Og -ffat-lto-objects -c .\Generated_Source\PSoC5\Sensor2.c -o .\CortexM3\ARM_GCC_493\Debug\Sensor2.o
arm-none-eabi-gcc.exe -mcpu=cortex-m3 -mthumb -Wno-main -I. -IGenerated_Source\PSoC5 -Wa,-alh=.\CortexM3\ARM_GCC_493\Debug/Sensor3.lst -g -D DEBUG -Wall -ffunction-sections -Og -ffat-lto-objects -c .\Generated_Source\PSoC5\Sensor3.c -o .\CortexM3\ARM_GCC_493\Debug\Sensor3.o
arm-none-eabi-gcc.exe -mcpu=cortex-m3 -mthumb -Wno-main -I. -IGenerated_Source\PSoC5 -Wa,-alh=.\CortexM3\ARM_GCC_493\Debug/ADC_SAR_Seq_1.lst -g -D DEBUG -Wall -ffunction-sections -Og -ffat-lto-objects -c .\Generated_Source\PSoC5\ADC_SAR_Seq_1.c -o .\CortexM3\ARM_GCC_493\Debug\ADC_SAR_Seq_1.o
arm-none-eabi-gcc.exe -mcpu=cortex-m3 -mthumb -Wno-main -I. -IGenerated_Source\PSoC5 -Wa,-alh=.\CortexM3\ARM_GCC_493\Debug/ADC_SAR_Seq_1_PM.lst -g -D DEBUG -Wall -ffunction-sections -Og -ffat-lto-objects -c .\Generated_Source\PSoC5\ADC_SAR_Seq_1_PM.c -o .\CortexM3\ARM_GCC_493\Debug\ADC_SAR_Seq_1_PM.o
arm-none-eabi-gcc.exe -mcpu=cortex-m3 -mthumb -Wno-main -I. -IGenerated_Source\PSoC5 -Wa,-alh=.\CortexM3\ARM_GCC_493\Debug/ADC_SAR_Seq_1_INT.lst -g -D DEBUG -Wall -ffunction-sections -Og -ffat-lto-objects -c .\Generated_Source\PSoC5\ADC_SAR_Seq_1_INT.c -o .\CortexM3\ARM_GCC_493\Debug\ADC_SAR_Seq_1_INT.o
arm-none-eabi-gcc.exe -mcpu=cortex-m3 -mthumb -Wno-main -I. -IGenerated_Source\PSoC5 -Wa,-alh=.\CortexM3\ARM_GCC_493\Debug/Sensor4.lst -g -D DEBUG -Wall -ffunction-sections -Og -ffat-lto-objects -c .\Generated_Source\PSoC5\Sensor4.c -o .\CortexM3\ARM_GCC_493\Debug\Sensor4.o
arm-none-eabi-gcc.exe -mcpu=cortex-m3 -mthumb -Wno-main -I. -IGenerated_Source\PSoC5 -Wa,-alh=.\CortexM3\ARM_GCC_493\Debug/Sensor5.lst -g -D DEBUG -Wall -ffunction-sections -Og -ffat-lto-objects -c .\Generated_Source\PSoC5\Sensor5.c -o .\CortexM3\ARM_GCC_493\Debug\Sensor5.o
arm-none-eabi-gcc.exe -mcpu=cortex-m3 -mthumb -Wno-main -I. -IGenerated_Source\PSoC5 -Wa,-alh=.\CortexM3\ARM_GCC_493\Debug/ADC_SAR_Seq_1_SAR.lst -g -D DEBUG -Wall -ffunction-sections -Og -ffat-lto-objects -c .\Generated_Source\PSoC5\ADC_SAR_Seq_1_SAR.c -o .\CortexM3\ARM_GCC_493\Debug\ADC_SAR_Seq_1_SAR.o
arm-none-eabi-gcc.exe -mcpu=cortex-m3 -mthumb -Wno-main -I. -IGenerated_Source\PSoC5 -Wa,-alh=.\CortexM3\ARM_GCC_493\Debug/ADC_SAR_Seq_1_SAR_INT.lst -g -D DEBUG -Wall -ffunction-sections -Og -ffat-lto-objects -c .\Generated_Source\PSoC5\ADC_SAR_Seq_1_SAR_INT.c -o .\CortexM3\ARM_GCC_493\Debug\ADC_SAR_Seq_1_SAR_INT.o
arm-none-eabi-gcc.exe -mcpu=cortex-m3 -mthumb -Wno-main -I. -IGenerated_Source\PSoC5 -Wa,-alh=.\CortexM3\ARM_GCC_493\Debug/ADC_SAR_Seq_1_SAR_PM.lst -g -D DEBUG -Wall -ffunction-sections -Og -ffat-lto-objects -c .\Generated_Source\PSoC5\ADC_SAR_Seq_1_SAR_PM.c -o .\CortexM3\ARM_GCC_493\Debug\ADC_SAR_Seq_1_SAR_PM.o
arm-none-eabi-gcc.exe -mcpu=cortex-m3 -mthumb -Wno-main -I. -IGenerated_Source\PSoC5 -Wa,-alh=.\CortexM3\ARM_GCC_493\Debug/ADC_SAR_Seq_1_IntClock.lst -g -D DEBUG -Wall -ffunction-sections -Og -ffat-lto-objects -c .\Generated_Source\PSoC5\ADC_SAR_Seq_1_IntClock.c -o .\CortexM3\ARM_GCC_493\Debug\ADC_SAR_Seq_1_IntClock.o
arm-none-eabi-gcc.exe -mcpu=cortex-m3 -mthumb -Wno-main -I. -IGenerated_Source\PSoC5 -Wa,-alh=.\CortexM3\ARM_GCC_493\Debug/ADC_SAR_Seq_1_TempBuf_dma.lst -g -D DEBUG -Wall -ffunction-sections -Og -ffat-lto-objects -c .\Generated_Source\PSoC5\ADC_SAR_Seq_1_TempBuf_dma.c -o .\CortexM3\ARM_GCC_493\Debug\ADC_SAR_Seq_1_TempBuf_dma.o
arm-none-eabi-gcc.exe -mcpu=cortex-m3 -mthumb -Wno-main -I. -IGenerated_Source\PSoC5 -Wa,-alh=.\CortexM3\ARM_GCC_493\Debug/ADC_SAR_Seq_1_FinalBuf_dma.lst -g -D DEBUG -Wall -ffunction-sections -Og -ffat-lto-objects -c .\Generated_Source\PSoC5\ADC_SAR_Seq_1_FinalBuf_dma.c -o .\CortexM3\ARM_GCC_493\Debug\ADC_SAR_Seq_1_FinalBuf_dma.o
arm-none-eabi-gcc.exe -mcpu=cortex-m3 -mthumb -Wno-main -I. -IGenerated_Source\PSoC5 -Wa,-alh=.\CortexM3\ARM_GCC_493\Debug/ADC_SAR_Seq_1_IRQ.lst -g -D DEBUG -Wall -ffunction-sections -Og -ffat-lto-objects -c .\Generated_Source\PSoC5\ADC_SAR_Seq_1_IRQ.c -o .\CortexM3\ARM_GCC_493\Debug\ADC_SAR_Seq_1_IRQ.o
arm-none-eabi-gcc.exe -mcpu=cortex-m3 -mthumb -Wno-main -I. -IGenerated_Source\PSoC5 -Wa,-alh=.\CortexM3\ARM_GCC_493\Debug/ADC_SAR_Seq_1_SAR_ExtVref.lst -g -D DEBUG -Wall -ffunction-sections -Og -ffat-lto-objects -c .\Generated_Source\PSoC5\ADC_SAR_Seq_1_SAR_ExtVref.c -o .\CortexM3\ARM_GCC_493\Debug\ADC_SAR_Seq_1_SAR_ExtVref.o
arm-none-eabi-gcc.exe -mcpu=cortex-m3 -mthumb -Wno-main -I. -IGenerated_Source\PSoC5 -Wa,-alh=.\CortexM3\ARM_GCC_493\Debug/UART_1.lst -g -D DEBUG -Wall -ffunction-sections -Og -ffat-lto-objects -c .\Generated_Source\PSoC5\UART_1.c -o .\CortexM3\ARM_GCC_493\Debug\UART_1.o
arm-none-eabi-gcc.exe -mcpu=cortex-m3 -mthumb -Wno-main -I. -IGenerated_Source\PSoC5 -Wa,-alh=.\CortexM3\ARM_GCC_493\Debug/UART_1_PM.lst -g -D DEBUG -Wall -ffunction-sections -Og -ffat-lto-objects -c .\Generated_Source\PSoC5\UART_1_PM.c -o .\CortexM3\ARM_GCC_493\Debug\UART_1_PM.o
arm-none-eabi-gcc.exe -mcpu=cortex-m3 -mthumb -Wno-main -I. -IGenerated_Source\PSoC5 -Wa,-alh=.\CortexM3\ARM_GCC_493\Debug/UART_1_INT.lst -g -D DEBUG -Wall -ffunction-sections -Og -ffat-lto-objects -c .\Generated_Source\PSoC5\UART_1_INT.c -o .\CortexM3\ARM_GCC_493\Debug\UART_1_INT.o
arm-none-eabi-gcc.exe -mcpu=cortex-m3 -mthumb -Wno-main -I. -IGenerated_Source\PSoC5 -Wa,-alh=.\CortexM3\ARM_GCC_493\Debug/UART_1_BOOT.lst -g -D DEBUG -Wall -ffunction-sections -Og -ffat-lto-objects -c .\Generated_Source\PSoC5\UART_1_BOOT.c -o .\CortexM3\ARM_GCC_493\Debug\UART_1_BOOT.o
arm-none-eabi-gcc.exe -mcpu=cortex-m3 -mthumb -Wno-main -I. -IGenerated_Source\PSoC5 -Wa,-alh=.\CortexM3\ARM_GCC_493\Debug/UART_1_IntClock.lst -g -D DEBUG -Wall -ffunction-sections -Og -ffat-lto-objects -c .\Generated_Source\PSoC5\UART_1_IntClock.c -o .\CortexM3\ARM_GCC_493\Debug\UART_1_IntClock.o
arm-none-eabi-gcc.exe -mcpu=cortex-m3 -mthumb -Wno-main -I. -IGenerated_Source\PSoC5 -Wa,-alh=.\CortexM3\ARM_GCC_493\Debug/USBUART.lst -g -D DEBUG -Wall -ffunction-sections -Og -ffat-lto-objects -c .\Generated_Source\PSoC5\USBUART.c -o .\CortexM3\ARM_GCC_493\Debug\USBUART.o
arm-none-eabi-gcc.exe -mcpu=cortex-m3 -mthumb -Wno-main -I. -IGenerated_Source\PSoC5 -Wa,-alh=.\CortexM3\ARM_GCC_493\Debug/USBUART_audio.lst -g -D DEBUG -Wall -ffunction-sections -Og -ffat-lto-objects -c .\Generated_Source\PSoC5\USBUART_audio.c -o .\CortexM3\ARM_GCC_493\Debug\USBUART_audio.o
arm-none-eabi-gcc.exe -mcpu=cortex-m3 -mthumb -Wno-main -I. -IGenerated_Source\PSoC5 -Wa,-alh=.\CortexM3\ARM_GCC_493\Debug/USBUART_boot.lst -g -D DEBUG -Wall -ffunction-sections -Og -ffat-lto-objects -c .\Generated_Source\PSoC5\USBUART_boot.c -o .\CortexM3\ARM_GCC_493\Debug\USBUART_boot.o
arm-none-eabi-gcc.exe -mcpu=cortex-m3 -mthumb -Wno-main -I. -IGenerated_Source\PSoC5 -Wa,-alh=.\CortexM3\ARM_GCC_493\Debug/USBUART_cdc.lst -g -D DEBUG -Wall -ffunction-sections -Og -ffat-lto-objects -c .\Generated_Source\PSoC5\USBUART_cdc.c -o .\CortexM3\ARM_GCC_493\Debug\USBUART_cdc.o
arm-none-eabi-gcc.exe -mcpu=cortex-m3 -mthumb -Wno-main -I. -IGenerated_Source\PSoC5 -Wa,-alh=.\CortexM3\ARM_GCC_493\Debug/USBUART_cls.lst -g -D DEBUG -Wall -ffunction-sections -Og -ffat-lto-objects -c .\Generated_Source\PSoC5\USBUART_cls.c -o .\CortexM3\ARM_GCC_493\Debug\USBUART_cls.o
arm-none-eabi-gcc.exe -mcpu=cortex-m3 -mthumb -Wno-main -I. -IGenerated_Source\PSoC5 -Wa,-alh=.\CortexM3\ARM_GCC_493\Debug/USBUART_descr.lst -g -D DEBUG -Wall -ffunction-sections -Og -ffat-lto-objects -c .\Generated_Source\PSoC5\USBUART_descr.c -o .\CortexM3\ARM_GCC_493\Debug\USBUART_descr.o
arm-none-eabi-gcc.exe -mcpu=cortex-m3 -mthumb -Wno-main -I. -IGenerated_Source\PSoC5 -Wa,-alh=.\CortexM3\ARM_GCC_493\Debug/USBUART_drv.lst -g -D DEBUG -Wall -ffunction-sections -Og -ffat-lto-objects -c .\Generated_Source\PSoC5\USBUART_drv.c -o .\CortexM3\ARM_GCC_493\Debug\USBUART_drv.o
arm-none-eabi-gcc.exe -mcpu=cortex-m3 -mthumb -Wno-main -I. -IGenerated_Source\PSoC5 -Wa,-alh=.\CortexM3\ARM_GCC_493\Debug/USBUART_episr.lst -g -D DEBUG -Wall -ffunction-sections -Og -ffat-lto-objects -c .\Generated_Source\PSoC5\USBUART_episr.c -o .\CortexM3\ARM_GCC_493\Debug\USBUART_episr.o
arm-none-eabi-gcc.exe -mcpu=cortex-m3 -mthumb -Wno-main -I. -IGenerated_Source\PSoC5 -Wa,-alh=.\CortexM3\ARM_GCC_493\Debug/USBUART_hid.lst -g -D DEBUG -Wall -ffunction-sections -Og -ffat-lto-objects -c .\Generated_Source\PSoC5\USBUART_hid.c -o .\CortexM3\ARM_GCC_493\Debug\USBUART_hid.o
arm-none-eabi-gcc.exe -mcpu=cortex-m3 -mthumb -Wno-main -I. -IGenerated_Source\PSoC5 -Wa,-alh=.\CortexM3\ARM_GCC_493\Debug/USBUART_pm.lst -g -D DEBUG -Wall -ffunction-sections -Og -ffat-lto-objects -c .\Generated_Source\PSoC5\USBUART_pm.c -o .\CortexM3\ARM_GCC_493\Debug\USBUART_pm.o
arm-none-eabi-gcc.exe -mcpu=cortex-m3 -mthumb -Wno-main -I. -IGenerated_Source\PSoC5 -Wa,-alh=.\CortexM3\ARM_GCC_493\Debug/USBUART_std.lst -g -D DEBUG -Wall -ffunction-sections -Og -ffat-lto-objects -c .\Generated_Source\PSoC5\USBUART_std.c -o .\CortexM3\ARM_GCC_493\Debug\USBUART_std.o
arm-none-eabi-gcc.exe -mcpu=cortex-m3 -mthumb -Wno-main -I. -IGenerated_Source\PSoC5 -Wa,-alh=.\CortexM3\ARM_GCC_493\Debug/USBUART_vnd.lst -g -D DEBUG -Wall -ffunction-sections -Og -ffat-lto-objects -c .\Generated_Source\PSoC5\USBUART_vnd.c -o .\CortexM3\ARM_GCC_493\Debug\USBUART_vnd.o
arm-none-eabi-gcc.exe -mcpu=cortex-m3 -mthumb -Wno-main -I. -IGenerated_Source\PSoC5 -Wa,-alh=.\CortexM3\ARM_GCC_493\Debug/USBUART_midi.lst -g -D DEBUG -Wall -ffunction-sections -Og -ffat-lto-objects -c .\Generated_Source\PSoC5\USBUART_midi.c -o .\CortexM3\ARM_GCC_493\Debug\USBUART_midi.o
arm-none-eabi-gcc.exe -mcpu=cortex-m3 -mthumb -Wno-main -I. -IGenerated_Source\PSoC5 -Wa,-alh=.\CortexM3\ARM_GCC_493\Debug/USBUART_msc.lst -g -D DEBUG -Wall -ffunction-sections -Og -ffat-lto-objects -c .\Generated_Source\PSoC5\USBUART_msc.c -o .\CortexM3\ARM_GCC_493\Debug\USBUART_msc.o
arm-none-eabi-gcc.exe -mcpu=cortex-m3 -mthumb -Wno-main -I. -IGenerated_Source\PSoC5 -Wa,-alh=.\CortexM3\ARM_GCC_493\Debug/USBUART_Dm.lst -g -D DEBUG -Wall -ffunction-sections -Og -ffat-lto-objects -c .\Generated_Source\PSoC5\USBUART_Dm.c -o .\CortexM3\ARM_GCC_493\Debug\USBUART_Dm.o
arm-none-eabi-gcc.exe -mcpu=cortex-m3 -mthumb -Wno-main -I. -IGenerated_Source\PSoC5 -Wa,-alh=.\CortexM3\ARM_GCC_493\Debug/USBUART_Dp.lst -g -D DEBUG -Wall -ffunction-sections -Og -ffat-lto-objects -c .\Generated_Source\PSoC5\USBUART_Dp.c -o .\CortexM3\ARM_GCC_493\Debug\USBUART_Dp.o
arm-none-eabi-gcc.exe -mcpu=cortex-m3 -mthumb -Wno-main -I. -IGenerated_Source\PSoC5 -Wa,-alh=.\CortexM3\ARM_GCC_493\Debug/isr_3.lst -g -D DEBUG -Wall -ffunction-sections -Og -ffat-lto-objects -c .\Generated_Source\PSoC5\isr_3.c -o .\CortexM3\ARM_GCC_493\Debug\isr_3.o
arm-none-eabi-ar.exe -rs .\CortexM3\ARM_GCC_493\Debug\Design01.a .\CortexM3\ARM_GCC_493\Debug\cyfitter_cfg.o .\CortexM3\ARM_GCC_493\Debug\CyBootAsmGnu.o .\CortexM3\ARM_GCC_493\Debug\CyDmac.o .\CortexM3\ARM_GCC_493\Debug\CyFlash.o .\CortexM3\ARM_GCC_493\Debug\CyLib.o .\CortexM3\ARM_GCC_493\Debug\cyPm.o .\CortexM3\ARM_GCC_493\Debug\CySpc.o .\CortexM3\ARM_GCC_493\Debug\cyutils.o .\CortexM3\ARM_GCC_493\Debug\LED.o .\CortexM3\ARM_GCC_493\Debug\ADC_SAR_1.o .\CortexM3\ARM_GCC_493\Debug\ADC_SAR_1_INT.o .\CortexM3\ARM_GCC_493\Debug\ADC_SAR_1_PM.o .\CortexM3\ARM_GCC_493\Debug\ADC_SAR_1_IRQ.o .\CortexM3\ARM_GCC_493\Debug\ADC_SAR_1_theACLK.o .\CortexM3\ARM_GCC_493\Debug\PWM_1.o .\CortexM3\ARM_GCC_493\Debug\PWM_1_PM.o .\CortexM3\ARM_GCC_493\Debug\Clock_1.o .\CortexM3\ARM_GCC_493\Debug\PWM_2.o .\CortexM3\ARM_GCC_493\Debug\PWM_2_PM.o .\CortexM3\ARM_GCC_493\Debug\Clock_2.o .\CortexM3\ARM_GCC_493\Debug\ADC_SAR_1_ExtVref.o .\CortexM3\ARM_GCC_493\Debug\PW1_1.o .\CortexM3\ARM_GCC_493\Debug\PW1_2.o .\CortexM3\ARM_GCC_493\Debug\chA1.o .\CortexM3\ARM_GCC_493\Debug\chA2.o .\CortexM3\ARM_GCC_493\Debug\PW2_1.o .\CortexM3\ARM_GCC_493\Debug\PW2_2.o .\CortexM3\ARM_GCC_493\Debug\Timer_1.o .\CortexM3\ARM_GCC_493\Debug\Timer_1_PM.o .\CortexM3\ARM_GCC_493\Debug\Timer_2.o .\CortexM3\ARM_GCC_493\Debug\Timer_2_PM.o .\CortexM3\ARM_GCC_493\Debug\isr_1.o .\CortexM3\ARM_GCC_493\Debug\isr_2.o .\CortexM3\ARM_GCC_493\Debug\QuadDec_1.o .\CortexM3\ARM_GCC_493\Debug\QuadDec_1_PM.o .\CortexM3\ARM_GCC_493\Debug\QuadDec_2.o .\CortexM3\ARM_GCC_493\Debug\QuadDec_2_PM.o .\CortexM3\ARM_GCC_493\Debug\chB1.o .\CortexM3\ARM_GCC_493\Debug\chB2.o .\CortexM3\ARM_GCC_493\Debug\QuadDec_1_Cnt8.o .\CortexM3\ARM_GCC_493\Debug\QuadDec_1_Cnt8_PM.o .\CortexM3\ARM_GCC_493\Debug\QuadDec_2_Cnt8.o .\CortexM3\ARM_GCC_493\Debug\QuadDec_2_Cnt8_PM.o .\CortexM3\ARM_GCC_493\Debug\Sensor1.o .\CortexM3\ARM_GCC_493\Debug\Sensor2.o .\CortexM3\ARM_GCC_493\Debug\Sensor3.o .\CortexM3\ARM_GCC_493\Debug\ADC_SAR_Seq_1.o .\CortexM3\ARM_GCC_493\Debug\ADC_SAR_Seq_1_PM.o .\CortexM3\ARM_GCC_493\Debug\ADC_SAR_Seq_1_INT.o .\CortexM3\ARM_GCC_493\Debug\Sensor4.o .\CortexM3\ARM_GCC_493\Debug\Sensor5.o .\CortexM3\ARM_GCC_493\Debug\ADC_SAR_Seq_1_SAR.o .\CortexM3\ARM_GCC_493\Debug\ADC_SAR_Seq_1_SAR_INT.o .\CortexM3\ARM_GCC_493\Debug\ADC_SAR_Seq_1_SAR_PM.o .\CortexM3\ARM_GCC_493\Debug\ADC_SAR_Seq_1_IntClock.o .\CortexM3\ARM_GCC_493\Debug\ADC_SAR_Seq_1_TempBuf_dma.o .\CortexM3\ARM_GCC_493\Debug\ADC_SAR_Seq_1_FinalBuf_dma.o .\CortexM3\ARM_GCC_493\Debug\ADC_SAR_Seq_1_IRQ.o .\CortexM3\ARM_GCC_493\Debug\ADC_SAR_Seq_1_SAR_ExtVref.o .\CortexM3\ARM_GCC_493\Debug\UART_1.o .\CortexM3\ARM_GCC_493\Debug\UART_1_PM.o .\CortexM3\ARM_GCC_493\Debug\UART_1_INT.o .\CortexM3\ARM_GCC_493\Debug\UART_1_BOOT.o .\CortexM3\ARM_GCC_493\Debug\UART_1_IntClock.o .\CortexM3\ARM_GCC_493\Debug\USBUART.o .\CortexM3\ARM_GCC_493\Debug\USBUART_audio.o .\CortexM3\ARM_GCC_493\Debug\USBUART_boot.o .\CortexM3\ARM_GCC_493\Debug\USBUART_cdc.o .\CortexM3\ARM_GCC_493\Debug\USBUART_cls.o .\CortexM3\ARM_GCC_493\Debug\USBUART_descr.o .\CortexM3\ARM_GCC_493\Debug\USBUART_drv.o .\CortexM3\ARM_GCC_493\Debug\USBUART_episr.o .\CortexM3\ARM_GCC_493\Debug\USBUART_hid.o .\CortexM3\ARM_GCC_493\Debug\USBUART_pm.o .\CortexM3\ARM_GCC_493\Debug\USBUART_std.o .\CortexM3\ARM_GCC_493\Debug\USBUART_vnd.o .\CortexM3\ARM_GCC_493\Debug\USBUART_midi.o .\CortexM3\ARM_GCC_493\Debug\USBUART_msc.o .\CortexM3\ARM_GCC_493\Debug\USBUART_Dm.o .\CortexM3\ARM_GCC_493\Debug\USBUART_Dp.o .\CortexM3\ARM_GCC_493\Debug\isr_3.o
arm-none-eabi-ar.exe: creating .\CortexM3\ARM_GCC_493\Debug\Design01.a
arm-none-eabi-gcc.exe -Wl,--start-group -o .\CortexM3\ARM_GCC_493\Debug\Design01.elf .\CortexM3\ARM_GCC_493\Debug\main.o .\CortexM3\ARM_GCC_493\Debug\linkedlist.o .\CortexM3\ARM_GCC_493\Debug\cymetadata.o .\CortexM3\ARM_GCC_493\Debug\Cm3Start.o .\CortexM3\ARM_GCC_493\Debug\Design01.a "C:\Program Files (x86)\Cypress\PSoC Creator\3.3\PSoC Creator\psoc\content\cycomponentlibrary\CyComponentLibrary.cylib\CortexM3\ARM_GCC_493\Debug\CyComponentLibrary.a" -mcpu=cortex-m3 -mthumb -g -ffunction-sections -Og -ffat-lto-objects -L Generated_Source\PSoC5 -Wl,-Map,.\CortexM3\ARM_GCC_493\Debug/Design01.map -T Generated_Source\PSoC5\cm3gcc.ld -specs=nano.specs -Wl,--gc-sections -Wl,--end-group
cyelftool.exe -C D:\Group3\PacMan-Robot\301_Group_3_Software\PSOC_code_T1\Workspace01\Design01.cydsn\CortexM3\ARM_GCC_493\Debug\Design01.elf --flash_row_size 256 --flash_size 262144
cyelftool.exe -S D:\Group3\PacMan-Robot\301_Group_3_Software\PSOC_code_T1\Workspace01\Design01.cydsn\CortexM3\ARM_GCC_493\Debug\Design01.elf
Flash used: 11776 of 262144 bytes (4.5%).
SRAM used: 2933 of 65536 bytes (4.5%). Stack: 2048 bytes. Heap: 128 bytes.
--------------- Build Succeeded: 09/02/2019 18:35:11 ---------------
