ARM GAS  C:\Users\bwil410\AppData\Local\Temp\cczuyAdM.s 			page 1


   1              		.syntax unified
   2              		.cpu cortex-m3
   3              		.fpu softvfp
   4              		.eabi_attribute 20, 1
   5              		.eabi_attribute 21, 1
   6              		.eabi_attribute 23, 3
   7              		.eabi_attribute 24, 1
   8              		.eabi_attribute 25, 1
   9              		.eabi_attribute 26, 1
  10              		.eabi_attribute 30, 1
  11              		.eabi_attribute 34, 1
  12              		.eabi_attribute 18, 4
  13              		.thumb
  14              		.file	"linkedlist.c"
  15              		.text
  16              	.Ltext0:
  17              		.cfi_sections	.debug_frame
  18              		.section	.text.createlinkedlist,"ax",%progbits
  19              		.align	2
  20              		.global	createlinkedlist
  21              		.thumb
  22              		.thumb_func
  23              		.type	createlinkedlist, %function
  24              	createlinkedlist:
  25              	.LFB0:
  26              		.file 1 ".\\linkedlist.c"
   1:.\linkedlist.c **** /* ========================================
   2:.\linkedlist.c ****  *
   3:.\linkedlist.c ****  * Copyright YOUR COMPANY, THE YEAR
   4:.\linkedlist.c ****  * All Rights Reserved
   5:.\linkedlist.c ****  * UNPUBLISHED, LICENSED SOFTWARE.
   6:.\linkedlist.c ****  *
   7:.\linkedlist.c ****  * CONFIDENTIAL AND PROPRIETARY INFORMATION
   8:.\linkedlist.c ****  * WHICH IS THE PROPERTY OF your company.
   9:.\linkedlist.c ****  *
  10:.\linkedlist.c ****  * ========================================
  11:.\linkedlist.c **** */
  12:.\linkedlist.c **** #include <stdlib.h>
  13:.\linkedlist.c **** #include <linkedlist.h>
  14:.\linkedlist.c **** #define INVALID 4294967295
  15:.\linkedlist.c **** 	
  16:.\linkedlist.c **** void createlinkedlist(linkedlist * ll, int data){
  27              		.loc 1 16 0
  28              		.cfi_startproc
  29              		@ args = 0, pretend = 0, frame = 0
  30              		@ frame_needed = 0, uses_anonymous_args = 0
  31              	.LVL0:
  32 0000 38B5     		push	{r3, r4, r5, lr}
  33              		.cfi_def_cfa_offset 16
  34              		.cfi_offset 3, -16
  35              		.cfi_offset 4, -12
  36              		.cfi_offset 5, -8
  37              		.cfi_offset 14, -4
  38 0002 0446     		mov	r4, r0
  39 0004 0D46     		mov	r5, r1
  17:.\linkedlist.c ****         ll->head = NULL;
  40              		.loc 1 17 0
ARM GAS  C:\Users\bwil410\AppData\Local\Temp\cczuyAdM.s 			page 2


  41 0006 0023     		movs	r3, #0
  42 0008 0360     		str	r3, [r0]
  18:.\linkedlist.c **** 		ll->head = malloc(sizeof(node));
  43              		.loc 1 18 0
  44 000a 0820     		movs	r0, #8
  45              	.LVL1:
  46 000c FFF7FEFF 		bl	malloc
  47              	.LVL2:
  48 0010 2060     		str	r0, [r4]
  19:.\linkedlist.c **** 		if (ll->head == NULL){
  49              		.loc 1 19 0
  50 0012 18B1     		cbz	r0, .L1
  20:.\linkedlist.c **** 			return;
  21:.\linkedlist.c **** 		}
  22:.\linkedlist.c **** 		ll->head->data = data;
  51              		.loc 1 22 0
  52 0014 0560     		str	r5, [r0]
  23:.\linkedlist.c **** 		ll->head->next = NULL;
  53              		.loc 1 23 0
  54 0016 2368     		ldr	r3, [r4]
  55 0018 0022     		movs	r2, #0
  56 001a 5A60     		str	r2, [r3, #4]
  57              	.L1:
  58 001c 38BD     		pop	{r3, r4, r5, pc}
  59              		.cfi_endproc
  60              	.LFE0:
  61              		.size	createlinkedlist, .-createlinkedlist
  62 001e 00BF     		.section	.text.addfirst,"ax",%progbits
  63              		.align	2
  64              		.global	addfirst
  65              		.thumb
  66              		.thumb_func
  67              		.type	addfirst, %function
  68              	addfirst:
  69              	.LFB1:
  24:.\linkedlist.c **** }
  25:.\linkedlist.c **** 
  26:.\linkedlist.c **** void addfirst(linkedlist * ll , int data){
  70              		.loc 1 26 0
  71              		.cfi_startproc
  72              		@ args = 0, pretend = 0, frame = 0
  73              		@ frame_needed = 0, uses_anonymous_args = 0
  74              	.LVL3:
  75 0000 38B5     		push	{r3, r4, r5, lr}
  76              		.cfi_def_cfa_offset 16
  77              		.cfi_offset 3, -16
  78              		.cfi_offset 4, -12
  79              		.cfi_offset 5, -8
  80              		.cfi_offset 14, -4
  81 0002 0446     		mov	r4, r0
  82 0004 0D46     		mov	r5, r1
  27:.\linkedlist.c **** 	node *newn;
  28:.\linkedlist.c **** 	newn = malloc(sizeof(node));
  83              		.loc 1 28 0
  84 0006 0820     		movs	r0, #8
  85              	.LVL4:
  86 0008 FFF7FEFF 		bl	malloc
ARM GAS  C:\Users\bwil410\AppData\Local\Temp\cczuyAdM.s 			page 3


  87              	.LVL5:
  29:.\linkedlist.c **** 	if (newn == NULL){
  88              		.loc 1 29 0
  89 000c 18B1     		cbz	r0, .L4
  30:.\linkedlist.c **** 		return;
  31:.\linkedlist.c **** 	}
  32:.\linkedlist.c **** 	newn->data = data;
  90              		.loc 1 32 0
  91 000e 0560     		str	r5, [r0]
  33:.\linkedlist.c **** 	newn->next = ll->head;
  92              		.loc 1 33 0
  93 0010 2268     		ldr	r2, [r4]
  94 0012 4260     		str	r2, [r0, #4]
  34:.\linkedlist.c **** 	ll->head = newn;
  95              		.loc 1 34 0
  96 0014 2060     		str	r0, [r4]
  97              	.L4:
  98 0016 38BD     		pop	{r3, r4, r5, pc}
  99              		.cfi_endproc
 100              	.LFE1:
 101              		.size	addfirst, .-addfirst
 102              		.section	.text.getfirst,"ax",%progbits
 103              		.align	2
 104              		.global	getfirst
 105              		.thumb
 106              		.thumb_func
 107              		.type	getfirst, %function
 108              	getfirst:
 109              	.LFB4:
  35:.\linkedlist.c **** }
  36:.\linkedlist.c **** 
  37:.\linkedlist.c **** void addat(linkedlist * ll, int data , int index){
  38:.\linkedlist.c **** 	if(index == 0){
  39:.\linkedlist.c **** 		addfirst(ll,data);
  40:.\linkedlist.c **** 		return;
  41:.\linkedlist.c **** 	}
  42:.\linkedlist.c **** 	node * previous = nodeat(ll->head, index-1);
  43:.\linkedlist.c **** 	if(previous->data == INVALID){
  44:.\linkedlist.c **** 		return;
  45:.\linkedlist.c **** 	}
  46:.\linkedlist.c **** 	node *newn = malloc(sizeof(node));
  47:.\linkedlist.c **** 	newn->next = previous->next;
  48:.\linkedlist.c **** 	newn->data=data;
  49:.\linkedlist.c **** 	previous->next=newn;
  50:.\linkedlist.c **** }
  51:.\linkedlist.c **** 
  52:.\linkedlist.c **** void addlast(linkedlist * ll,int data){
  53:.\linkedlist.c **** 	node * last = nodelast(ll->head);
  54:.\linkedlist.c **** 	last->next = malloc(sizeof(node));
  55:.\linkedlist.c **** 	last->next->data = data;
  56:.\linkedlist.c **** 	last->next->next = NULL;
  57:.\linkedlist.c **** }
  58:.\linkedlist.c **** 
  59:.\linkedlist.c **** int getfirst(linkedlist * ll){
 110              		.loc 1 59 0
 111              		.cfi_startproc
 112              		@ args = 0, pretend = 0, frame = 0
ARM GAS  C:\Users\bwil410\AppData\Local\Temp\cczuyAdM.s 			page 4


 113              		@ frame_needed = 0, uses_anonymous_args = 0
 114              		@ link register save eliminated.
 115              	.LVL6:
  60:.\linkedlist.c **** 	return ll->head->data;
 116              		.loc 1 60 0
 117 0000 0368     		ldr	r3, [r0]
  61:.\linkedlist.c **** }
 118              		.loc 1 61 0
 119 0002 1868     		ldr	r0, [r3]
 120              	.LVL7:
 121 0004 7047     		bx	lr
 122              		.cfi_endproc
 123              	.LFE4:
 124              		.size	getfirst, .-getfirst
 125 0006 00BF     		.section	.text.removefirst,"ax",%progbits
 126              		.align	2
 127              		.global	removefirst
 128              		.thumb
 129              		.thumb_func
 130              		.type	removefirst, %function
 131              	removefirst:
 132              	.LFB7:
  62:.\linkedlist.c **** 
  63:.\linkedlist.c **** int getat(linkedlist * ll, int index){
  64:.\linkedlist.c **** 	node * current = nodeat(ll->head, index);
  65:.\linkedlist.c **** 	return current->data;
  66:.\linkedlist.c **** }
  67:.\linkedlist.c **** 
  68:.\linkedlist.c **** int getlast(linkedlist * ll){
  69:.\linkedlist.c **** 	node *last = nodelast(ll->head);
  70:.\linkedlist.c **** 	return last->data;
  71:.\linkedlist.c **** }
  72:.\linkedlist.c **** 
  73:.\linkedlist.c **** void removefirst(linkedlist * ll){
 133              		.loc 1 73 0
 134              		.cfi_startproc
 135              		@ args = 0, pretend = 0, frame = 0
 136              		@ frame_needed = 0, uses_anonymous_args = 0
 137              	.LVL8:
 138 0000 38B5     		push	{r3, r4, r5, lr}
 139              		.cfi_def_cfa_offset 16
 140              		.cfi_offset 3, -16
 141              		.cfi_offset 4, -12
 142              		.cfi_offset 5, -8
 143              		.cfi_offset 14, -4
  74:.\linkedlist.c **** 	node *second = ll->head->next;
 144              		.loc 1 74 0
 145 0002 0368     		ldr	r3, [r0]
 146 0004 5D68     		ldr	r5, [r3, #4]
 147              	.LVL9:
  75:.\linkedlist.c **** 	if (second == NULL){
 148              		.loc 1 75 0
 149 0006 25B1     		cbz	r5, .L8
 150 0008 0446     		mov	r4, r0
  76:.\linkedlist.c **** 		return;
  77:.\linkedlist.c **** 	}
  78:.\linkedlist.c **** 	free(ll->head);
ARM GAS  C:\Users\bwil410\AppData\Local\Temp\cczuyAdM.s 			page 5


 151              		.loc 1 78 0
 152 000a 1846     		mov	r0, r3
 153              	.LVL10:
 154 000c FFF7FEFF 		bl	free
 155              	.LVL11:
  79:.\linkedlist.c **** 	ll->head = second;
 156              		.loc 1 79 0
 157 0010 2560     		str	r5, [r4]
 158              	.LVL12:
 159              	.L8:
 160 0012 38BD     		pop	{r3, r4, r5, pc}
 161              		.cfi_endproc
 162              	.LFE7:
 163              		.size	removefirst, .-removefirst
 164              		.section	.text.nodeat,"ax",%progbits
 165              		.align	2
 166              		.global	nodeat
 167              		.thumb
 168              		.thumb_func
 169              		.type	nodeat, %function
 170              	nodeat:
 171              	.LFB9:
  80:.\linkedlist.c **** }
  81:.\linkedlist.c **** 
  82:.\linkedlist.c **** void removelast(linkedlist * ll){
  83:.\linkedlist.c **** 	if (ll->head->next == NULL){
  84:.\linkedlist.c ****         return;
  85:.\linkedlist.c **** 	}
  86:.\linkedlist.c **** 	node * secondlast = nodesecondlast(ll->head);
  87:.\linkedlist.c **** 	free(secondlast->next);
  88:.\linkedlist.c **** 	secondlast->next = NULL;
  89:.\linkedlist.c **** }
  90:.\linkedlist.c **** 
  91:.\linkedlist.c **** 
  92:.\linkedlist.c **** /*
  93:.\linkedlist.c **** 
  94:.\linkedlist.c **** Helper functions!
  95:.\linkedlist.c **** 
  96:.\linkedlist.c **** */
  97:.\linkedlist.c **** 
  98:.\linkedlist.c **** node * nodeat(node * current, int index){
 172              		.loc 1 98 0
 173              		.cfi_startproc
 174              		@ args = 0, pretend = 0, frame = 0
 175              		@ frame_needed = 0, uses_anonymous_args = 0
 176              		@ link register save eliminated.
 177              	.LVL13:
  99:.\linkedlist.c ****     int i = 0;
 178              		.loc 1 99 0
 179 0000 0023     		movs	r3, #0
 100:.\linkedlist.c **** 	while(i < index){
 180              		.loc 1 100 0
 181 0002 0BE0     		b	.L12
 182              	.LVL14:
 183              	.L15:
 101:.\linkedlist.c **** 		current = current->next;
 184              		.loc 1 101 0
ARM GAS  C:\Users\bwil410\AppData\Local\Temp\cczuyAdM.s 			page 6


 185 0004 4068     		ldr	r0, [r0, #4]
 186              	.LVL15:
 102:.\linkedlist.c **** 		if (current->next == NULL && i != index-1){
 187              		.loc 1 102 0
 188 0006 4268     		ldr	r2, [r0, #4]
 189 0008 3AB9     		cbnz	r2, .L13
 190              		.loc 1 102 0 is_stmt 0 discriminator 1
 191 000a 4A1E     		subs	r2, r1, #1
 192 000c 9A42     		cmp	r2, r3
 193 000e 04D0     		beq	.L13
 194              	.LBB2:
 103:.\linkedlist.c ****             node * invalid;
 104:.\linkedlist.c ****             invalid->data = INVALID;
 195              		.loc 1 104 0 is_stmt 1
 196 0010 0020     		movs	r0, #0
 197              	.LVL16:
 198 0012 4FF0FF33 		mov	r3, #-1
 199              	.LVL17:
 200 0016 0360     		str	r3, [r0]
 105:.\linkedlist.c **** 			return invalid;
 201              		.loc 1 105 0
 202 0018 7047     		bx	lr
 203              	.LVL18:
 204              	.L13:
 205              	.LBE2:
 106:.\linkedlist.c **** 		}
 107:.\linkedlist.c ****         i++;
 206              		.loc 1 107 0
 207 001a 0133     		adds	r3, r3, #1
 208              	.LVL19:
 209              	.L12:
 100:.\linkedlist.c **** 		current = current->next;
 210              		.loc 1 100 0
 211 001c 8B42     		cmp	r3, r1
 212 001e F1DB     		blt	.L15
 108:.\linkedlist.c **** 	}
 109:.\linkedlist.c **** 	return current;
 110:.\linkedlist.c **** }
 213              		.loc 1 110 0
 214 0020 7047     		bx	lr
 215              		.cfi_endproc
 216              	.LFE9:
 217              		.size	nodeat, .-nodeat
 218 0022 00BF     		.section	.text.addat,"ax",%progbits
 219              		.align	2
 220              		.global	addat
 221              		.thumb
 222              		.thumb_func
 223              		.type	addat, %function
 224              	addat:
 225              	.LFB2:
  37:.\linkedlist.c **** 	if(index == 0){
 226              		.loc 1 37 0
 227              		.cfi_startproc
 228              		@ args = 0, pretend = 0, frame = 0
 229              		@ frame_needed = 0, uses_anonymous_args = 0
 230              	.LVL20:
ARM GAS  C:\Users\bwil410\AppData\Local\Temp\cczuyAdM.s 			page 7


 231 0000 38B5     		push	{r3, r4, r5, lr}
 232              		.cfi_def_cfa_offset 16
 233              		.cfi_offset 3, -16
 234              		.cfi_offset 4, -12
 235              		.cfi_offset 5, -8
 236              		.cfi_offset 14, -4
 237 0002 0D46     		mov	r5, r1
  38:.\linkedlist.c **** 		addfirst(ll,data);
 238              		.loc 1 38 0
 239 0004 12B9     		cbnz	r2, .L17
  39:.\linkedlist.c **** 		return;
 240              		.loc 1 39 0
 241 0006 FFF7FEFF 		bl	addfirst
 242              	.LVL21:
  40:.\linkedlist.c **** 	}
 243              		.loc 1 40 0
 244 000a 38BD     		pop	{r3, r4, r5, pc}
 245              	.LVL22:
 246              	.L17:
  42:.\linkedlist.c **** 	if(previous->data == INVALID){
 247              		.loc 1 42 0
 248 000c 0068     		ldr	r0, [r0]
 249              	.LVL23:
 250 000e 511E     		subs	r1, r2, #1
 251              	.LVL24:
 252 0010 FFF7FEFF 		bl	nodeat
 253              	.LVL25:
 254 0014 0446     		mov	r4, r0
 255              	.LVL26:
  43:.\linkedlist.c **** 		return;
 256              		.loc 1 43 0
 257 0016 0368     		ldr	r3, [r0]
 258 0018 B3F1FF3F 		cmp	r3, #-1
 259 001c 06D0     		beq	.L16
  46:.\linkedlist.c **** 	newn->next = previous->next;
 260              		.loc 1 46 0
 261 001e 0820     		movs	r0, #8
 262              	.LVL27:
 263 0020 FFF7FEFF 		bl	malloc
 264              	.LVL28:
  47:.\linkedlist.c **** 	newn->data=data;
 265              		.loc 1 47 0
 266 0024 6368     		ldr	r3, [r4, #4]
 267 0026 4360     		str	r3, [r0, #4]
  48:.\linkedlist.c **** 	previous->next=newn;
 268              		.loc 1 48 0
 269 0028 0560     		str	r5, [r0]
  49:.\linkedlist.c **** }
 270              		.loc 1 49 0
 271 002a 6060     		str	r0, [r4, #4]
 272              	.LVL29:
 273              	.L16:
 274 002c 38BD     		pop	{r3, r4, r5, pc}
 275              		.cfi_endproc
 276              	.LFE2:
 277              		.size	addat, .-addat
 278 002e 00BF     		.section	.text.getat,"ax",%progbits
ARM GAS  C:\Users\bwil410\AppData\Local\Temp\cczuyAdM.s 			page 8


 279              		.align	2
 280              		.global	getat
 281              		.thumb
 282              		.thumb_func
 283              		.type	getat, %function
 284              	getat:
 285              	.LFB5:
  63:.\linkedlist.c **** 	node * current = nodeat(ll->head, index);
 286              		.loc 1 63 0
 287              		.cfi_startproc
 288              		@ args = 0, pretend = 0, frame = 0
 289              		@ frame_needed = 0, uses_anonymous_args = 0
 290              	.LVL30:
 291 0000 08B5     		push	{r3, lr}
 292              		.cfi_def_cfa_offset 8
 293              		.cfi_offset 3, -8
 294              		.cfi_offset 14, -4
  64:.\linkedlist.c **** 	return current->data;
 295              		.loc 1 64 0
 296 0002 0068     		ldr	r0, [r0]
 297              	.LVL31:
 298 0004 FFF7FEFF 		bl	nodeat
 299              	.LVL32:
  66:.\linkedlist.c **** 
 300              		.loc 1 66 0
 301 0008 0068     		ldr	r0, [r0]
 302              	.LVL33:
 303 000a 08BD     		pop	{r3, pc}
 304              		.cfi_endproc
 305              	.LFE5:
 306              		.size	getat, .-getat
 307              		.section	.text.nodesecondlast,"ax",%progbits
 308              		.align	2
 309              		.global	nodesecondlast
 310              		.thumb
 311              		.thumb_func
 312              		.type	nodesecondlast, %function
 313              	nodesecondlast:
 314              	.LFB10:
 111:.\linkedlist.c **** 
 112:.\linkedlist.c **** node * nodesecondlast(node * current){
 315              		.loc 1 112 0
 316              		.cfi_startproc
 317              		@ args = 0, pretend = 0, frame = 0
 318              		@ frame_needed = 0, uses_anonymous_args = 0
 319              		@ link register save eliminated.
 320              	.LVL34:
 113:.\linkedlist.c **** 	while(current->next->next != NULL){
 321              		.loc 1 113 0
 322 0000 00E0     		b	.L23
 323              	.L24:
 114:.\linkedlist.c **** 		current = current->next;
 324              		.loc 1 114 0
 325 0002 1846     		mov	r0, r3
 326              	.LVL35:
 327              	.L23:
 113:.\linkedlist.c **** 	while(current->next->next != NULL){
ARM GAS  C:\Users\bwil410\AppData\Local\Temp\cczuyAdM.s 			page 9


 328              		.loc 1 113 0
 329 0004 4368     		ldr	r3, [r0, #4]
 330 0006 5A68     		ldr	r2, [r3, #4]
 331 0008 002A     		cmp	r2, #0
 332 000a FAD1     		bne	.L24
 115:.\linkedlist.c **** 	}
 116:.\linkedlist.c **** 	return current;
 117:.\linkedlist.c **** }
 333              		.loc 1 117 0
 334 000c 7047     		bx	lr
 335              		.cfi_endproc
 336              	.LFE10:
 337              		.size	nodesecondlast, .-nodesecondlast
 338 000e 00BF     		.section	.text.removelast,"ax",%progbits
 339              		.align	2
 340              		.global	removelast
 341              		.thumb
 342              		.thumb_func
 343              		.type	removelast, %function
 344              	removelast:
 345              	.LFB8:
  82:.\linkedlist.c **** 	if (ll->head->next == NULL){
 346              		.loc 1 82 0
 347              		.cfi_startproc
 348              		@ args = 0, pretend = 0, frame = 0
 349              		@ frame_needed = 0, uses_anonymous_args = 0
 350              	.LVL36:
  83:.\linkedlist.c ****         return;
 351              		.loc 1 83 0
 352 0000 0068     		ldr	r0, [r0]
 353              	.LVL37:
 354 0002 4368     		ldr	r3, [r0, #4]
 355 0004 4BB1     		cbz	r3, .L28
  82:.\linkedlist.c **** 	if (ll->head->next == NULL){
 356              		.loc 1 82 0
 357 0006 10B5     		push	{r4, lr}
 358              		.cfi_def_cfa_offset 8
 359              		.cfi_offset 4, -8
 360              		.cfi_offset 14, -4
  86:.\linkedlist.c **** 	free(secondlast->next);
 361              		.loc 1 86 0
 362 0008 FFF7FEFF 		bl	nodesecondlast
 363              	.LVL38:
 364 000c 0446     		mov	r4, r0
 365              	.LVL39:
  87:.\linkedlist.c **** 	secondlast->next = NULL;
 366              		.loc 1 87 0
 367 000e 4068     		ldr	r0, [r0, #4]
 368              	.LVL40:
 369 0010 FFF7FEFF 		bl	free
 370              	.LVL41:
  88:.\linkedlist.c **** }
 371              		.loc 1 88 0
 372 0014 0023     		movs	r3, #0
 373 0016 6360     		str	r3, [r4, #4]
 374 0018 10BD     		pop	{r4, pc}
 375              	.LVL42:
ARM GAS  C:\Users\bwil410\AppData\Local\Temp\cczuyAdM.s 			page 10


 376              	.L28:
 377              		.cfi_def_cfa_offset 0
 378              		.cfi_restore 4
 379              		.cfi_restore 14
 380 001a 7047     		bx	lr
 381              		.cfi_endproc
 382              	.LFE8:
 383              		.size	removelast, .-removelast
 384              		.section	.text.nodelast,"ax",%progbits
 385              		.align	2
 386              		.global	nodelast
 387              		.thumb
 388              		.thumb_func
 389              		.type	nodelast, %function
 390              	nodelast:
 391              	.LFB11:
 118:.\linkedlist.c **** 
 119:.\linkedlist.c **** node * nodelast(node * current){
 392              		.loc 1 119 0
 393              		.cfi_startproc
 394              		@ args = 0, pretend = 0, frame = 0
 395              		@ frame_needed = 0, uses_anonymous_args = 0
 396              		@ link register save eliminated.
 397              	.LVL43:
 120:.\linkedlist.c **** 	while(current->next != NULL){
 398              		.loc 1 120 0
 399 0000 00E0     		b	.L30
 400              	.L31:
 121:.\linkedlist.c **** 		current = current->next;
 401              		.loc 1 121 0
 402 0002 1846     		mov	r0, r3
 403              	.LVL44:
 404              	.L30:
 120:.\linkedlist.c **** 	while(current->next != NULL){
 405              		.loc 1 120 0
 406 0004 4368     		ldr	r3, [r0, #4]
 407 0006 002B     		cmp	r3, #0
 408 0008 FBD1     		bne	.L31
 122:.\linkedlist.c **** 	}
 123:.\linkedlist.c **** 	return current;
 124:.\linkedlist.c **** }
 409              		.loc 1 124 0
 410 000a 7047     		bx	lr
 411              		.cfi_endproc
 412              	.LFE11:
 413              		.size	nodelast, .-nodelast
 414              		.section	.text.addlast,"ax",%progbits
 415              		.align	2
 416              		.global	addlast
 417              		.thumb
 418              		.thumb_func
 419              		.type	addlast, %function
 420              	addlast:
 421              	.LFB3:
  52:.\linkedlist.c **** 	node * last = nodelast(ll->head);
 422              		.loc 1 52 0
 423              		.cfi_startproc
ARM GAS  C:\Users\bwil410\AppData\Local\Temp\cczuyAdM.s 			page 11


 424              		@ args = 0, pretend = 0, frame = 0
 425              		@ frame_needed = 0, uses_anonymous_args = 0
 426              	.LVL45:
 427 0000 38B5     		push	{r3, r4, r5, lr}
 428              		.cfi_def_cfa_offset 16
 429              		.cfi_offset 3, -16
 430              		.cfi_offset 4, -12
 431              		.cfi_offset 5, -8
 432              		.cfi_offset 14, -4
 433 0002 0D46     		mov	r5, r1
  53:.\linkedlist.c **** 	last->next = malloc(sizeof(node));
 434              		.loc 1 53 0
 435 0004 0068     		ldr	r0, [r0]
 436              	.LVL46:
 437 0006 FFF7FEFF 		bl	nodelast
 438              	.LVL47:
 439 000a 0446     		mov	r4, r0
 440              	.LVL48:
  54:.\linkedlist.c **** 	last->next->data = data;
 441              		.loc 1 54 0
 442 000c 0820     		movs	r0, #8
 443              	.LVL49:
 444 000e FFF7FEFF 		bl	malloc
 445              	.LVL50:
 446 0012 6060     		str	r0, [r4, #4]
  55:.\linkedlist.c **** 	last->next->next = NULL;
 447              		.loc 1 55 0
 448 0014 0560     		str	r5, [r0]
  56:.\linkedlist.c **** }
 449              		.loc 1 56 0
 450 0016 6368     		ldr	r3, [r4, #4]
 451 0018 0022     		movs	r2, #0
 452 001a 5A60     		str	r2, [r3, #4]
 453 001c 38BD     		pop	{r3, r4, r5, pc}
 454              		.cfi_endproc
 455              	.LFE3:
 456              		.size	addlast, .-addlast
 457 001e 00BF     		.section	.text.getlast,"ax",%progbits
 458              		.align	2
 459              		.global	getlast
 460              		.thumb
 461              		.thumb_func
 462              		.type	getlast, %function
 463              	getlast:
 464              	.LFB6:
  68:.\linkedlist.c **** 	node *last = nodelast(ll->head);
 465              		.loc 1 68 0
 466              		.cfi_startproc
 467              		@ args = 0, pretend = 0, frame = 0
 468              		@ frame_needed = 0, uses_anonymous_args = 0
 469              	.LVL51:
 470 0000 08B5     		push	{r3, lr}
 471              		.cfi_def_cfa_offset 8
 472              		.cfi_offset 3, -8
 473              		.cfi_offset 14, -4
  69:.\linkedlist.c **** 	return last->data;
 474              		.loc 1 69 0
ARM GAS  C:\Users\bwil410\AppData\Local\Temp\cczuyAdM.s 			page 12


 475 0002 0068     		ldr	r0, [r0]
 476              	.LVL52:
 477 0004 FFF7FEFF 		bl	nodelast
 478              	.LVL53:
  71:.\linkedlist.c **** 
 479              		.loc 1 71 0
 480 0008 0068     		ldr	r0, [r0]
 481              	.LVL54:
 482 000a 08BD     		pop	{r3, pc}
 483              		.cfi_endproc
 484              	.LFE6:
 485              		.size	getlast, .-getlast
 486              		.section	.text.printlist,"ax",%progbits
 487              		.align	2
 488              		.global	printlist
 489              		.thumb
 490              		.thumb_func
 491              		.type	printlist, %function
 492              	printlist:
 493              	.LFB12:
 125:.\linkedlist.c **** 
 126:.\linkedlist.c **** 
 127:.\linkedlist.c **** /*
 128:.\linkedlist.c ****     Test Methods
 129:.\linkedlist.c **** */
 130:.\linkedlist.c **** 
 131:.\linkedlist.c **** void printlist(linkedlist * ll){
 494              		.loc 1 131 0
 495              		.cfi_startproc
 496              		@ args = 0, pretend = 0, frame = 0
 497              		@ frame_needed = 0, uses_anonymous_args = 0
 498              	.LVL55:
 499 0000 10B5     		push	{r4, lr}
 500              		.cfi_def_cfa_offset 8
 501              		.cfi_offset 4, -8
 502              		.cfi_offset 14, -4
 132:.\linkedlist.c **** 	node *current = ll->head;
 503              		.loc 1 132 0
 504 0002 0468     		ldr	r4, [r0]
 505              	.LVL56:
 133:.\linkedlist.c **** 	while(current->next != NULL){
 506              		.loc 1 133 0
 507 0004 06E0     		b	.L37
 508              	.LVL57:
 509              	.L38:
 510              	.LBB3:
 134:.\linkedlist.c **** 		printf(current->data);
 511              		.loc 1 134 0
 512 0006 2068     		ldr	r0, [r4]
 513 0008 FFF7FEFF 		bl	printf
 514              	.LVL58:
 135:.\linkedlist.c **** 		printf("/n");
 515              		.loc 1 135 0
 516 000c 0548     		ldr	r0, .L40
 517 000e FFF7FEFF 		bl	printf
 518              	.LVL59:
 136:.\linkedlist.c **** 		current = current->next;
ARM GAS  C:\Users\bwil410\AppData\Local\Temp\cczuyAdM.s 			page 13


 519              		.loc 1 136 0
 520 0012 6468     		ldr	r4, [r4, #4]
 521              	.LVL60:
 522              	.L37:
 523              	.LBE3:
 133:.\linkedlist.c **** 		printf(current->data);
 524              		.loc 1 133 0
 525 0014 6368     		ldr	r3, [r4, #4]
 526 0016 002B     		cmp	r3, #0
 527 0018 F5D1     		bne	.L38
 137:.\linkedlist.c **** 	}
 138:.\linkedlist.c **** 	printf(current->data);
 528              		.loc 1 138 0
 529 001a 2068     		ldr	r0, [r4]
 530 001c FFF7FEFF 		bl	printf
 531              	.LVL61:
 532 0020 10BD     		pop	{r4, pc}
 533              	.LVL62:
 534              	.L41:
 535 0022 00BF     		.align	2
 536              	.L40:
 537 0024 00000000 		.word	.LC0
 538              		.cfi_endproc
 539              	.LFE12:
 540              		.size	printlist, .-printlist
 541              		.section	.rodata.str1.4,"aMS",%progbits,1
 542              		.align	2
 543              	.LC0:
 544 0000 2F6E00   		.ascii	"/n\000"
 545 0003 00       		.text
 546              	.Letext0:
 547              		.file 2 "./linkedlist.h"
 548              		.file 3 "c:\\program files (x86)\\cypress\\psoc creator\\3.3\\psoc creator\\import\\gnu\\arm\\4.9.
 549              		.file 4 "<built-in>"
 550              		.file 5 "c:\\program files (x86)\\cypress\\psoc creator\\3.3\\psoc creator\\import\\gnu\\arm\\4.9.
 551              		.section	.debug_info,"",%progbits
 552              	.Ldebug_info0:
 553 0000 34050000 		.4byte	0x534
 554 0004 0400     		.2byte	0x4
 555 0006 00000000 		.4byte	.Ldebug_abbrev0
 556 000a 04       		.byte	0x4
 557 000b 01       		.uleb128 0x1
 558 000c F3000000 		.4byte	.LASF41
 559 0010 01       		.byte	0x1
 560 0011 D0000000 		.4byte	.LASF42
 561 0015 06000000 		.4byte	.LASF43
 562 0019 00000000 		.4byte	.Ldebug_ranges0+0
 563 001d 00000000 		.4byte	0
 564 0021 00000000 		.4byte	.Ldebug_line0
 565 0025 02       		.uleb128 0x2
 566 0026 5A000000 		.4byte	.LASF13
 567 002a 03       		.byte	0x3
 568 002b D4       		.byte	0xd4
 569 002c 30000000 		.4byte	0x30
 570 0030 03       		.uleb128 0x3
 571 0031 04       		.byte	0x4
 572 0032 07       		.byte	0x7
ARM GAS  C:\Users\bwil410\AppData\Local\Temp\cczuyAdM.s 			page 14


 573 0033 81010000 		.4byte	.LASF0
 574 0037 04       		.uleb128 0x4
 575 0038 04       		.byte	0x4
 576 0039 05       		.byte	0x5
 577 003a 696E7400 		.ascii	"int\000"
 578 003e 03       		.uleb128 0x3
 579 003f 01       		.byte	0x1
 580 0040 06       		.byte	0x6
 581 0041 33020000 		.4byte	.LASF1
 582 0045 03       		.uleb128 0x3
 583 0046 01       		.byte	0x1
 584 0047 08       		.byte	0x8
 585 0048 7A000000 		.4byte	.LASF2
 586 004c 03       		.uleb128 0x3
 587 004d 02       		.byte	0x2
 588 004e 05       		.byte	0x5
 589 004f F7010000 		.4byte	.LASF3
 590 0053 03       		.uleb128 0x3
 591 0054 02       		.byte	0x2
 592 0055 07       		.byte	0x7
 593 0056 A5000000 		.4byte	.LASF4
 594 005a 03       		.uleb128 0x3
 595 005b 04       		.byte	0x4
 596 005c 05       		.byte	0x5
 597 005d 21020000 		.4byte	.LASF5
 598 0061 03       		.uleb128 0x3
 599 0062 04       		.byte	0x4
 600 0063 07       		.byte	0x7
 601 0064 93000000 		.4byte	.LASF6
 602 0068 03       		.uleb128 0x3
 603 0069 08       		.byte	0x8
 604 006a 05       		.byte	0x5
 605 006b BB010000 		.4byte	.LASF7
 606 006f 03       		.uleb128 0x3
 607 0070 08       		.byte	0x8
 608 0071 07       		.byte	0x7
 609 0072 8E010000 		.4byte	.LASF8
 610 0076 03       		.uleb128 0x3
 611 0077 04       		.byte	0x4
 612 0078 07       		.byte	0x7
 613 0079 AD010000 		.4byte	.LASF9
 614 007d 05       		.uleb128 0x5
 615 007e 04       		.byte	0x4
 616 007f 03       		.uleb128 0x3
 617 0080 01       		.byte	0x1
 618 0081 08       		.byte	0x8
 619 0082 C9010000 		.4byte	.LASF10
 620 0086 06       		.uleb128 0x6
 621 0087 04       		.byte	0x4
 622 0088 8C000000 		.4byte	0x8c
 623 008c 07       		.uleb128 0x7
 624 008d 7F000000 		.4byte	0x7f
 625 0091 08       		.uleb128 0x8
 626 0092 09020000 		.4byte	.LASF14
 627 0096 08       		.byte	0x8
 628 0097 02       		.byte	0x2
 629 0098 0E       		.byte	0xe
ARM GAS  C:\Users\bwil410\AppData\Local\Temp\cczuyAdM.s 			page 15


 630 0099 B6000000 		.4byte	0xb6
 631 009d 09       		.uleb128 0x9
 632 009e 75000000 		.4byte	.LASF11
 633 00a2 02       		.byte	0x2
 634 00a3 0F       		.byte	0xf
 635 00a4 37000000 		.4byte	0x37
 636 00a8 00       		.byte	0
 637 00a9 09       		.uleb128 0x9
 638 00aa 61000000 		.4byte	.LASF12
 639 00ae 02       		.byte	0x2
 640 00af 10       		.byte	0x10
 641 00b0 B6000000 		.4byte	0xb6
 642 00b4 04       		.byte	0x4
 643 00b5 00       		.byte	0
 644 00b6 06       		.uleb128 0x6
 645 00b7 04       		.byte	0x4
 646 00b8 91000000 		.4byte	0x91
 647 00bc 02       		.uleb128 0x2
 648 00bd 09020000 		.4byte	.LASF14
 649 00c1 02       		.byte	0x2
 650 00c2 11       		.byte	0x11
 651 00c3 91000000 		.4byte	0x91
 652 00c7 08       		.uleb128 0x8
 653 00c8 CE010000 		.4byte	.LASF15
 654 00cc 04       		.byte	0x4
 655 00cd 02       		.byte	0x2
 656 00ce 13       		.byte	0x13
 657 00cf E0000000 		.4byte	0xe0
 658 00d3 09       		.uleb128 0x9
 659 00d4 E8000000 		.4byte	.LASF16
 660 00d8 02       		.byte	0x2
 661 00d9 14       		.byte	0x14
 662 00da E0000000 		.4byte	0xe0
 663 00de 00       		.byte	0
 664 00df 00       		.byte	0
 665 00e0 06       		.uleb128 0x6
 666 00e1 04       		.byte	0x4
 667 00e2 BC000000 		.4byte	0xbc
 668 00e6 02       		.uleb128 0x2
 669 00e7 CE010000 		.4byte	.LASF15
 670 00eb 02       		.byte	0x2
 671 00ec 15       		.byte	0x15
 672 00ed C7000000 		.4byte	0xc7
 673 00f1 0A       		.uleb128 0xa
 674 00f2 B8000000 		.4byte	.LASF17
 675 00f6 01       		.byte	0x1
 676 00f7 10       		.byte	0x10
 677 00f8 00000000 		.4byte	.LFB0
 678 00fc 1E000000 		.4byte	.LFE0-.LFB0
 679 0100 01       		.uleb128 0x1
 680 0101 9C       		.byte	0x9c
 681 0102 33010000 		.4byte	0x133
 682 0106 0B       		.uleb128 0xb
 683 0107 6C6C00   		.ascii	"ll\000"
 684 010a 01       		.byte	0x1
 685 010b 10       		.byte	0x10
 686 010c 33010000 		.4byte	0x133
ARM GAS  C:\Users\bwil410\AppData\Local\Temp\cczuyAdM.s 			page 16


 687 0110 00000000 		.4byte	.LLST0
 688 0114 0C       		.uleb128 0xc
 689 0115 75000000 		.4byte	.LASF11
 690 0119 01       		.byte	0x1
 691 011a 10       		.byte	0x10
 692 011b 37000000 		.4byte	0x37
 693 011f 1E000000 		.4byte	.LLST1
 694 0123 0D       		.uleb128 0xd
 695 0124 10000000 		.4byte	.LVL2
 696 0128 FF040000 		.4byte	0x4ff
 697 012c 0E       		.uleb128 0xe
 698 012d 01       		.uleb128 0x1
 699 012e 50       		.byte	0x50
 700 012f 01       		.uleb128 0x1
 701 0130 38       		.byte	0x38
 702 0131 00       		.byte	0
 703 0132 00       		.byte	0
 704 0133 06       		.uleb128 0x6
 705 0134 04       		.byte	0x4
 706 0135 E6000000 		.4byte	0xe6
 707 0139 0A       		.uleb128 0xa
 708 013a 18020000 		.4byte	.LASF18
 709 013e 01       		.byte	0x1
 710 013f 1A       		.byte	0x1a
 711 0140 00000000 		.4byte	.LFB1
 712 0144 18000000 		.4byte	.LFE1-.LFB1
 713 0148 01       		.uleb128 0x1
 714 0149 9C       		.byte	0x9c
 715 014a 88010000 		.4byte	0x188
 716 014e 0B       		.uleb128 0xb
 717 014f 6C6C00   		.ascii	"ll\000"
 718 0152 01       		.byte	0x1
 719 0153 1A       		.byte	0x1a
 720 0154 33010000 		.4byte	0x133
 721 0158 3C000000 		.4byte	.LLST2
 722 015c 0C       		.uleb128 0xc
 723 015d 75000000 		.4byte	.LASF11
 724 0161 01       		.byte	0x1
 725 0162 1A       		.byte	0x1a
 726 0163 37000000 		.4byte	0x37
 727 0167 5A000000 		.4byte	.LLST3
 728 016b 0F       		.uleb128 0xf
 729 016c E6010000 		.4byte	.LASF20
 730 0170 01       		.byte	0x1
 731 0171 1B       		.byte	0x1b
 732 0172 E0000000 		.4byte	0xe0
 733 0176 01       		.uleb128 0x1
 734 0177 50       		.byte	0x50
 735 0178 0D       		.uleb128 0xd
 736 0179 0C000000 		.4byte	.LVL5
 737 017d FF040000 		.4byte	0x4ff
 738 0181 0E       		.uleb128 0xe
 739 0182 01       		.uleb128 0x1
 740 0183 50       		.byte	0x50
 741 0184 01       		.uleb128 0x1
 742 0185 38       		.byte	0x38
 743 0186 00       		.byte	0
ARM GAS  C:\Users\bwil410\AppData\Local\Temp\cczuyAdM.s 			page 17


 744 0187 00       		.byte	0
 745 0188 10       		.uleb128 0x10
 746 0189 4A020000 		.4byte	.LASF22
 747 018d 01       		.byte	0x1
 748 018e 3B       		.byte	0x3b
 749 018f 37000000 		.4byte	0x37
 750 0193 00000000 		.4byte	.LFB4
 751 0197 06000000 		.4byte	.LFE4-.LFB4
 752 019b 01       		.uleb128 0x1
 753 019c 9C       		.byte	0x9c
 754 019d B0010000 		.4byte	0x1b0
 755 01a1 0B       		.uleb128 0xb
 756 01a2 6C6C00   		.ascii	"ll\000"
 757 01a5 01       		.byte	0x1
 758 01a6 3B       		.byte	0x3b
 759 01a7 33010000 		.4byte	0x133
 760 01ab 78000000 		.4byte	.LLST4
 761 01af 00       		.byte	0
 762 01b0 0A       		.uleb128 0xa
 763 01b1 EB010000 		.4byte	.LASF19
 764 01b5 01       		.byte	0x1
 765 01b6 49       		.byte	0x49
 766 01b7 00000000 		.4byte	.LFB7
 767 01bb 14000000 		.4byte	.LFE7-.LFB7
 768 01bf 01       		.uleb128 0x1
 769 01c0 9C       		.byte	0x9c
 770 01c1 EA010000 		.4byte	0x1ea
 771 01c5 0B       		.uleb128 0xb
 772 01c6 6C6C00   		.ascii	"ll\000"
 773 01c9 01       		.byte	0x1
 774 01ca 49       		.byte	0x49
 775 01cb 33010000 		.4byte	0x133
 776 01cf 99000000 		.4byte	.LLST5
 777 01d3 0F       		.uleb128 0xf
 778 01d4 C9000000 		.4byte	.LASF21
 779 01d8 01       		.byte	0x1
 780 01d9 4A       		.byte	0x4a
 781 01da E0000000 		.4byte	0xe0
 782 01de 01       		.uleb128 0x1
 783 01df 55       		.byte	0x55
 784 01e0 11       		.uleb128 0x11
 785 01e1 10000000 		.4byte	.LVL11
 786 01e5 14050000 		.4byte	0x514
 787 01e9 00       		.byte	0
 788 01ea 10       		.uleb128 0x10
 789 01eb 6E000000 		.4byte	.LASF23
 790 01ef 01       		.byte	0x1
 791 01f0 62       		.byte	0x62
 792 01f1 E0000000 		.4byte	0xe0
 793 01f5 00000000 		.4byte	.LFB9
 794 01f9 22000000 		.4byte	.LFE9-.LFB9
 795 01fd 01       		.uleb128 0x1
 796 01fe 9C       		.byte	0x9c
 797 01ff 44020000 		.4byte	0x244
 798 0203 0C       		.uleb128 0xc
 799 0204 01020000 		.4byte	.LASF24
 800 0208 01       		.byte	0x1
ARM GAS  C:\Users\bwil410\AppData\Local\Temp\cczuyAdM.s 			page 18


 801 0209 62       		.byte	0x62
 802 020a E0000000 		.4byte	0xe0
 803 020e C5000000 		.4byte	.LLST6
 804 0212 12       		.uleb128 0x12
 805 0213 00000000 		.4byte	.LASF25
 806 0217 01       		.byte	0x1
 807 0218 62       		.byte	0x62
 808 0219 37000000 		.4byte	0x37
 809 021d 01       		.uleb128 0x1
 810 021e 51       		.byte	0x51
 811 021f 13       		.uleb128 0x13
 812 0220 6900     		.ascii	"i\000"
 813 0222 01       		.byte	0x1
 814 0223 63       		.byte	0x63
 815 0224 37000000 		.4byte	0x37
 816 0228 EE000000 		.4byte	.LLST7
 817 022c 14       		.uleb128 0x14
 818 022d 10000000 		.4byte	.LBB2
 819 0231 0A000000 		.4byte	.LBE2-.LBB2
 820 0235 0F       		.uleb128 0xf
 821 0236 66000000 		.4byte	.LASF26
 822 023a 01       		.byte	0x1
 823 023b 67       		.byte	0x67
 824 023c E0000000 		.4byte	0xe0
 825 0240 01       		.uleb128 0x1
 826 0241 50       		.byte	0x50
 827 0242 00       		.byte	0
 828 0243 00       		.byte	0
 829 0244 0A       		.uleb128 0xa
 830 0245 ED000000 		.4byte	.LASF27
 831 0249 01       		.byte	0x1
 832 024a 25       		.byte	0x25
 833 024b 00000000 		.4byte	.LFB2
 834 024f 2E000000 		.4byte	.LFE2-.LFB2
 835 0253 01       		.uleb128 0x1
 836 0254 9C       		.byte	0x9c
 837 0255 E5020000 		.4byte	0x2e5
 838 0259 0B       		.uleb128 0xb
 839 025a 6C6C00   		.ascii	"ll\000"
 840 025d 01       		.byte	0x1
 841 025e 25       		.byte	0x25
 842 025f 33010000 		.4byte	0x133
 843 0263 18010000 		.4byte	.LLST8
 844 0267 0C       		.uleb128 0xc
 845 0268 75000000 		.4byte	.LASF11
 846 026c 01       		.byte	0x1
 847 026d 25       		.byte	0x25
 848 026e 37000000 		.4byte	0x37
 849 0272 52010000 		.4byte	.LLST9
 850 0276 0C       		.uleb128 0xc
 851 0277 00000000 		.4byte	.LASF25
 852 027b 01       		.byte	0x1
 853 027c 25       		.byte	0x25
 854 027d 37000000 		.4byte	0x37
 855 0281 86010000 		.4byte	.LLST10
 856 0285 15       		.uleb128 0x15
 857 0286 DF000000 		.4byte	.LASF28
ARM GAS  C:\Users\bwil410\AppData\Local\Temp\cczuyAdM.s 			page 19


 858 028a 01       		.byte	0x1
 859 028b 2A       		.byte	0x2a
 860 028c E0000000 		.4byte	0xe0
 861 0290 C0010000 		.4byte	.LLST11
 862 0294 15       		.uleb128 0x15
 863 0295 E6010000 		.4byte	.LASF20
 864 0299 01       		.byte	0x1
 865 029a 2E       		.byte	0x2e
 866 029b E0000000 		.4byte	0xe0
 867 029f DE010000 		.4byte	.LLST12
 868 02a3 16       		.uleb128 0x16
 869 02a4 0A000000 		.4byte	.LVL21
 870 02a8 39010000 		.4byte	0x139
 871 02ac BE020000 		.4byte	0x2be
 872 02b0 0E       		.uleb128 0xe
 873 02b1 01       		.uleb128 0x1
 874 02b2 51       		.byte	0x51
 875 02b3 02       		.uleb128 0x2
 876 02b4 75       		.byte	0x75
 877 02b5 00       		.sleb128 0
 878 02b6 0E       		.uleb128 0xe
 879 02b7 01       		.uleb128 0x1
 880 02b8 50       		.byte	0x50
 881 02b9 03       		.uleb128 0x3
 882 02ba F3       		.byte	0xf3
 883 02bb 01       		.uleb128 0x1
 884 02bc 50       		.byte	0x50
 885 02bd 00       		.byte	0
 886 02be 16       		.uleb128 0x16
 887 02bf 14000000 		.4byte	.LVL25
 888 02c3 EA010000 		.4byte	0x1ea
 889 02c7 D5020000 		.4byte	0x2d5
 890 02cb 0E       		.uleb128 0xe
 891 02cc 01       		.uleb128 0x1
 892 02cd 51       		.byte	0x51
 893 02ce 05       		.uleb128 0x5
 894 02cf F3       		.byte	0xf3
 895 02d0 01       		.uleb128 0x1
 896 02d1 52       		.byte	0x52
 897 02d2 31       		.byte	0x31
 898 02d3 1C       		.byte	0x1c
 899 02d4 00       		.byte	0
 900 02d5 0D       		.uleb128 0xd
 901 02d6 24000000 		.4byte	.LVL28
 902 02da FF040000 		.4byte	0x4ff
 903 02de 0E       		.uleb128 0xe
 904 02df 01       		.uleb128 0x1
 905 02e0 50       		.byte	0x50
 906 02e1 01       		.uleb128 0x1
 907 02e2 38       		.byte	0x38
 908 02e3 00       		.byte	0
 909 02e4 00       		.byte	0
 910 02e5 10       		.uleb128 0x10
 911 02e6 D9010000 		.4byte	.LASF29
 912 02ea 01       		.byte	0x1
 913 02eb 3F       		.byte	0x3f
 914 02ec 37000000 		.4byte	0x37
ARM GAS  C:\Users\bwil410\AppData\Local\Temp\cczuyAdM.s 			page 20


 915 02f0 00000000 		.4byte	.LFB5
 916 02f4 0C000000 		.4byte	.LFE5-.LFB5
 917 02f8 01       		.uleb128 0x1
 918 02f9 9C       		.byte	0x9c
 919 02fa 3C030000 		.4byte	0x33c
 920 02fe 0B       		.uleb128 0xb
 921 02ff 6C6C00   		.ascii	"ll\000"
 922 0302 01       		.byte	0x1
 923 0303 3F       		.byte	0x3f
 924 0304 33010000 		.4byte	0x133
 925 0308 F1010000 		.4byte	.LLST13
 926 030c 0C       		.uleb128 0xc
 927 030d 00000000 		.4byte	.LASF25
 928 0311 01       		.byte	0x1
 929 0312 3F       		.byte	0x3f
 930 0313 37000000 		.4byte	0x37
 931 0317 12020000 		.4byte	.LLST14
 932 031b 15       		.uleb128 0x15
 933 031c 01020000 		.4byte	.LASF24
 934 0320 01       		.byte	0x1
 935 0321 40       		.byte	0x40
 936 0322 E0000000 		.4byte	0xe0
 937 0326 33020000 		.4byte	.LLST15
 938 032a 0D       		.uleb128 0xd
 939 032b 08000000 		.4byte	.LVL32
 940 032f EA010000 		.4byte	0x1ea
 941 0333 0E       		.uleb128 0xe
 942 0334 01       		.uleb128 0x1
 943 0335 51       		.byte	0x51
 944 0336 03       		.uleb128 0x3
 945 0337 F3       		.byte	0xf3
 946 0338 01       		.uleb128 0x1
 947 0339 51       		.byte	0x51
 948 033a 00       		.byte	0
 949 033b 00       		.byte	0
 950 033c 10       		.uleb128 0x10
 951 033d 67020000 		.4byte	.LASF30
 952 0341 01       		.byte	0x1
 953 0342 70       		.byte	0x70
 954 0343 E0000000 		.4byte	0xe0
 955 0347 00000000 		.4byte	.LFB10
 956 034b 0E000000 		.4byte	.LFE10-.LFB10
 957 034f 01       		.uleb128 0x1
 958 0350 9C       		.byte	0x9c
 959 0351 65030000 		.4byte	0x365
 960 0355 0C       		.uleb128 0xc
 961 0356 01020000 		.4byte	.LASF24
 962 035a 01       		.byte	0x1
 963 035b 70       		.byte	0x70
 964 035c E0000000 		.4byte	0xe0
 965 0360 46020000 		.4byte	.LLST16
 966 0364 00       		.byte	0
 967 0365 0A       		.uleb128 0xa
 968 0366 88000000 		.4byte	.LASF31
 969 036a 01       		.byte	0x1
 970 036b 52       		.byte	0x52
 971 036c 00000000 		.4byte	.LFB8
ARM GAS  C:\Users\bwil410\AppData\Local\Temp\cczuyAdM.s 			page 21


 972 0370 1C000000 		.4byte	.LFE8-.LFB8
 973 0374 01       		.uleb128 0x1
 974 0375 9C       		.byte	0x9c
 975 0376 AA030000 		.4byte	0x3aa
 976 037a 0B       		.uleb128 0xb
 977 037b 6C6C00   		.ascii	"ll\000"
 978 037e 01       		.byte	0x1
 979 037f 52       		.byte	0x52
 980 0380 33010000 		.4byte	0x133
 981 0384 64020000 		.4byte	.LLST17
 982 0388 15       		.uleb128 0x15
 983 0389 3F020000 		.4byte	.LASF32
 984 038d 01       		.byte	0x1
 985 038e 56       		.byte	0x56
 986 038f E0000000 		.4byte	0xe0
 987 0393 85020000 		.4byte	.LLST18
 988 0397 11       		.uleb128 0x11
 989 0398 0C000000 		.4byte	.LVL38
 990 039c 3C030000 		.4byte	0x33c
 991 03a0 11       		.uleb128 0x11
 992 03a1 14000000 		.4byte	.LVL41
 993 03a5 14050000 		.4byte	0x514
 994 03a9 00       		.byte	0
 995 03aa 10       		.uleb128 0x10
 996 03ab 2A020000 		.4byte	.LASF33
 997 03af 01       		.byte	0x1
 998 03b0 77       		.byte	0x77
 999 03b1 E0000000 		.4byte	0xe0
 1000 03b5 00000000 		.4byte	.LFB11
 1001 03b9 0C000000 		.4byte	.LFE11-.LFB11
 1002 03bd 01       		.uleb128 0x1
 1003 03be 9C       		.byte	0x9c
 1004 03bf D3030000 		.4byte	0x3d3
 1005 03c3 0C       		.uleb128 0xc
 1006 03c4 01020000 		.4byte	.LASF24
 1007 03c8 01       		.byte	0x1
 1008 03c9 77       		.byte	0x77
 1009 03ca E0000000 		.4byte	0xe0
 1010 03ce A3020000 		.4byte	.LLST19
 1011 03d2 00       		.byte	0
 1012 03d3 0A       		.uleb128 0xa
 1013 03d4 53020000 		.4byte	.LASF34
 1014 03d8 01       		.byte	0x1
 1015 03d9 34       		.byte	0x34
 1016 03da 00000000 		.4byte	.LFB3
 1017 03de 1E000000 		.4byte	.LFE3-.LFB3
 1018 03e2 01       		.uleb128 0x1
 1019 03e3 9C       		.byte	0x9c
 1020 03e4 2D040000 		.4byte	0x42d
 1021 03e8 0B       		.uleb128 0xb
 1022 03e9 6C6C00   		.ascii	"ll\000"
 1023 03ec 01       		.byte	0x1
 1024 03ed 34       		.byte	0x34
 1025 03ee 33010000 		.4byte	0x133
 1026 03f2 C1020000 		.4byte	.LLST20
 1027 03f6 0C       		.uleb128 0xc
 1028 03f7 75000000 		.4byte	.LASF11
ARM GAS  C:\Users\bwil410\AppData\Local\Temp\cczuyAdM.s 			page 22


 1029 03fb 01       		.byte	0x1
 1030 03fc 34       		.byte	0x34
 1031 03fd 37000000 		.4byte	0x37
 1032 0401 E2020000 		.4byte	.LLST21
 1033 0405 15       		.uleb128 0x15
 1034 0406 5B020000 		.4byte	.LASF35
 1035 040a 01       		.byte	0x1
 1036 040b 35       		.byte	0x35
 1037 040c E0000000 		.4byte	0xe0
 1038 0410 00030000 		.4byte	.LLST22
 1039 0414 11       		.uleb128 0x11
 1040 0415 0A000000 		.4byte	.LVL47
 1041 0419 AA030000 		.4byte	0x3aa
 1042 041d 0D       		.uleb128 0xd
 1043 041e 12000000 		.4byte	.LVL50
 1044 0422 FF040000 		.4byte	0x4ff
 1045 0426 0E       		.uleb128 0xe
 1046 0427 01       		.uleb128 0x1
 1047 0428 50       		.byte	0x50
 1048 0429 01       		.uleb128 0x1
 1049 042a 38       		.byte	0x38
 1050 042b 00       		.byte	0
 1051 042c 00       		.byte	0
 1052 042d 10       		.uleb128 0x10
 1053 042e A5010000 		.4byte	.LASF36
 1054 0432 01       		.byte	0x1
 1055 0433 44       		.byte	0x44
 1056 0434 37000000 		.4byte	0x37
 1057 0438 00000000 		.4byte	.LFB6
 1058 043c 0C000000 		.4byte	.LFE6-.LFB6
 1059 0440 01       		.uleb128 0x1
 1060 0441 9C       		.byte	0x9c
 1061 0442 6D040000 		.4byte	0x46d
 1062 0446 0B       		.uleb128 0xb
 1063 0447 6C6C00   		.ascii	"ll\000"
 1064 044a 01       		.byte	0x1
 1065 044b 44       		.byte	0x44
 1066 044c 33010000 		.4byte	0x133
 1067 0450 1E030000 		.4byte	.LLST23
 1068 0454 15       		.uleb128 0x15
 1069 0455 5B020000 		.4byte	.LASF35
 1070 0459 01       		.byte	0x1
 1071 045a 45       		.byte	0x45
 1072 045b E0000000 		.4byte	0xe0
 1073 045f 3F030000 		.4byte	.LLST24
 1074 0463 11       		.uleb128 0x11
 1075 0464 08000000 		.4byte	.LVL53
 1076 0468 AA030000 		.4byte	0x3aa
 1077 046c 00       		.byte	0
 1078 046d 0A       		.uleb128 0xa
 1079 046e 0E020000 		.4byte	.LASF37
 1080 0472 01       		.byte	0x1
 1081 0473 83       		.byte	0x83
 1082 0474 00000000 		.4byte	.LFB12
 1083 0478 28000000 		.4byte	.LFE12-.LFB12
 1084 047c 01       		.uleb128 0x1
 1085 047d 9C       		.byte	0x9c
ARM GAS  C:\Users\bwil410\AppData\Local\Temp\cczuyAdM.s 			page 23


 1086 047e FF040000 		.4byte	0x4ff
 1087 0482 0B       		.uleb128 0xb
 1088 0483 6C6C00   		.ascii	"ll\000"
 1089 0486 01       		.byte	0x1
 1090 0487 83       		.byte	0x83
 1091 0488 33010000 		.4byte	0x133
 1092 048c 52030000 		.4byte	.LLST25
 1093 0490 15       		.uleb128 0x15
 1094 0491 01020000 		.4byte	.LASF24
 1095 0495 01       		.byte	0x1
 1096 0496 84       		.byte	0x84
 1097 0497 E0000000 		.4byte	0xe0
 1098 049b 73030000 		.4byte	.LLST26
 1099 049f 17       		.uleb128 0x17
 1100 04a0 DF010000 		.4byte	.LASF38
 1101 04a4 04       		.byte	0x4
 1102 04a5 00       		.byte	0
 1103 04a6 37000000 		.4byte	0x37
 1104 04aa B5040000 		.4byte	0x4b5
 1105 04ae 18       		.uleb128 0x18
 1106 04af 86000000 		.4byte	0x86
 1107 04b3 19       		.uleb128 0x19
 1108 04b4 00       		.byte	0
 1109 04b5 1A       		.uleb128 0x1a
 1110 04b6 06000000 		.4byte	.LBB3
 1111 04ba 0E000000 		.4byte	.LBE3-.LBB3
 1112 04be F5040000 		.4byte	0x4f5
 1113 04c2 17       		.uleb128 0x17
 1114 04c3 DF010000 		.4byte	.LASF38
 1115 04c7 04       		.byte	0x4
 1116 04c8 00       		.byte	0
 1117 04c9 37000000 		.4byte	0x37
 1118 04cd D8040000 		.4byte	0x4d8
 1119 04d1 18       		.uleb128 0x18
 1120 04d2 86000000 		.4byte	0x86
 1121 04d6 19       		.uleb128 0x19
 1122 04d7 00       		.byte	0
 1123 04d8 11       		.uleb128 0x11
 1124 04d9 0C000000 		.4byte	.LVL58
 1125 04dd 25050000 		.4byte	0x525
 1126 04e1 0D       		.uleb128 0xd
 1127 04e2 12000000 		.4byte	.LVL59
 1128 04e6 25050000 		.4byte	0x525
 1129 04ea 0E       		.uleb128 0xe
 1130 04eb 01       		.uleb128 0x1
 1131 04ec 50       		.byte	0x50
 1132 04ed 05       		.uleb128 0x5
 1133 04ee 03       		.byte	0x3
 1134 04ef 00000000 		.4byte	.LC0
 1135 04f3 00       		.byte	0
 1136 04f4 00       		.byte	0
 1137 04f5 11       		.uleb128 0x11
 1138 04f6 20000000 		.4byte	.LVL61
 1139 04fa 25050000 		.4byte	0x525
 1140 04fe 00       		.byte	0
 1141 04ff 17       		.uleb128 0x17
 1142 0500 60020000 		.4byte	.LASF39
ARM GAS  C:\Users\bwil410\AppData\Local\Temp\cczuyAdM.s 			page 24


 1143 0504 05       		.byte	0x5
 1144 0505 61       		.byte	0x61
 1145 0506 7D000000 		.4byte	0x7d
 1146 050a 14050000 		.4byte	0x514
 1147 050e 18       		.uleb128 0x18
 1148 050f 25000000 		.4byte	0x25
 1149 0513 00       		.byte	0
 1150 0514 1B       		.uleb128 0x1b
 1151 0515 B6010000 		.4byte	.LASF40
 1152 0519 05       		.byte	0x5
 1153 051a 56       		.byte	0x56
 1154 051b 25050000 		.4byte	0x525
 1155 051f 18       		.uleb128 0x18
 1156 0520 7D000000 		.4byte	0x7d
 1157 0524 00       		.byte	0
 1158 0525 1C       		.uleb128 0x1c
 1159 0526 DF010000 		.4byte	.LASF38
 1160 052a 04       		.byte	0x4
 1161 052b 00       		.byte	0
 1162 052c 37000000 		.4byte	0x37
 1163 0530 18       		.uleb128 0x18
 1164 0531 86000000 		.4byte	0x86
 1165 0535 19       		.uleb128 0x19
 1166 0536 00       		.byte	0
 1167 0537 00       		.byte	0
 1168              		.section	.debug_abbrev,"",%progbits
 1169              	.Ldebug_abbrev0:
 1170 0000 01       		.uleb128 0x1
 1171 0001 11       		.uleb128 0x11
 1172 0002 01       		.byte	0x1
 1173 0003 25       		.uleb128 0x25
 1174 0004 0E       		.uleb128 0xe
 1175 0005 13       		.uleb128 0x13
 1176 0006 0B       		.uleb128 0xb
 1177 0007 03       		.uleb128 0x3
 1178 0008 0E       		.uleb128 0xe
 1179 0009 1B       		.uleb128 0x1b
 1180 000a 0E       		.uleb128 0xe
 1181 000b 55       		.uleb128 0x55
 1182 000c 17       		.uleb128 0x17
 1183 000d 11       		.uleb128 0x11
 1184 000e 01       		.uleb128 0x1
 1185 000f 10       		.uleb128 0x10
 1186 0010 17       		.uleb128 0x17
 1187 0011 00       		.byte	0
 1188 0012 00       		.byte	0
 1189 0013 02       		.uleb128 0x2
 1190 0014 16       		.uleb128 0x16
 1191 0015 00       		.byte	0
 1192 0016 03       		.uleb128 0x3
 1193 0017 0E       		.uleb128 0xe
 1194 0018 3A       		.uleb128 0x3a
 1195 0019 0B       		.uleb128 0xb
 1196 001a 3B       		.uleb128 0x3b
 1197 001b 0B       		.uleb128 0xb
 1198 001c 49       		.uleb128 0x49
 1199 001d 13       		.uleb128 0x13
ARM GAS  C:\Users\bwil410\AppData\Local\Temp\cczuyAdM.s 			page 25


 1200 001e 00       		.byte	0
 1201 001f 00       		.byte	0
 1202 0020 03       		.uleb128 0x3
 1203 0021 24       		.uleb128 0x24
 1204 0022 00       		.byte	0
 1205 0023 0B       		.uleb128 0xb
 1206 0024 0B       		.uleb128 0xb
 1207 0025 3E       		.uleb128 0x3e
 1208 0026 0B       		.uleb128 0xb
 1209 0027 03       		.uleb128 0x3
 1210 0028 0E       		.uleb128 0xe
 1211 0029 00       		.byte	0
 1212 002a 00       		.byte	0
 1213 002b 04       		.uleb128 0x4
 1214 002c 24       		.uleb128 0x24
 1215 002d 00       		.byte	0
 1216 002e 0B       		.uleb128 0xb
 1217 002f 0B       		.uleb128 0xb
 1218 0030 3E       		.uleb128 0x3e
 1219 0031 0B       		.uleb128 0xb
 1220 0032 03       		.uleb128 0x3
 1221 0033 08       		.uleb128 0x8
 1222 0034 00       		.byte	0
 1223 0035 00       		.byte	0
 1224 0036 05       		.uleb128 0x5
 1225 0037 0F       		.uleb128 0xf
 1226 0038 00       		.byte	0
 1227 0039 0B       		.uleb128 0xb
 1228 003a 0B       		.uleb128 0xb
 1229 003b 00       		.byte	0
 1230 003c 00       		.byte	0
 1231 003d 06       		.uleb128 0x6
 1232 003e 0F       		.uleb128 0xf
 1233 003f 00       		.byte	0
 1234 0040 0B       		.uleb128 0xb
 1235 0041 0B       		.uleb128 0xb
 1236 0042 49       		.uleb128 0x49
 1237 0043 13       		.uleb128 0x13
 1238 0044 00       		.byte	0
 1239 0045 00       		.byte	0
 1240 0046 07       		.uleb128 0x7
 1241 0047 26       		.uleb128 0x26
 1242 0048 00       		.byte	0
 1243 0049 49       		.uleb128 0x49
 1244 004a 13       		.uleb128 0x13
 1245 004b 00       		.byte	0
 1246 004c 00       		.byte	0
 1247 004d 08       		.uleb128 0x8
 1248 004e 13       		.uleb128 0x13
 1249 004f 01       		.byte	0x1
 1250 0050 03       		.uleb128 0x3
 1251 0051 0E       		.uleb128 0xe
 1252 0052 0B       		.uleb128 0xb
 1253 0053 0B       		.uleb128 0xb
 1254 0054 3A       		.uleb128 0x3a
 1255 0055 0B       		.uleb128 0xb
 1256 0056 3B       		.uleb128 0x3b
ARM GAS  C:\Users\bwil410\AppData\Local\Temp\cczuyAdM.s 			page 26


 1257 0057 0B       		.uleb128 0xb
 1258 0058 01       		.uleb128 0x1
 1259 0059 13       		.uleb128 0x13
 1260 005a 00       		.byte	0
 1261 005b 00       		.byte	0
 1262 005c 09       		.uleb128 0x9
 1263 005d 0D       		.uleb128 0xd
 1264 005e 00       		.byte	0
 1265 005f 03       		.uleb128 0x3
 1266 0060 0E       		.uleb128 0xe
 1267 0061 3A       		.uleb128 0x3a
 1268 0062 0B       		.uleb128 0xb
 1269 0063 3B       		.uleb128 0x3b
 1270 0064 0B       		.uleb128 0xb
 1271 0065 49       		.uleb128 0x49
 1272 0066 13       		.uleb128 0x13
 1273 0067 38       		.uleb128 0x38
 1274 0068 0B       		.uleb128 0xb
 1275 0069 00       		.byte	0
 1276 006a 00       		.byte	0
 1277 006b 0A       		.uleb128 0xa
 1278 006c 2E       		.uleb128 0x2e
 1279 006d 01       		.byte	0x1
 1280 006e 3F       		.uleb128 0x3f
 1281 006f 19       		.uleb128 0x19
 1282 0070 03       		.uleb128 0x3
 1283 0071 0E       		.uleb128 0xe
 1284 0072 3A       		.uleb128 0x3a
 1285 0073 0B       		.uleb128 0xb
 1286 0074 3B       		.uleb128 0x3b
 1287 0075 0B       		.uleb128 0xb
 1288 0076 27       		.uleb128 0x27
 1289 0077 19       		.uleb128 0x19
 1290 0078 11       		.uleb128 0x11
 1291 0079 01       		.uleb128 0x1
 1292 007a 12       		.uleb128 0x12
 1293 007b 06       		.uleb128 0x6
 1294 007c 40       		.uleb128 0x40
 1295 007d 18       		.uleb128 0x18
 1296 007e 9742     		.uleb128 0x2117
 1297 0080 19       		.uleb128 0x19
 1298 0081 01       		.uleb128 0x1
 1299 0082 13       		.uleb128 0x13
 1300 0083 00       		.byte	0
 1301 0084 00       		.byte	0
 1302 0085 0B       		.uleb128 0xb
 1303 0086 05       		.uleb128 0x5
 1304 0087 00       		.byte	0
 1305 0088 03       		.uleb128 0x3
 1306 0089 08       		.uleb128 0x8
 1307 008a 3A       		.uleb128 0x3a
 1308 008b 0B       		.uleb128 0xb
 1309 008c 3B       		.uleb128 0x3b
 1310 008d 0B       		.uleb128 0xb
 1311 008e 49       		.uleb128 0x49
 1312 008f 13       		.uleb128 0x13
 1313 0090 02       		.uleb128 0x2
ARM GAS  C:\Users\bwil410\AppData\Local\Temp\cczuyAdM.s 			page 27


 1314 0091 17       		.uleb128 0x17
 1315 0092 00       		.byte	0
 1316 0093 00       		.byte	0
 1317 0094 0C       		.uleb128 0xc
 1318 0095 05       		.uleb128 0x5
 1319 0096 00       		.byte	0
 1320 0097 03       		.uleb128 0x3
 1321 0098 0E       		.uleb128 0xe
 1322 0099 3A       		.uleb128 0x3a
 1323 009a 0B       		.uleb128 0xb
 1324 009b 3B       		.uleb128 0x3b
 1325 009c 0B       		.uleb128 0xb
 1326 009d 49       		.uleb128 0x49
 1327 009e 13       		.uleb128 0x13
 1328 009f 02       		.uleb128 0x2
 1329 00a0 17       		.uleb128 0x17
 1330 00a1 00       		.byte	0
 1331 00a2 00       		.byte	0
 1332 00a3 0D       		.uleb128 0xd
 1333 00a4 898201   		.uleb128 0x4109
 1334 00a7 01       		.byte	0x1
 1335 00a8 11       		.uleb128 0x11
 1336 00a9 01       		.uleb128 0x1
 1337 00aa 31       		.uleb128 0x31
 1338 00ab 13       		.uleb128 0x13
 1339 00ac 00       		.byte	0
 1340 00ad 00       		.byte	0
 1341 00ae 0E       		.uleb128 0xe
 1342 00af 8A8201   		.uleb128 0x410a
 1343 00b2 00       		.byte	0
 1344 00b3 02       		.uleb128 0x2
 1345 00b4 18       		.uleb128 0x18
 1346 00b5 9142     		.uleb128 0x2111
 1347 00b7 18       		.uleb128 0x18
 1348 00b8 00       		.byte	0
 1349 00b9 00       		.byte	0
 1350 00ba 0F       		.uleb128 0xf
 1351 00bb 34       		.uleb128 0x34
 1352 00bc 00       		.byte	0
 1353 00bd 03       		.uleb128 0x3
 1354 00be 0E       		.uleb128 0xe
 1355 00bf 3A       		.uleb128 0x3a
 1356 00c0 0B       		.uleb128 0xb
 1357 00c1 3B       		.uleb128 0x3b
 1358 00c2 0B       		.uleb128 0xb
 1359 00c3 49       		.uleb128 0x49
 1360 00c4 13       		.uleb128 0x13
 1361 00c5 02       		.uleb128 0x2
 1362 00c6 18       		.uleb128 0x18
 1363 00c7 00       		.byte	0
 1364 00c8 00       		.byte	0
 1365 00c9 10       		.uleb128 0x10
 1366 00ca 2E       		.uleb128 0x2e
 1367 00cb 01       		.byte	0x1
 1368 00cc 3F       		.uleb128 0x3f
 1369 00cd 19       		.uleb128 0x19
 1370 00ce 03       		.uleb128 0x3
ARM GAS  C:\Users\bwil410\AppData\Local\Temp\cczuyAdM.s 			page 28


 1371 00cf 0E       		.uleb128 0xe
 1372 00d0 3A       		.uleb128 0x3a
 1373 00d1 0B       		.uleb128 0xb
 1374 00d2 3B       		.uleb128 0x3b
 1375 00d3 0B       		.uleb128 0xb
 1376 00d4 27       		.uleb128 0x27
 1377 00d5 19       		.uleb128 0x19
 1378 00d6 49       		.uleb128 0x49
 1379 00d7 13       		.uleb128 0x13
 1380 00d8 11       		.uleb128 0x11
 1381 00d9 01       		.uleb128 0x1
 1382 00da 12       		.uleb128 0x12
 1383 00db 06       		.uleb128 0x6
 1384 00dc 40       		.uleb128 0x40
 1385 00dd 18       		.uleb128 0x18
 1386 00de 9742     		.uleb128 0x2117
 1387 00e0 19       		.uleb128 0x19
 1388 00e1 01       		.uleb128 0x1
 1389 00e2 13       		.uleb128 0x13
 1390 00e3 00       		.byte	0
 1391 00e4 00       		.byte	0
 1392 00e5 11       		.uleb128 0x11
 1393 00e6 898201   		.uleb128 0x4109
 1394 00e9 00       		.byte	0
 1395 00ea 11       		.uleb128 0x11
 1396 00eb 01       		.uleb128 0x1
 1397 00ec 31       		.uleb128 0x31
 1398 00ed 13       		.uleb128 0x13
 1399 00ee 00       		.byte	0
 1400 00ef 00       		.byte	0
 1401 00f0 12       		.uleb128 0x12
 1402 00f1 05       		.uleb128 0x5
 1403 00f2 00       		.byte	0
 1404 00f3 03       		.uleb128 0x3
 1405 00f4 0E       		.uleb128 0xe
 1406 00f5 3A       		.uleb128 0x3a
 1407 00f6 0B       		.uleb128 0xb
 1408 00f7 3B       		.uleb128 0x3b
 1409 00f8 0B       		.uleb128 0xb
 1410 00f9 49       		.uleb128 0x49
 1411 00fa 13       		.uleb128 0x13
 1412 00fb 02       		.uleb128 0x2
 1413 00fc 18       		.uleb128 0x18
 1414 00fd 00       		.byte	0
 1415 00fe 00       		.byte	0
 1416 00ff 13       		.uleb128 0x13
 1417 0100 34       		.uleb128 0x34
 1418 0101 00       		.byte	0
 1419 0102 03       		.uleb128 0x3
 1420 0103 08       		.uleb128 0x8
 1421 0104 3A       		.uleb128 0x3a
 1422 0105 0B       		.uleb128 0xb
 1423 0106 3B       		.uleb128 0x3b
 1424 0107 0B       		.uleb128 0xb
 1425 0108 49       		.uleb128 0x49
 1426 0109 13       		.uleb128 0x13
 1427 010a 02       		.uleb128 0x2
ARM GAS  C:\Users\bwil410\AppData\Local\Temp\cczuyAdM.s 			page 29


 1428 010b 17       		.uleb128 0x17
 1429 010c 00       		.byte	0
 1430 010d 00       		.byte	0
 1431 010e 14       		.uleb128 0x14
 1432 010f 0B       		.uleb128 0xb
 1433 0110 01       		.byte	0x1
 1434 0111 11       		.uleb128 0x11
 1435 0112 01       		.uleb128 0x1
 1436 0113 12       		.uleb128 0x12
 1437 0114 06       		.uleb128 0x6
 1438 0115 00       		.byte	0
 1439 0116 00       		.byte	0
 1440 0117 15       		.uleb128 0x15
 1441 0118 34       		.uleb128 0x34
 1442 0119 00       		.byte	0
 1443 011a 03       		.uleb128 0x3
 1444 011b 0E       		.uleb128 0xe
 1445 011c 3A       		.uleb128 0x3a
 1446 011d 0B       		.uleb128 0xb
 1447 011e 3B       		.uleb128 0x3b
 1448 011f 0B       		.uleb128 0xb
 1449 0120 49       		.uleb128 0x49
 1450 0121 13       		.uleb128 0x13
 1451 0122 02       		.uleb128 0x2
 1452 0123 17       		.uleb128 0x17
 1453 0124 00       		.byte	0
 1454 0125 00       		.byte	0
 1455 0126 16       		.uleb128 0x16
 1456 0127 898201   		.uleb128 0x4109
 1457 012a 01       		.byte	0x1
 1458 012b 11       		.uleb128 0x11
 1459 012c 01       		.uleb128 0x1
 1460 012d 31       		.uleb128 0x31
 1461 012e 13       		.uleb128 0x13
 1462 012f 01       		.uleb128 0x1
 1463 0130 13       		.uleb128 0x13
 1464 0131 00       		.byte	0
 1465 0132 00       		.byte	0
 1466 0133 17       		.uleb128 0x17
 1467 0134 2E       		.uleb128 0x2e
 1468 0135 01       		.byte	0x1
 1469 0136 3F       		.uleb128 0x3f
 1470 0137 19       		.uleb128 0x19
 1471 0138 03       		.uleb128 0x3
 1472 0139 0E       		.uleb128 0xe
 1473 013a 3A       		.uleb128 0x3a
 1474 013b 0B       		.uleb128 0xb
 1475 013c 3B       		.uleb128 0x3b
 1476 013d 0B       		.uleb128 0xb
 1477 013e 27       		.uleb128 0x27
 1478 013f 19       		.uleb128 0x19
 1479 0140 49       		.uleb128 0x49
 1480 0141 13       		.uleb128 0x13
 1481 0142 3C       		.uleb128 0x3c
 1482 0143 19       		.uleb128 0x19
 1483 0144 01       		.uleb128 0x1
 1484 0145 13       		.uleb128 0x13
ARM GAS  C:\Users\bwil410\AppData\Local\Temp\cczuyAdM.s 			page 30


 1485 0146 00       		.byte	0
 1486 0147 00       		.byte	0
 1487 0148 18       		.uleb128 0x18
 1488 0149 05       		.uleb128 0x5
 1489 014a 00       		.byte	0
 1490 014b 49       		.uleb128 0x49
 1491 014c 13       		.uleb128 0x13
 1492 014d 00       		.byte	0
 1493 014e 00       		.byte	0
 1494 014f 19       		.uleb128 0x19
 1495 0150 18       		.uleb128 0x18
 1496 0151 00       		.byte	0
 1497 0152 00       		.byte	0
 1498 0153 00       		.byte	0
 1499 0154 1A       		.uleb128 0x1a
 1500 0155 0B       		.uleb128 0xb
 1501 0156 01       		.byte	0x1
 1502 0157 11       		.uleb128 0x11
 1503 0158 01       		.uleb128 0x1
 1504 0159 12       		.uleb128 0x12
 1505 015a 06       		.uleb128 0x6
 1506 015b 01       		.uleb128 0x1
 1507 015c 13       		.uleb128 0x13
 1508 015d 00       		.byte	0
 1509 015e 00       		.byte	0
 1510 015f 1B       		.uleb128 0x1b
 1511 0160 2E       		.uleb128 0x2e
 1512 0161 01       		.byte	0x1
 1513 0162 3F       		.uleb128 0x3f
 1514 0163 19       		.uleb128 0x19
 1515 0164 03       		.uleb128 0x3
 1516 0165 0E       		.uleb128 0xe
 1517 0166 3A       		.uleb128 0x3a
 1518 0167 0B       		.uleb128 0xb
 1519 0168 3B       		.uleb128 0x3b
 1520 0169 0B       		.uleb128 0xb
 1521 016a 27       		.uleb128 0x27
 1522 016b 19       		.uleb128 0x19
 1523 016c 3C       		.uleb128 0x3c
 1524 016d 19       		.uleb128 0x19
 1525 016e 01       		.uleb128 0x1
 1526 016f 13       		.uleb128 0x13
 1527 0170 00       		.byte	0
 1528 0171 00       		.byte	0
 1529 0172 1C       		.uleb128 0x1c
 1530 0173 2E       		.uleb128 0x2e
 1531 0174 01       		.byte	0x1
 1532 0175 3F       		.uleb128 0x3f
 1533 0176 19       		.uleb128 0x19
 1534 0177 03       		.uleb128 0x3
 1535 0178 0E       		.uleb128 0xe
 1536 0179 3A       		.uleb128 0x3a
 1537 017a 0B       		.uleb128 0xb
 1538 017b 3B       		.uleb128 0x3b
 1539 017c 0B       		.uleb128 0xb
 1540 017d 27       		.uleb128 0x27
 1541 017e 19       		.uleb128 0x19
ARM GAS  C:\Users\bwil410\AppData\Local\Temp\cczuyAdM.s 			page 31


 1542 017f 49       		.uleb128 0x49
 1543 0180 13       		.uleb128 0x13
 1544 0181 3C       		.uleb128 0x3c
 1545 0182 19       		.uleb128 0x19
 1546 0183 00       		.byte	0
 1547 0184 00       		.byte	0
 1548 0185 00       		.byte	0
 1549              		.section	.debug_loc,"",%progbits
 1550              	.Ldebug_loc0:
 1551              	.LLST0:
 1552 0000 00000000 		.4byte	.LVL0
 1553 0004 0C000000 		.4byte	.LVL1
 1554 0008 0100     		.2byte	0x1
 1555 000a 50       		.byte	0x50
 1556 000b 0C000000 		.4byte	.LVL1
 1557 000f 1E000000 		.4byte	.LFE0
 1558 0013 0100     		.2byte	0x1
 1559 0015 54       		.byte	0x54
 1560 0016 00000000 		.4byte	0
 1561 001a 00000000 		.4byte	0
 1562              	.LLST1:
 1563 001e 00000000 		.4byte	.LVL0
 1564 0022 0F000000 		.4byte	.LVL2-1
 1565 0026 0100     		.2byte	0x1
 1566 0028 51       		.byte	0x51
 1567 0029 0F000000 		.4byte	.LVL2-1
 1568 002d 1E000000 		.4byte	.LFE0
 1569 0031 0100     		.2byte	0x1
 1570 0033 55       		.byte	0x55
 1571 0034 00000000 		.4byte	0
 1572 0038 00000000 		.4byte	0
 1573              	.LLST2:
 1574 003c 00000000 		.4byte	.LVL3
 1575 0040 08000000 		.4byte	.LVL4
 1576 0044 0100     		.2byte	0x1
 1577 0046 50       		.byte	0x50
 1578 0047 08000000 		.4byte	.LVL4
 1579 004b 18000000 		.4byte	.LFE1
 1580 004f 0100     		.2byte	0x1
 1581 0051 54       		.byte	0x54
 1582 0052 00000000 		.4byte	0
 1583 0056 00000000 		.4byte	0
 1584              	.LLST3:
 1585 005a 00000000 		.4byte	.LVL3
 1586 005e 0B000000 		.4byte	.LVL5-1
 1587 0062 0100     		.2byte	0x1
 1588 0064 51       		.byte	0x51
 1589 0065 0B000000 		.4byte	.LVL5-1
 1590 0069 18000000 		.4byte	.LFE1
 1591 006d 0100     		.2byte	0x1
 1592 006f 55       		.byte	0x55
 1593 0070 00000000 		.4byte	0
 1594 0074 00000000 		.4byte	0
 1595              	.LLST4:
 1596 0078 00000000 		.4byte	.LVL6
 1597 007c 04000000 		.4byte	.LVL7
 1598 0080 0100     		.2byte	0x1
ARM GAS  C:\Users\bwil410\AppData\Local\Temp\cczuyAdM.s 			page 32


 1599 0082 50       		.byte	0x50
 1600 0083 04000000 		.4byte	.LVL7
 1601 0087 06000000 		.4byte	.LFE4
 1602 008b 0400     		.2byte	0x4
 1603 008d F3       		.byte	0xf3
 1604 008e 01       		.uleb128 0x1
 1605 008f 50       		.byte	0x50
 1606 0090 9F       		.byte	0x9f
 1607 0091 00000000 		.4byte	0
 1608 0095 00000000 		.4byte	0
 1609              	.LLST5:
 1610 0099 00000000 		.4byte	.LVL8
 1611 009d 0C000000 		.4byte	.LVL10
 1612 00a1 0100     		.2byte	0x1
 1613 00a3 50       		.byte	0x50
 1614 00a4 0C000000 		.4byte	.LVL10
 1615 00a8 12000000 		.4byte	.LVL12
 1616 00ac 0100     		.2byte	0x1
 1617 00ae 54       		.byte	0x54
 1618 00af 12000000 		.4byte	.LVL12
 1619 00b3 14000000 		.4byte	.LFE7
 1620 00b7 0400     		.2byte	0x4
 1621 00b9 F3       		.byte	0xf3
 1622 00ba 01       		.uleb128 0x1
 1623 00bb 50       		.byte	0x50
 1624 00bc 9F       		.byte	0x9f
 1625 00bd 00000000 		.4byte	0
 1626 00c1 00000000 		.4byte	0
 1627              	.LLST6:
 1628 00c5 00000000 		.4byte	.LVL13
 1629 00c9 06000000 		.4byte	.LVL15
 1630 00cd 0100     		.2byte	0x1
 1631 00cf 50       		.byte	0x50
 1632 00d0 06000000 		.4byte	.LVL15
 1633 00d4 12000000 		.4byte	.LVL16
 1634 00d8 0100     		.2byte	0x1
 1635 00da 50       		.byte	0x50
 1636 00db 1A000000 		.4byte	.LVL18
 1637 00df 22000000 		.4byte	.LFE9
 1638 00e3 0100     		.2byte	0x1
 1639 00e5 50       		.byte	0x50
 1640 00e6 00000000 		.4byte	0
 1641 00ea 00000000 		.4byte	0
 1642              	.LLST7:
 1643 00ee 00000000 		.4byte	.LVL13
 1644 00f2 04000000 		.4byte	.LVL14
 1645 00f6 0200     		.2byte	0x2
 1646 00f8 30       		.byte	0x30
 1647 00f9 9F       		.byte	0x9f
 1648 00fa 04000000 		.4byte	.LVL14
 1649 00fe 16000000 		.4byte	.LVL17
 1650 0102 0100     		.2byte	0x1
 1651 0104 53       		.byte	0x53
 1652 0105 1A000000 		.4byte	.LVL18
 1653 0109 22000000 		.4byte	.LFE9
 1654 010d 0100     		.2byte	0x1
 1655 010f 53       		.byte	0x53
ARM GAS  C:\Users\bwil410\AppData\Local\Temp\cczuyAdM.s 			page 33


 1656 0110 00000000 		.4byte	0
 1657 0114 00000000 		.4byte	0
 1658              	.LLST8:
 1659 0118 00000000 		.4byte	.LVL20
 1660 011c 09000000 		.4byte	.LVL21-1
 1661 0120 0100     		.2byte	0x1
 1662 0122 50       		.byte	0x50
 1663 0123 09000000 		.4byte	.LVL21-1
 1664 0127 0C000000 		.4byte	.LVL22
 1665 012b 0400     		.2byte	0x4
 1666 012d F3       		.byte	0xf3
 1667 012e 01       		.uleb128 0x1
 1668 012f 50       		.byte	0x50
 1669 0130 9F       		.byte	0x9f
 1670 0131 0C000000 		.4byte	.LVL22
 1671 0135 0E000000 		.4byte	.LVL23
 1672 0139 0100     		.2byte	0x1
 1673 013b 50       		.byte	0x50
 1674 013c 0E000000 		.4byte	.LVL23
 1675 0140 2E000000 		.4byte	.LFE2
 1676 0144 0400     		.2byte	0x4
 1677 0146 F3       		.byte	0xf3
 1678 0147 01       		.uleb128 0x1
 1679 0148 50       		.byte	0x50
 1680 0149 9F       		.byte	0x9f
 1681 014a 00000000 		.4byte	0
 1682 014e 00000000 		.4byte	0
 1683              	.LLST9:
 1684 0152 00000000 		.4byte	.LVL20
 1685 0156 09000000 		.4byte	.LVL21-1
 1686 015a 0100     		.2byte	0x1
 1687 015c 51       		.byte	0x51
 1688 015d 09000000 		.4byte	.LVL21-1
 1689 0161 0C000000 		.4byte	.LVL22
 1690 0165 0100     		.2byte	0x1
 1691 0167 55       		.byte	0x55
 1692 0168 0C000000 		.4byte	.LVL22
 1693 016c 10000000 		.4byte	.LVL24
 1694 0170 0100     		.2byte	0x1
 1695 0172 51       		.byte	0x51
 1696 0173 10000000 		.4byte	.LVL24
 1697 0177 2E000000 		.4byte	.LFE2
 1698 017b 0100     		.2byte	0x1
 1699 017d 55       		.byte	0x55
 1700 017e 00000000 		.4byte	0
 1701 0182 00000000 		.4byte	0
 1702              	.LLST10:
 1703 0186 00000000 		.4byte	.LVL20
 1704 018a 09000000 		.4byte	.LVL21-1
 1705 018e 0100     		.2byte	0x1
 1706 0190 52       		.byte	0x52
 1707 0191 09000000 		.4byte	.LVL21-1
 1708 0195 0C000000 		.4byte	.LVL22
 1709 0199 0400     		.2byte	0x4
 1710 019b F3       		.byte	0xf3
 1711 019c 01       		.uleb128 0x1
 1712 019d 52       		.byte	0x52
ARM GAS  C:\Users\bwil410\AppData\Local\Temp\cczuyAdM.s 			page 34


 1713 019e 9F       		.byte	0x9f
 1714 019f 0C000000 		.4byte	.LVL22
 1715 01a3 13000000 		.4byte	.LVL25-1
 1716 01a7 0100     		.2byte	0x1
 1717 01a9 52       		.byte	0x52
 1718 01aa 13000000 		.4byte	.LVL25-1
 1719 01ae 2E000000 		.4byte	.LFE2
 1720 01b2 0400     		.2byte	0x4
 1721 01b4 F3       		.byte	0xf3
 1722 01b5 01       		.uleb128 0x1
 1723 01b6 52       		.byte	0x52
 1724 01b7 9F       		.byte	0x9f
 1725 01b8 00000000 		.4byte	0
 1726 01bc 00000000 		.4byte	0
 1727              	.LLST11:
 1728 01c0 16000000 		.4byte	.LVL26
 1729 01c4 20000000 		.4byte	.LVL27
 1730 01c8 0100     		.2byte	0x1
 1731 01ca 50       		.byte	0x50
 1732 01cb 20000000 		.4byte	.LVL27
 1733 01cf 2E000000 		.4byte	.LFE2
 1734 01d3 0100     		.2byte	0x1
 1735 01d5 54       		.byte	0x54
 1736 01d6 00000000 		.4byte	0
 1737 01da 00000000 		.4byte	0
 1738              	.LLST12:
 1739 01de 24000000 		.4byte	.LVL28
 1740 01e2 2C000000 		.4byte	.LVL29
 1741 01e6 0100     		.2byte	0x1
 1742 01e8 50       		.byte	0x50
 1743 01e9 00000000 		.4byte	0
 1744 01ed 00000000 		.4byte	0
 1745              	.LLST13:
 1746 01f1 00000000 		.4byte	.LVL30
 1747 01f5 04000000 		.4byte	.LVL31
 1748 01f9 0100     		.2byte	0x1
 1749 01fb 50       		.byte	0x50
 1750 01fc 04000000 		.4byte	.LVL31
 1751 0200 0C000000 		.4byte	.LFE5
 1752 0204 0400     		.2byte	0x4
 1753 0206 F3       		.byte	0xf3
 1754 0207 01       		.uleb128 0x1
 1755 0208 50       		.byte	0x50
 1756 0209 9F       		.byte	0x9f
 1757 020a 00000000 		.4byte	0
 1758 020e 00000000 		.4byte	0
 1759              	.LLST14:
 1760 0212 00000000 		.4byte	.LVL30
 1761 0216 07000000 		.4byte	.LVL32-1
 1762 021a 0100     		.2byte	0x1
 1763 021c 51       		.byte	0x51
 1764 021d 07000000 		.4byte	.LVL32-1
 1765 0221 0C000000 		.4byte	.LFE5
 1766 0225 0400     		.2byte	0x4
 1767 0227 F3       		.byte	0xf3
 1768 0228 01       		.uleb128 0x1
 1769 0229 51       		.byte	0x51
ARM GAS  C:\Users\bwil410\AppData\Local\Temp\cczuyAdM.s 			page 35


 1770 022a 9F       		.byte	0x9f
 1771 022b 00000000 		.4byte	0
 1772 022f 00000000 		.4byte	0
 1773              	.LLST15:
 1774 0233 08000000 		.4byte	.LVL32
 1775 0237 0A000000 		.4byte	.LVL33
 1776 023b 0100     		.2byte	0x1
 1777 023d 50       		.byte	0x50
 1778 023e 00000000 		.4byte	0
 1779 0242 00000000 		.4byte	0
 1780              	.LLST16:
 1781 0246 00000000 		.4byte	.LVL34
 1782 024a 04000000 		.4byte	.LVL35
 1783 024e 0100     		.2byte	0x1
 1784 0250 50       		.byte	0x50
 1785 0251 04000000 		.4byte	.LVL35
 1786 0255 0E000000 		.4byte	.LFE10
 1787 0259 0100     		.2byte	0x1
 1788 025b 50       		.byte	0x50
 1789 025c 00000000 		.4byte	0
 1790 0260 00000000 		.4byte	0
 1791              	.LLST17:
 1792 0264 00000000 		.4byte	.LVL36
 1793 0268 02000000 		.4byte	.LVL37
 1794 026c 0100     		.2byte	0x1
 1795 026e 50       		.byte	0x50
 1796 026f 02000000 		.4byte	.LVL37
 1797 0273 1C000000 		.4byte	.LFE8
 1798 0277 0400     		.2byte	0x4
 1799 0279 F3       		.byte	0xf3
 1800 027a 01       		.uleb128 0x1
 1801 027b 50       		.byte	0x50
 1802 027c 9F       		.byte	0x9f
 1803 027d 00000000 		.4byte	0
 1804 0281 00000000 		.4byte	0
 1805              	.LLST18:
 1806 0285 0E000000 		.4byte	.LVL39
 1807 0289 10000000 		.4byte	.LVL40
 1808 028d 0100     		.2byte	0x1
 1809 028f 50       		.byte	0x50
 1810 0290 10000000 		.4byte	.LVL40
 1811 0294 1A000000 		.4byte	.LVL42
 1812 0298 0100     		.2byte	0x1
 1813 029a 54       		.byte	0x54
 1814 029b 00000000 		.4byte	0
 1815 029f 00000000 		.4byte	0
 1816              	.LLST19:
 1817 02a3 00000000 		.4byte	.LVL43
 1818 02a7 04000000 		.4byte	.LVL44
 1819 02ab 0100     		.2byte	0x1
 1820 02ad 50       		.byte	0x50
 1821 02ae 04000000 		.4byte	.LVL44
 1822 02b2 0C000000 		.4byte	.LFE11
 1823 02b6 0100     		.2byte	0x1
 1824 02b8 50       		.byte	0x50
 1825 02b9 00000000 		.4byte	0
 1826 02bd 00000000 		.4byte	0
ARM GAS  C:\Users\bwil410\AppData\Local\Temp\cczuyAdM.s 			page 36


 1827              	.LLST20:
 1828 02c1 00000000 		.4byte	.LVL45
 1829 02c5 06000000 		.4byte	.LVL46
 1830 02c9 0100     		.2byte	0x1
 1831 02cb 50       		.byte	0x50
 1832 02cc 06000000 		.4byte	.LVL46
 1833 02d0 1E000000 		.4byte	.LFE3
 1834 02d4 0400     		.2byte	0x4
 1835 02d6 F3       		.byte	0xf3
 1836 02d7 01       		.uleb128 0x1
 1837 02d8 50       		.byte	0x50
 1838 02d9 9F       		.byte	0x9f
 1839 02da 00000000 		.4byte	0
 1840 02de 00000000 		.4byte	0
 1841              	.LLST21:
 1842 02e2 00000000 		.4byte	.LVL45
 1843 02e6 09000000 		.4byte	.LVL47-1
 1844 02ea 0100     		.2byte	0x1
 1845 02ec 51       		.byte	0x51
 1846 02ed 09000000 		.4byte	.LVL47-1
 1847 02f1 1E000000 		.4byte	.LFE3
 1848 02f5 0100     		.2byte	0x1
 1849 02f7 55       		.byte	0x55
 1850 02f8 00000000 		.4byte	0
 1851 02fc 00000000 		.4byte	0
 1852              	.LLST22:
 1853 0300 0C000000 		.4byte	.LVL48
 1854 0304 0E000000 		.4byte	.LVL49
 1855 0308 0100     		.2byte	0x1
 1856 030a 50       		.byte	0x50
 1857 030b 0E000000 		.4byte	.LVL49
 1858 030f 1E000000 		.4byte	.LFE3
 1859 0313 0100     		.2byte	0x1
 1860 0315 54       		.byte	0x54
 1861 0316 00000000 		.4byte	0
 1862 031a 00000000 		.4byte	0
 1863              	.LLST23:
 1864 031e 00000000 		.4byte	.LVL51
 1865 0322 04000000 		.4byte	.LVL52
 1866 0326 0100     		.2byte	0x1
 1867 0328 50       		.byte	0x50
 1868 0329 04000000 		.4byte	.LVL52
 1869 032d 0C000000 		.4byte	.LFE6
 1870 0331 0400     		.2byte	0x4
 1871 0333 F3       		.byte	0xf3
 1872 0334 01       		.uleb128 0x1
 1873 0335 50       		.byte	0x50
 1874 0336 9F       		.byte	0x9f
 1875 0337 00000000 		.4byte	0
 1876 033b 00000000 		.4byte	0
 1877              	.LLST24:
 1878 033f 08000000 		.4byte	.LVL53
 1879 0343 0A000000 		.4byte	.LVL54
 1880 0347 0100     		.2byte	0x1
 1881 0349 50       		.byte	0x50
 1882 034a 00000000 		.4byte	0
 1883 034e 00000000 		.4byte	0
ARM GAS  C:\Users\bwil410\AppData\Local\Temp\cczuyAdM.s 			page 37


 1884              	.LLST25:
 1885 0352 00000000 		.4byte	.LVL55
 1886 0356 06000000 		.4byte	.LVL57
 1887 035a 0100     		.2byte	0x1
 1888 035c 50       		.byte	0x50
 1889 035d 06000000 		.4byte	.LVL57
 1890 0361 28000000 		.4byte	.LFE12
 1891 0365 0400     		.2byte	0x4
 1892 0367 F3       		.byte	0xf3
 1893 0368 01       		.uleb128 0x1
 1894 0369 50       		.byte	0x50
 1895 036a 9F       		.byte	0x9f
 1896 036b 00000000 		.4byte	0
 1897 036f 00000000 		.4byte	0
 1898              	.LLST26:
 1899 0373 04000000 		.4byte	.LVL56
 1900 0377 22000000 		.4byte	.LVL62
 1901 037b 0100     		.2byte	0x1
 1902 037d 54       		.byte	0x54
 1903 037e 00000000 		.4byte	0
 1904 0382 00000000 		.4byte	0
 1905              		.section	.debug_aranges,"",%progbits
 1906 0000 7C000000 		.4byte	0x7c
 1907 0004 0200     		.2byte	0x2
 1908 0006 00000000 		.4byte	.Ldebug_info0
 1909 000a 04       		.byte	0x4
 1910 000b 00       		.byte	0
 1911 000c 0000     		.2byte	0
 1912 000e 0000     		.2byte	0
 1913 0010 00000000 		.4byte	.LFB0
 1914 0014 1E000000 		.4byte	.LFE0-.LFB0
 1915 0018 00000000 		.4byte	.LFB1
 1916 001c 18000000 		.4byte	.LFE1-.LFB1
 1917 0020 00000000 		.4byte	.LFB4
 1918 0024 06000000 		.4byte	.LFE4-.LFB4
 1919 0028 00000000 		.4byte	.LFB7
 1920 002c 14000000 		.4byte	.LFE7-.LFB7
 1921 0030 00000000 		.4byte	.LFB9
 1922 0034 22000000 		.4byte	.LFE9-.LFB9
 1923 0038 00000000 		.4byte	.LFB2
 1924 003c 2E000000 		.4byte	.LFE2-.LFB2
 1925 0040 00000000 		.4byte	.LFB5
 1926 0044 0C000000 		.4byte	.LFE5-.LFB5
 1927 0048 00000000 		.4byte	.LFB10
 1928 004c 0E000000 		.4byte	.LFE10-.LFB10
 1929 0050 00000000 		.4byte	.LFB8
 1930 0054 1C000000 		.4byte	.LFE8-.LFB8
 1931 0058 00000000 		.4byte	.LFB11
 1932 005c 0C000000 		.4byte	.LFE11-.LFB11
 1933 0060 00000000 		.4byte	.LFB3
 1934 0064 1E000000 		.4byte	.LFE3-.LFB3
 1935 0068 00000000 		.4byte	.LFB6
 1936 006c 0C000000 		.4byte	.LFE6-.LFB6
 1937 0070 00000000 		.4byte	.LFB12
 1938 0074 28000000 		.4byte	.LFE12-.LFB12
 1939 0078 00000000 		.4byte	0
 1940 007c 00000000 		.4byte	0
ARM GAS  C:\Users\bwil410\AppData\Local\Temp\cczuyAdM.s 			page 38


 1941              		.section	.debug_ranges,"",%progbits
 1942              	.Ldebug_ranges0:
 1943 0000 00000000 		.4byte	.LFB0
 1944 0004 1E000000 		.4byte	.LFE0
 1945 0008 00000000 		.4byte	.LFB1
 1946 000c 18000000 		.4byte	.LFE1
 1947 0010 00000000 		.4byte	.LFB4
 1948 0014 06000000 		.4byte	.LFE4
 1949 0018 00000000 		.4byte	.LFB7
 1950 001c 14000000 		.4byte	.LFE7
 1951 0020 00000000 		.4byte	.LFB9
 1952 0024 22000000 		.4byte	.LFE9
 1953 0028 00000000 		.4byte	.LFB2
 1954 002c 2E000000 		.4byte	.LFE2
 1955 0030 00000000 		.4byte	.LFB5
 1956 0034 0C000000 		.4byte	.LFE5
 1957 0038 00000000 		.4byte	.LFB10
 1958 003c 0E000000 		.4byte	.LFE10
 1959 0040 00000000 		.4byte	.LFB8
 1960 0044 1C000000 		.4byte	.LFE8
 1961 0048 00000000 		.4byte	.LFB11
 1962 004c 0C000000 		.4byte	.LFE11
 1963 0050 00000000 		.4byte	.LFB3
 1964 0054 1E000000 		.4byte	.LFE3
 1965 0058 00000000 		.4byte	.LFB6
 1966 005c 0C000000 		.4byte	.LFE6
 1967 0060 00000000 		.4byte	.LFB12
 1968 0064 28000000 		.4byte	.LFE12
 1969 0068 00000000 		.4byte	0
 1970 006c 00000000 		.4byte	0
 1971              		.section	.debug_line,"",%progbits
 1972              	.Ldebug_line0:
 1973 0000 54020000 		.section	.debug_str,"MS",%progbits,1
 1973      02003B01 
 1973      00000201 
 1973      FB0E0D00 
 1973      01010101 
 1974              	.LASF25:
 1975 0000 696E6465 		.ascii	"index\000"
 1975      7800
 1976              	.LASF43:
 1977 0006 443A5C47 		.ascii	"D:\\Group3\\PacMan-Robot\\301_Group_3_Software\\PSO"
 1977      726F7570 
 1977      335C5061 
 1977      634D616E 
 1977      2D526F62 
 1978 0035 435F636F 		.ascii	"C_code_T1\\Workspace01\\Design01.cydsn\000"
 1978      64655F54 
 1978      315C576F 
 1978      726B7370 
 1978      61636530 
 1979              	.LASF13:
 1980 005a 73697A65 		.ascii	"size_t\000"
 1980      5F7400
 1981              	.LASF12:
 1982 0061 6E657874 		.ascii	"next\000"
 1982      00
ARM GAS  C:\Users\bwil410\AppData\Local\Temp\cczuyAdM.s 			page 39


 1983              	.LASF26:
 1984 0066 696E7661 		.ascii	"invalid\000"
 1984      6C696400 
 1985              	.LASF23:
 1986 006e 6E6F6465 		.ascii	"nodeat\000"
 1986      617400
 1987              	.LASF11:
 1988 0075 64617461 		.ascii	"data\000"
 1988      00
 1989              	.LASF2:
 1990 007a 756E7369 		.ascii	"unsigned char\000"
 1990      676E6564 
 1990      20636861 
 1990      7200
 1991              	.LASF31:
 1992 0088 72656D6F 		.ascii	"removelast\000"
 1992      76656C61 
 1992      737400
 1993              	.LASF6:
 1994 0093 6C6F6E67 		.ascii	"long unsigned int\000"
 1994      20756E73 
 1994      69676E65 
 1994      6420696E 
 1994      7400
 1995              	.LASF4:
 1996 00a5 73686F72 		.ascii	"short unsigned int\000"
 1996      7420756E 
 1996      7369676E 
 1996      65642069 
 1996      6E7400
 1997              	.LASF17:
 1998 00b8 63726561 		.ascii	"createlinkedlist\000"
 1998      74656C69 
 1998      6E6B6564 
 1998      6C697374 
 1998      00
 1999              	.LASF21:
 2000 00c9 7365636F 		.ascii	"second\000"
 2000      6E6400
 2001              	.LASF42:
 2002 00d0 2E5C6C69 		.ascii	".\\linkedlist.c\000"
 2002      6E6B6564 
 2002      6C697374 
 2002      2E6300
 2003              	.LASF28:
 2004 00df 70726576 		.ascii	"previous\000"
 2004      696F7573 
 2004      00
 2005              	.LASF16:
 2006 00e8 68656164 		.ascii	"head\000"
 2006      00
 2007              	.LASF27:
 2008 00ed 61646461 		.ascii	"addat\000"
 2008      7400
 2009              	.LASF41:
 2010 00f3 474E5520 		.ascii	"GNU C 4.9.3 20150303 (release) [ARM/embedded-4_9-br"
 2010      4320342E 
ARM GAS  C:\Users\bwil410\AppData\Local\Temp\cczuyAdM.s 			page 40


 2010      392E3320 
 2010      32303135 
 2010      30333033 
 2011 0126 616E6368 		.ascii	"anch revision 221220] -mcpu=cortex-m3 -mthumb -g -O"
 2011      20726576 
 2011      6973696F 
 2011      6E203232 
 2011      31323230 
 2012 0159 67202D66 		.ascii	"g -ffunction-sections -ffat-lto-objects\000"
 2012      66756E63 
 2012      74696F6E 
 2012      2D736563 
 2012      74696F6E 
 2013              	.LASF0:
 2014 0181 756E7369 		.ascii	"unsigned int\000"
 2014      676E6564 
 2014      20696E74 
 2014      00
 2015              	.LASF8:
 2016 018e 6C6F6E67 		.ascii	"long long unsigned int\000"
 2016      206C6F6E 
 2016      6720756E 
 2016      7369676E 
 2016      65642069 
 2017              	.LASF36:
 2018 01a5 6765746C 		.ascii	"getlast\000"
 2018      61737400 
 2019              	.LASF9:
 2020 01ad 73697A65 		.ascii	"sizetype\000"
 2020      74797065 
 2020      00
 2021              	.LASF40:
 2022 01b6 66726565 		.ascii	"free\000"
 2022      00
 2023              	.LASF7:
 2024 01bb 6C6F6E67 		.ascii	"long long int\000"
 2024      206C6F6E 
 2024      6720696E 
 2024      7400
 2025              	.LASF10:
 2026 01c9 63686172 		.ascii	"char\000"
 2026      00
 2027              	.LASF15:
 2028 01ce 6C696E6B 		.ascii	"linkedlist\000"
 2028      65646C69 
 2028      737400
 2029              	.LASF29:
 2030 01d9 67657461 		.ascii	"getat\000"
 2030      7400
 2031              	.LASF38:
 2032 01df 7072696E 		.ascii	"printf\000"
 2032      746600
 2033              	.LASF20:
 2034 01e6 6E65776E 		.ascii	"newn\000"
 2034      00
 2035              	.LASF19:
 2036 01eb 72656D6F 		.ascii	"removefirst\000"
ARM GAS  C:\Users\bwil410\AppData\Local\Temp\cczuyAdM.s 			page 41


 2036      76656669 
 2036      72737400 
 2037              	.LASF3:
 2038 01f7 73686F72 		.ascii	"short int\000"
 2038      7420696E 
 2038      7400
 2039              	.LASF24:
 2040 0201 63757272 		.ascii	"current\000"
 2040      656E7400 
 2041              	.LASF14:
 2042 0209 6E6F6465 		.ascii	"node\000"
 2042      00
 2043              	.LASF37:
 2044 020e 7072696E 		.ascii	"printlist\000"
 2044      746C6973 
 2044      7400
 2045              	.LASF18:
 2046 0218 61646466 		.ascii	"addfirst\000"
 2046      69727374 
 2046      00
 2047              	.LASF5:
 2048 0221 6C6F6E67 		.ascii	"long int\000"
 2048      20696E74 
 2048      00
 2049              	.LASF33:
 2050 022a 6E6F6465 		.ascii	"nodelast\000"
 2050      6C617374 
 2050      00
 2051              	.LASF1:
 2052 0233 7369676E 		.ascii	"signed char\000"
 2052      65642063 
 2052      68617200 
 2053              	.LASF32:
 2054 023f 7365636F 		.ascii	"secondlast\000"
 2054      6E646C61 
 2054      737400
 2055              	.LASF22:
 2056 024a 67657466 		.ascii	"getfirst\000"
 2056      69727374 
 2056      00
 2057              	.LASF34:
 2058 0253 6164646C 		.ascii	"addlast\000"
 2058      61737400 
 2059              	.LASF35:
 2060 025b 6C617374 		.ascii	"last\000"
 2060      00
 2061              	.LASF39:
 2062 0260 6D616C6C 		.ascii	"malloc\000"
 2062      6F6300
 2063              	.LASF30:
 2064 0267 6E6F6465 		.ascii	"nodesecondlast\000"
 2064      7365636F 
 2064      6E646C61 
 2064      737400
 2065              		.ident	"GCC: (GNU Tools for ARM Embedded Processors) 4.9.3 20150303 (release) [ARM/embedded-4_9-br
