ARM GAS  C:\Users\bwil410\AppData\Local\Temp\ccuA8Aoo.s 			page 1


   1              		.syntax unified
   2              		.cpu cortex-m3
   3              		.fpu softvfp
   4              		.eabi_attribute 20, 1
   5              		.eabi_attribute 21, 1
   6              		.eabi_attribute 23, 3
   7              		.eabi_attribute 24, 1
   8              		.eabi_attribute 25, 1
   9              		.eabi_attribute 26, 1
  10              		.eabi_attribute 30, 1
  11              		.eabi_attribute 34, 1
  12              		.eabi_attribute 18, 4
  13              		.thumb
  14              		.file	"QuadDec_2.c"
  15              		.text
  16              	.Ltext0:
  17              		.cfi_sections	.debug_frame
  18              		.section	.text.QuadDec_2_Init,"ax",%progbits
  19              		.align	2
  20              		.global	QuadDec_2_Init
  21              		.thumb
  22              		.thumb_func
  23              		.type	QuadDec_2_Init, %function
  24              	QuadDec_2_Init:
  25              	.LFB0:
  26              		.file 1 ".\\Generated_Source\\PSoC5\\QuadDec_2.c"
   1:.\Generated_Source\PSoC5/QuadDec_2.c **** /*******************************************************************************
   2:.\Generated_Source\PSoC5/QuadDec_2.c **** * File Name: QuadDec_2.c  
   3:.\Generated_Source\PSoC5/QuadDec_2.c **** * Version 3.0
   4:.\Generated_Source\PSoC5/QuadDec_2.c **** *
   5:.\Generated_Source\PSoC5/QuadDec_2.c **** * Description:
   6:.\Generated_Source\PSoC5/QuadDec_2.c **** *  This file provides the source code to the API for the Quadrature Decoder
   7:.\Generated_Source\PSoC5/QuadDec_2.c **** *  component.
   8:.\Generated_Source\PSoC5/QuadDec_2.c **** *
   9:.\Generated_Source\PSoC5/QuadDec_2.c **** * Note:
  10:.\Generated_Source\PSoC5/QuadDec_2.c **** *  None.
  11:.\Generated_Source\PSoC5/QuadDec_2.c **** *   
  12:.\Generated_Source\PSoC5/QuadDec_2.c **** ********************************************************************************
  13:.\Generated_Source\PSoC5/QuadDec_2.c **** * Copyright 2008-2014, Cypress Semiconductor Corporation.  All rights reserved.
  14:.\Generated_Source\PSoC5/QuadDec_2.c **** * You may use this file only in accordance with the license, terms, conditions, 
  15:.\Generated_Source\PSoC5/QuadDec_2.c **** * disclaimers, and limitations in the end user license agreement accompanying 
  16:.\Generated_Source\PSoC5/QuadDec_2.c **** * the software package with which this file was provided.
  17:.\Generated_Source\PSoC5/QuadDec_2.c **** *******************************************************************************/
  18:.\Generated_Source\PSoC5/QuadDec_2.c **** 
  19:.\Generated_Source\PSoC5/QuadDec_2.c **** #include "QuadDec_2.h"
  20:.\Generated_Source\PSoC5/QuadDec_2.c **** 
  21:.\Generated_Source\PSoC5/QuadDec_2.c **** #if (QuadDec_2_COUNTER_SIZE == QuadDec_2_COUNTER_SIZE_32_BIT)
  22:.\Generated_Source\PSoC5/QuadDec_2.c ****     #include "QuadDec_2_PVT.h"
  23:.\Generated_Source\PSoC5/QuadDec_2.c **** #endif /* QuadDec_2_COUNTER_SIZE == QuadDec_2_COUNTER_SIZE_32_BIT */
  24:.\Generated_Source\PSoC5/QuadDec_2.c **** 
  25:.\Generated_Source\PSoC5/QuadDec_2.c **** uint8 QuadDec_2_initVar = 0u;
  26:.\Generated_Source\PSoC5/QuadDec_2.c **** 
  27:.\Generated_Source\PSoC5/QuadDec_2.c **** 
  28:.\Generated_Source\PSoC5/QuadDec_2.c **** /*******************************************************************************
  29:.\Generated_Source\PSoC5/QuadDec_2.c **** * Function Name: QuadDec_2_Init
  30:.\Generated_Source\PSoC5/QuadDec_2.c **** ********************************************************************************
  31:.\Generated_Source\PSoC5/QuadDec_2.c **** *
ARM GAS  C:\Users\bwil410\AppData\Local\Temp\ccuA8Aoo.s 			page 2


  32:.\Generated_Source\PSoC5/QuadDec_2.c **** * Summary:
  33:.\Generated_Source\PSoC5/QuadDec_2.c **** *  Inits/Restores default QuadDec configuration provided with customizer.
  34:.\Generated_Source\PSoC5/QuadDec_2.c **** *
  35:.\Generated_Source\PSoC5/QuadDec_2.c **** * Parameters:
  36:.\Generated_Source\PSoC5/QuadDec_2.c **** *  None.
  37:.\Generated_Source\PSoC5/QuadDec_2.c **** *
  38:.\Generated_Source\PSoC5/QuadDec_2.c **** * Return:
  39:.\Generated_Source\PSoC5/QuadDec_2.c **** *  None.
  40:.\Generated_Source\PSoC5/QuadDec_2.c **** *
  41:.\Generated_Source\PSoC5/QuadDec_2.c **** *******************************************************************************/
  42:.\Generated_Source\PSoC5/QuadDec_2.c **** void QuadDec_2_Init(void) 
  43:.\Generated_Source\PSoC5/QuadDec_2.c **** {
  27              		.loc 1 43 0
  28              		.cfi_startproc
  29              		@ args = 0, pretend = 0, frame = 0
  30              		@ frame_needed = 0, uses_anonymous_args = 0
  31              		@ link register save eliminated.
  32 0000 7047     		bx	lr
  33              		.cfi_endproc
  34              	.LFE0:
  35              		.size	QuadDec_2_Init, .-QuadDec_2_Init
  36 0002 00BF     		.section	.text.QuadDec_2_Stop,"ax",%progbits
  37              		.align	2
  38              		.global	QuadDec_2_Stop
  39              		.thumb
  40              		.thumb_func
  41              		.type	QuadDec_2_Stop, %function
  42              	QuadDec_2_Stop:
  43              	.LFB3:
  44:.\Generated_Source\PSoC5/QuadDec_2.c ****     #if (QuadDec_2_COUNTER_SIZE == QuadDec_2_COUNTER_SIZE_32_BIT)
  45:.\Generated_Source\PSoC5/QuadDec_2.c ****         /* Disable Interrupt. */
  46:.\Generated_Source\PSoC5/QuadDec_2.c ****         CyIntDisable(QuadDec_2_ISR_NUMBER);
  47:.\Generated_Source\PSoC5/QuadDec_2.c ****         /* Set the ISR to point to the QuadDec_2_isr Interrupt. */
  48:.\Generated_Source\PSoC5/QuadDec_2.c ****         (void) CyIntSetVector(QuadDec_2_ISR_NUMBER, & QuadDec_2_ISR);
  49:.\Generated_Source\PSoC5/QuadDec_2.c ****         /* Set the priority. */
  50:.\Generated_Source\PSoC5/QuadDec_2.c ****         CyIntSetPriority(QuadDec_2_ISR_NUMBER, QuadDec_2_ISR_PRIORITY);
  51:.\Generated_Source\PSoC5/QuadDec_2.c ****     #endif /* QuadDec_2_COUNTER_SIZE == QuadDec_2_COUNTER_SIZE_32_BIT */
  52:.\Generated_Source\PSoC5/QuadDec_2.c **** }
  53:.\Generated_Source\PSoC5/QuadDec_2.c **** 
  54:.\Generated_Source\PSoC5/QuadDec_2.c **** 
  55:.\Generated_Source\PSoC5/QuadDec_2.c **** /*******************************************************************************
  56:.\Generated_Source\PSoC5/QuadDec_2.c **** * Function Name: QuadDec_2_Enable
  57:.\Generated_Source\PSoC5/QuadDec_2.c **** ********************************************************************************
  58:.\Generated_Source\PSoC5/QuadDec_2.c **** *
  59:.\Generated_Source\PSoC5/QuadDec_2.c **** * Summary:
  60:.\Generated_Source\PSoC5/QuadDec_2.c **** *  This function enable interrupts from Component and also enable Component's
  61:.\Generated_Source\PSoC5/QuadDec_2.c **** *  ISR in case of 32-bit counter.
  62:.\Generated_Source\PSoC5/QuadDec_2.c **** *
  63:.\Generated_Source\PSoC5/QuadDec_2.c **** * Parameters:
  64:.\Generated_Source\PSoC5/QuadDec_2.c **** *  None.
  65:.\Generated_Source\PSoC5/QuadDec_2.c **** *
  66:.\Generated_Source\PSoC5/QuadDec_2.c **** * Return:
  67:.\Generated_Source\PSoC5/QuadDec_2.c **** *  None.
  68:.\Generated_Source\PSoC5/QuadDec_2.c **** *
  69:.\Generated_Source\PSoC5/QuadDec_2.c **** *******************************************************************************/
  70:.\Generated_Source\PSoC5/QuadDec_2.c **** void QuadDec_2_Enable(void) 
  71:.\Generated_Source\PSoC5/QuadDec_2.c **** {
ARM GAS  C:\Users\bwil410\AppData\Local\Temp\ccuA8Aoo.s 			page 3


  72:.\Generated_Source\PSoC5/QuadDec_2.c ****     uint8 enableInterrupts;
  73:.\Generated_Source\PSoC5/QuadDec_2.c **** 
  74:.\Generated_Source\PSoC5/QuadDec_2.c ****     QuadDec_2_SetInterruptMask(QuadDec_2_INIT_INT_MASK);
  75:.\Generated_Source\PSoC5/QuadDec_2.c **** 
  76:.\Generated_Source\PSoC5/QuadDec_2.c ****     /* Clear pending interrupts. */
  77:.\Generated_Source\PSoC5/QuadDec_2.c ****     (void) QuadDec_2_GetEvents();
  78:.\Generated_Source\PSoC5/QuadDec_2.c ****     
  79:.\Generated_Source\PSoC5/QuadDec_2.c ****     enableInterrupts = CyEnterCriticalSection();
  80:.\Generated_Source\PSoC5/QuadDec_2.c **** 
  81:.\Generated_Source\PSoC5/QuadDec_2.c ****     /* Enable interrupts from Statusi register */
  82:.\Generated_Source\PSoC5/QuadDec_2.c ****     QuadDec_2_SR_AUX_CONTROL |= QuadDec_2_INTERRUPTS_ENABLE;
  83:.\Generated_Source\PSoC5/QuadDec_2.c **** 
  84:.\Generated_Source\PSoC5/QuadDec_2.c ****     CyExitCriticalSection(enableInterrupts);        
  85:.\Generated_Source\PSoC5/QuadDec_2.c **** 
  86:.\Generated_Source\PSoC5/QuadDec_2.c ****     #if (QuadDec_2_COUNTER_SIZE == QuadDec_2_COUNTER_SIZE_32_BIT)
  87:.\Generated_Source\PSoC5/QuadDec_2.c ****         /* Enable Component interrupts */
  88:.\Generated_Source\PSoC5/QuadDec_2.c ****         CyIntEnable(QuadDec_2_ISR_NUMBER);
  89:.\Generated_Source\PSoC5/QuadDec_2.c ****     #endif /* QuadDec_2_COUNTER_SIZE == QuadDec_2_COUNTER_SIZE_32_BIT */
  90:.\Generated_Source\PSoC5/QuadDec_2.c **** }
  91:.\Generated_Source\PSoC5/QuadDec_2.c **** 
  92:.\Generated_Source\PSoC5/QuadDec_2.c **** 
  93:.\Generated_Source\PSoC5/QuadDec_2.c **** /*******************************************************************************
  94:.\Generated_Source\PSoC5/QuadDec_2.c **** * Function Name: QuadDec_2_Start
  95:.\Generated_Source\PSoC5/QuadDec_2.c **** ********************************************************************************
  96:.\Generated_Source\PSoC5/QuadDec_2.c **** *
  97:.\Generated_Source\PSoC5/QuadDec_2.c **** * Summary:
  98:.\Generated_Source\PSoC5/QuadDec_2.c **** *  Initializes UDBs and other relevant hardware.
  99:.\Generated_Source\PSoC5/QuadDec_2.c **** *  Resets counter, enables or disables all relevant interrupts.
 100:.\Generated_Source\PSoC5/QuadDec_2.c **** *  Starts monitoring the inputs and counting.
 101:.\Generated_Source\PSoC5/QuadDec_2.c **** *
 102:.\Generated_Source\PSoC5/QuadDec_2.c **** * Parameters:
 103:.\Generated_Source\PSoC5/QuadDec_2.c **** *  None.
 104:.\Generated_Source\PSoC5/QuadDec_2.c **** *
 105:.\Generated_Source\PSoC5/QuadDec_2.c **** * Return:
 106:.\Generated_Source\PSoC5/QuadDec_2.c **** *  None.
 107:.\Generated_Source\PSoC5/QuadDec_2.c **** *
 108:.\Generated_Source\PSoC5/QuadDec_2.c **** * Global variables:
 109:.\Generated_Source\PSoC5/QuadDec_2.c **** *  QuadDec_2_initVar - used to check initial configuration, modified on
 110:.\Generated_Source\PSoC5/QuadDec_2.c **** *  first function call.
 111:.\Generated_Source\PSoC5/QuadDec_2.c **** *
 112:.\Generated_Source\PSoC5/QuadDec_2.c **** * Reentrant:
 113:.\Generated_Source\PSoC5/QuadDec_2.c **** *  No.
 114:.\Generated_Source\PSoC5/QuadDec_2.c **** *
 115:.\Generated_Source\PSoC5/QuadDec_2.c **** *******************************************************************************/
 116:.\Generated_Source\PSoC5/QuadDec_2.c **** void QuadDec_2_Start(void) 
 117:.\Generated_Source\PSoC5/QuadDec_2.c **** {
 118:.\Generated_Source\PSoC5/QuadDec_2.c ****     #if (QuadDec_2_COUNTER_SIZE == QuadDec_2_COUNTER_SIZE_8_BIT)
 119:.\Generated_Source\PSoC5/QuadDec_2.c ****         QuadDec_2_Cnt8_Start();
 120:.\Generated_Source\PSoC5/QuadDec_2.c ****         QuadDec_2_Cnt8_WriteCounter(QuadDec_2_COUNTER_INIT_VALUE);
 121:.\Generated_Source\PSoC5/QuadDec_2.c ****     #else
 122:.\Generated_Source\PSoC5/QuadDec_2.c ****         /* (QuadDec_2_COUNTER_SIZE == QuadDec_2_COUNTER_SIZE_16_BIT) || 
 123:.\Generated_Source\PSoC5/QuadDec_2.c ****         *  (QuadDec_2_COUNTER_SIZE == QuadDec_2_COUNTER_SIZE_32_BIT) 
 124:.\Generated_Source\PSoC5/QuadDec_2.c ****         */
 125:.\Generated_Source\PSoC5/QuadDec_2.c ****         QuadDec_2_Cnt16_Start();
 126:.\Generated_Source\PSoC5/QuadDec_2.c ****         QuadDec_2_Cnt16_WriteCounter(QuadDec_2_COUNTER_INIT_VALUE);
 127:.\Generated_Source\PSoC5/QuadDec_2.c ****     #endif /* QuadDec_2_COUNTER_SIZE == QuadDec_2_COUNTER_SIZE_8_BIT */
 128:.\Generated_Source\PSoC5/QuadDec_2.c ****     
ARM GAS  C:\Users\bwil410\AppData\Local\Temp\ccuA8Aoo.s 			page 4


 129:.\Generated_Source\PSoC5/QuadDec_2.c ****     #if (QuadDec_2_COUNTER_SIZE == QuadDec_2_COUNTER_SIZE_32_BIT)        
 130:.\Generated_Source\PSoC5/QuadDec_2.c ****        QuadDec_2_count32SoftPart = 0;
 131:.\Generated_Source\PSoC5/QuadDec_2.c ****     #endif /* QuadDec_2_COUNTER_SIZE == QuadDec_2_COUNTER_SIZE_32_BIT */
 132:.\Generated_Source\PSoC5/QuadDec_2.c **** 
 133:.\Generated_Source\PSoC5/QuadDec_2.c ****     if (QuadDec_2_initVar == 0u)
 134:.\Generated_Source\PSoC5/QuadDec_2.c ****     {
 135:.\Generated_Source\PSoC5/QuadDec_2.c ****         QuadDec_2_Init();
 136:.\Generated_Source\PSoC5/QuadDec_2.c ****         QuadDec_2_initVar = 1u;
 137:.\Generated_Source\PSoC5/QuadDec_2.c ****     }
 138:.\Generated_Source\PSoC5/QuadDec_2.c **** 
 139:.\Generated_Source\PSoC5/QuadDec_2.c ****     QuadDec_2_Enable();
 140:.\Generated_Source\PSoC5/QuadDec_2.c **** }
 141:.\Generated_Source\PSoC5/QuadDec_2.c **** 
 142:.\Generated_Source\PSoC5/QuadDec_2.c **** 
 143:.\Generated_Source\PSoC5/QuadDec_2.c **** /*******************************************************************************
 144:.\Generated_Source\PSoC5/QuadDec_2.c **** * Function Name: QuadDec_2_Stop
 145:.\Generated_Source\PSoC5/QuadDec_2.c **** ********************************************************************************
 146:.\Generated_Source\PSoC5/QuadDec_2.c **** *
 147:.\Generated_Source\PSoC5/QuadDec_2.c **** * Summary:
 148:.\Generated_Source\PSoC5/QuadDec_2.c **** *  Turns off UDBs and other relevant hardware.
 149:.\Generated_Source\PSoC5/QuadDec_2.c **** *
 150:.\Generated_Source\PSoC5/QuadDec_2.c **** * Parameters:
 151:.\Generated_Source\PSoC5/QuadDec_2.c **** *  None.
 152:.\Generated_Source\PSoC5/QuadDec_2.c **** *
 153:.\Generated_Source\PSoC5/QuadDec_2.c **** * Return:
 154:.\Generated_Source\PSoC5/QuadDec_2.c **** *  None.
 155:.\Generated_Source\PSoC5/QuadDec_2.c **** *
 156:.\Generated_Source\PSoC5/QuadDec_2.c **** *******************************************************************************/
 157:.\Generated_Source\PSoC5/QuadDec_2.c **** void QuadDec_2_Stop(void) 
 158:.\Generated_Source\PSoC5/QuadDec_2.c **** {
  44              		.loc 1 158 0
  45              		.cfi_startproc
  46              		@ args = 0, pretend = 0, frame = 0
  47              		@ frame_needed = 0, uses_anonymous_args = 0
  48              		.loc 1 158 0
  49 0000 08B5     		push	{r3, lr}
  50              		.cfi_def_cfa_offset 8
  51              		.cfi_offset 3, -8
  52              		.cfi_offset 14, -4
 159:.\Generated_Source\PSoC5/QuadDec_2.c ****     uint8 enableInterrupts;
 160:.\Generated_Source\PSoC5/QuadDec_2.c **** 
 161:.\Generated_Source\PSoC5/QuadDec_2.c ****     #if (QuadDec_2_COUNTER_SIZE == QuadDec_2_COUNTER_SIZE_8_BIT)
 162:.\Generated_Source\PSoC5/QuadDec_2.c ****         QuadDec_2_Cnt8_Stop();
  53              		.loc 1 162 0
  54 0002 FFF7FEFF 		bl	QuadDec_2_Cnt8_Stop
  55              	.LVL0:
 163:.\Generated_Source\PSoC5/QuadDec_2.c ****     #else 
 164:.\Generated_Source\PSoC5/QuadDec_2.c ****         /* (QuadDec_2_COUNTER_SIZE == QuadDec_2_COUNTER_SIZE_16_BIT) ||
 165:.\Generated_Source\PSoC5/QuadDec_2.c ****         *  (QuadDec_2_COUNTER_SIZE == QuadDec_2_COUNTER_SIZE_32_BIT)
 166:.\Generated_Source\PSoC5/QuadDec_2.c ****         */
 167:.\Generated_Source\PSoC5/QuadDec_2.c ****         QuadDec_2_Cnt16_Stop();    /* counter disable */
 168:.\Generated_Source\PSoC5/QuadDec_2.c ****     #endif /* (QuadDec_2_COUNTER_SIZE == QuadDec_2_COUNTER_SIZE_8_BIT) */
 169:.\Generated_Source\PSoC5/QuadDec_2.c ****  
 170:.\Generated_Source\PSoC5/QuadDec_2.c ****     enableInterrupts = CyEnterCriticalSection();
  56              		.loc 1 170 0
  57 0006 FFF7FEFF 		bl	CyEnterCriticalSection
  58              	.LVL1:
ARM GAS  C:\Users\bwil410\AppData\Local\Temp\ccuA8Aoo.s 			page 5


 171:.\Generated_Source\PSoC5/QuadDec_2.c **** 
 172:.\Generated_Source\PSoC5/QuadDec_2.c ****     /* Disable interrupts interrupts from Statusi register */
 173:.\Generated_Source\PSoC5/QuadDec_2.c ****     QuadDec_2_SR_AUX_CONTROL &= (uint8) (~QuadDec_2_INTERRUPTS_ENABLE);
  59              		.loc 1 173 0
  60 000a 044A     		ldr	r2, .L4
  61 000c 1378     		ldrb	r3, [r2]	@ zero_extendqisi2
  62 000e 03F0EF03 		and	r3, r3, #239
  63 0012 1370     		strb	r3, [r2]
 174:.\Generated_Source\PSoC5/QuadDec_2.c **** 
 175:.\Generated_Source\PSoC5/QuadDec_2.c ****     CyExitCriticalSection(enableInterrupts);
  64              		.loc 1 175 0
  65 0014 FFF7FEFF 		bl	CyExitCriticalSection
  66              	.LVL2:
  67 0018 08BD     		pop	{r3, pc}
  68              	.L5:
  69 001a 00BF     		.align	2
  70              	.L4:
  71 001c 98650040 		.word	1073767832
  72              		.cfi_endproc
  73              	.LFE3:
  74              		.size	QuadDec_2_Stop, .-QuadDec_2_Stop
  75              		.section	.text.QuadDec_2_GetCounter,"ax",%progbits
  76              		.align	2
  77              		.global	QuadDec_2_GetCounter
  78              		.thumb
  79              		.thumb_func
  80              		.type	QuadDec_2_GetCounter, %function
  81              	QuadDec_2_GetCounter:
  82              	.LFB4:
 176:.\Generated_Source\PSoC5/QuadDec_2.c **** 
 177:.\Generated_Source\PSoC5/QuadDec_2.c ****     #if (QuadDec_2_COUNTER_SIZE == QuadDec_2_COUNTER_SIZE_32_BIT)
 178:.\Generated_Source\PSoC5/QuadDec_2.c ****         CyIntDisable(QuadDec_2_ISR_NUMBER);    /* interrupt disable */
 179:.\Generated_Source\PSoC5/QuadDec_2.c ****     #endif /* QuadDec_2_COUNTER_SIZE == QuadDec_2_COUNTER_SIZE_32_BIT */
 180:.\Generated_Source\PSoC5/QuadDec_2.c **** }
 181:.\Generated_Source\PSoC5/QuadDec_2.c **** 
 182:.\Generated_Source\PSoC5/QuadDec_2.c **** 
 183:.\Generated_Source\PSoC5/QuadDec_2.c **** /*******************************************************************************
 184:.\Generated_Source\PSoC5/QuadDec_2.c **** * Function Name: QuadDec_2_GetCounter
 185:.\Generated_Source\PSoC5/QuadDec_2.c **** ********************************************************************************
 186:.\Generated_Source\PSoC5/QuadDec_2.c **** *
 187:.\Generated_Source\PSoC5/QuadDec_2.c **** * Summary:
 188:.\Generated_Source\PSoC5/QuadDec_2.c **** *  Reports the current value of the counter.
 189:.\Generated_Source\PSoC5/QuadDec_2.c **** *
 190:.\Generated_Source\PSoC5/QuadDec_2.c **** * Parameters:
 191:.\Generated_Source\PSoC5/QuadDec_2.c **** *  None.
 192:.\Generated_Source\PSoC5/QuadDec_2.c **** *
 193:.\Generated_Source\PSoC5/QuadDec_2.c **** * Return:
 194:.\Generated_Source\PSoC5/QuadDec_2.c **** *  The counter value. Return type is signed and per the counter size setting.
 195:.\Generated_Source\PSoC5/QuadDec_2.c **** *  A positive value indicates clockwise movement (B before A).
 196:.\Generated_Source\PSoC5/QuadDec_2.c **** *
 197:.\Generated_Source\PSoC5/QuadDec_2.c **** * Global variables:
 198:.\Generated_Source\PSoC5/QuadDec_2.c **** *  QuadDec_2_count32SoftPart - used to get hi 16 bit for current value
 199:.\Generated_Source\PSoC5/QuadDec_2.c **** *  of the 32-bit counter, when Counter size equal 32-bit.
 200:.\Generated_Source\PSoC5/QuadDec_2.c **** *
 201:.\Generated_Source\PSoC5/QuadDec_2.c **** *******************************************************************************/
 202:.\Generated_Source\PSoC5/QuadDec_2.c **** int8 QuadDec_2_GetCounter(void) 
 203:.\Generated_Source\PSoC5/QuadDec_2.c **** {
ARM GAS  C:\Users\bwil410\AppData\Local\Temp\ccuA8Aoo.s 			page 6


  83              		.loc 1 203 0
  84              		.cfi_startproc
  85              		@ args = 0, pretend = 0, frame = 0
  86              		@ frame_needed = 0, uses_anonymous_args = 0
  87 0000 08B5     		push	{r3, lr}
  88              		.cfi_def_cfa_offset 8
  89              		.cfi_offset 3, -8
  90              		.cfi_offset 14, -4
 204:.\Generated_Source\PSoC5/QuadDec_2.c ****     int8 count;
 205:.\Generated_Source\PSoC5/QuadDec_2.c ****     uint8 tmpCnt;
 206:.\Generated_Source\PSoC5/QuadDec_2.c **** 
 207:.\Generated_Source\PSoC5/QuadDec_2.c ****     #if (QuadDec_2_COUNTER_SIZE == QuadDec_2_COUNTER_SIZE_32_BIT)
 208:.\Generated_Source\PSoC5/QuadDec_2.c ****         int16 hwCount;
 209:.\Generated_Source\PSoC5/QuadDec_2.c **** 
 210:.\Generated_Source\PSoC5/QuadDec_2.c ****         CyIntDisable(QuadDec_2_ISR_NUMBER);
 211:.\Generated_Source\PSoC5/QuadDec_2.c **** 
 212:.\Generated_Source\PSoC5/QuadDec_2.c ****         tmpCnt = QuadDec_2_Cnt16_ReadCounter();
 213:.\Generated_Source\PSoC5/QuadDec_2.c ****         hwCount = (int16) ((int32) tmpCnt - (int32) QuadDec_2_COUNTER_INIT_VALUE);
 214:.\Generated_Source\PSoC5/QuadDec_2.c ****         count = QuadDec_2_count32SoftPart + hwCount;
 215:.\Generated_Source\PSoC5/QuadDec_2.c **** 
 216:.\Generated_Source\PSoC5/QuadDec_2.c ****         CyIntEnable(QuadDec_2_ISR_NUMBER);
 217:.\Generated_Source\PSoC5/QuadDec_2.c ****     #else 
 218:.\Generated_Source\PSoC5/QuadDec_2.c ****         /* (QuadDec_2_COUNTER_SIZE == QuadDec_2_COUNTER_SIZE_8_BIT) || 
 219:.\Generated_Source\PSoC5/QuadDec_2.c ****         *  (QuadDec_2_COUNTER_SIZE == QuadDec_2_COUNTER_SIZE_16_BIT)
 220:.\Generated_Source\PSoC5/QuadDec_2.c ****         */
 221:.\Generated_Source\PSoC5/QuadDec_2.c ****         #if (QuadDec_2_COUNTER_SIZE == QuadDec_2_COUNTER_SIZE_8_BIT)
 222:.\Generated_Source\PSoC5/QuadDec_2.c ****             tmpCnt = QuadDec_2_Cnt8_ReadCounter();
  91              		.loc 1 222 0
  92 0002 FFF7FEFF 		bl	QuadDec_2_Cnt8_ReadCounter
  93              	.LVL3:
 223:.\Generated_Source\PSoC5/QuadDec_2.c ****         #else /* (QuadDec_2_COUNTER_SIZE == QuadDec_2_COUNTER_SIZE_16_BIT) */
 224:.\Generated_Source\PSoC5/QuadDec_2.c ****             tmpCnt = QuadDec_2_Cnt16_ReadCounter();
 225:.\Generated_Source\PSoC5/QuadDec_2.c ****         #endif  /* QuadDec_2_COUNTER_SIZE == QuadDec_2_COUNTER_SIZE_8_BIT */
 226:.\Generated_Source\PSoC5/QuadDec_2.c **** 
 227:.\Generated_Source\PSoC5/QuadDec_2.c ****         count = (int8) ((int16) tmpCnt -
  94              		.loc 1 227 0
  95 0006 8038     		subs	r0, r0, #128
  96              	.LVL4:
 228:.\Generated_Source\PSoC5/QuadDec_2.c ****                 (int16) QuadDec_2_COUNTER_INIT_VALUE);
 229:.\Generated_Source\PSoC5/QuadDec_2.c **** 
 230:.\Generated_Source\PSoC5/QuadDec_2.c ****     #endif /* QuadDec_2_COUNTER_SIZE == QuadDec_2_COUNTER_SIZE_32_BIT */ 
 231:.\Generated_Source\PSoC5/QuadDec_2.c **** 
 232:.\Generated_Source\PSoC5/QuadDec_2.c ****     return (count);
 233:.\Generated_Source\PSoC5/QuadDec_2.c **** }
  97              		.loc 1 233 0
  98 0008 40B2     		sxtb	r0, r0
  99 000a 08BD     		pop	{r3, pc}
 100              		.cfi_endproc
 101              	.LFE4:
 102              		.size	QuadDec_2_GetCounter, .-QuadDec_2_GetCounter
 103              		.section	.text.QuadDec_2_SetCounter,"ax",%progbits
 104              		.align	2
 105              		.global	QuadDec_2_SetCounter
 106              		.thumb
 107              		.thumb_func
 108              		.type	QuadDec_2_SetCounter, %function
 109              	QuadDec_2_SetCounter:
ARM GAS  C:\Users\bwil410\AppData\Local\Temp\ccuA8Aoo.s 			page 7


 110              	.LFB5:
 234:.\Generated_Source\PSoC5/QuadDec_2.c **** 
 235:.\Generated_Source\PSoC5/QuadDec_2.c **** 
 236:.\Generated_Source\PSoC5/QuadDec_2.c **** /*******************************************************************************
 237:.\Generated_Source\PSoC5/QuadDec_2.c **** * Function Name: QuadDec_2_SetCounter
 238:.\Generated_Source\PSoC5/QuadDec_2.c **** ********************************************************************************
 239:.\Generated_Source\PSoC5/QuadDec_2.c **** *
 240:.\Generated_Source\PSoC5/QuadDec_2.c **** * Summary:
 241:.\Generated_Source\PSoC5/QuadDec_2.c **** *  Sets the current value of the counter.
 242:.\Generated_Source\PSoC5/QuadDec_2.c **** *
 243:.\Generated_Source\PSoC5/QuadDec_2.c **** * Parameters:
 244:.\Generated_Source\PSoC5/QuadDec_2.c **** *  value:  The new value. Parameter type is signed and per the counter size
 245:.\Generated_Source\PSoC5/QuadDec_2.c **** *  setting.
 246:.\Generated_Source\PSoC5/QuadDec_2.c **** *
 247:.\Generated_Source\PSoC5/QuadDec_2.c **** * Return:
 248:.\Generated_Source\PSoC5/QuadDec_2.c **** *  None.
 249:.\Generated_Source\PSoC5/QuadDec_2.c **** *
 250:.\Generated_Source\PSoC5/QuadDec_2.c **** * Global variables:
 251:.\Generated_Source\PSoC5/QuadDec_2.c **** *  QuadDec_2_count32SoftPart - modified to set hi 16 bit for current
 252:.\Generated_Source\PSoC5/QuadDec_2.c **** *  value of the 32-bit counter, when Counter size equal 32-bit.
 253:.\Generated_Source\PSoC5/QuadDec_2.c **** *
 254:.\Generated_Source\PSoC5/QuadDec_2.c **** * Reentrant:
 255:.\Generated_Source\PSoC5/QuadDec_2.c **** *  No.
 256:.\Generated_Source\PSoC5/QuadDec_2.c **** *
 257:.\Generated_Source\PSoC5/QuadDec_2.c **** *******************************************************************************/
 258:.\Generated_Source\PSoC5/QuadDec_2.c **** void QuadDec_2_SetCounter(int8 value) 
 259:.\Generated_Source\PSoC5/QuadDec_2.c **** {
 111              		.loc 1 259 0
 112              		.cfi_startproc
 113              		@ args = 0, pretend = 0, frame = 0
 114              		@ frame_needed = 0, uses_anonymous_args = 0
 115              	.LVL5:
 116 0000 08B5     		push	{r3, lr}
 117              		.cfi_def_cfa_offset 8
 118              		.cfi_offset 3, -8
 119              		.cfi_offset 14, -4
 260:.\Generated_Source\PSoC5/QuadDec_2.c ****     #if ((QuadDec_2_COUNTER_SIZE == QuadDec_2_COUNTER_SIZE_8_BIT) || \
 261:.\Generated_Source\PSoC5/QuadDec_2.c ****          (QuadDec_2_COUNTER_SIZE == QuadDec_2_COUNTER_SIZE_16_BIT))
 262:.\Generated_Source\PSoC5/QuadDec_2.c ****         uint8 count;
 263:.\Generated_Source\PSoC5/QuadDec_2.c ****         
 264:.\Generated_Source\PSoC5/QuadDec_2.c ****         if (value >= 0)
 120              		.loc 1 264 0
 121 0002 0028     		cmp	r0, #0
 122              	.LVL6:
 123 0004 03DB     		blt	.L9
 265:.\Generated_Source\PSoC5/QuadDec_2.c ****         {
 266:.\Generated_Source\PSoC5/QuadDec_2.c ****             count = (uint8) value + QuadDec_2_COUNTER_INIT_VALUE;
 124              		.loc 1 266 0
 125 0006 C0B2     		uxtb	r0, r0
 126 0008 80F08000 		eor	r0, r0, #128
 127              	.LVL7:
 128 000c 01E0     		b	.L10
 129              	.LVL8:
 130              	.L9:
 267:.\Generated_Source\PSoC5/QuadDec_2.c ****         }
 268:.\Generated_Source\PSoC5/QuadDec_2.c ****         else
 269:.\Generated_Source\PSoC5/QuadDec_2.c ****         {
ARM GAS  C:\Users\bwil410\AppData\Local\Temp\ccuA8Aoo.s 			page 8


 270:.\Generated_Source\PSoC5/QuadDec_2.c ****             count = QuadDec_2_COUNTER_INIT_VALUE - (uint8)(-value);
 131              		.loc 1 270 0
 132 000e 8038     		subs	r0, r0, #128
 133 0010 C0B2     		uxtb	r0, r0
 134              	.LVL9:
 135              	.L10:
 271:.\Generated_Source\PSoC5/QuadDec_2.c ****         }
 272:.\Generated_Source\PSoC5/QuadDec_2.c ****         #if (QuadDec_2_COUNTER_SIZE == QuadDec_2_COUNTER_SIZE_8_BIT)
 273:.\Generated_Source\PSoC5/QuadDec_2.c ****             QuadDec_2_Cnt8_WriteCounter(count);
 136              		.loc 1 273 0
 137 0012 FFF7FEFF 		bl	QuadDec_2_Cnt8_WriteCounter
 138              	.LVL10:
 139 0016 08BD     		pop	{r3, pc}
 140              		.cfi_endproc
 141              	.LFE5:
 142              		.size	QuadDec_2_SetCounter, .-QuadDec_2_SetCounter
 143              		.section	.text.QuadDec_2_GetEvents,"ax",%progbits
 144              		.align	2
 145              		.global	QuadDec_2_GetEvents
 146              		.thumb
 147              		.thumb_func
 148              		.type	QuadDec_2_GetEvents, %function
 149              	QuadDec_2_GetEvents:
 150              	.LFB6:
 274:.\Generated_Source\PSoC5/QuadDec_2.c ****         #else /* (QuadDec_2_COUNTER_SIZE == QuadDec_2_COUNTER_SIZE_16_BIT) */
 275:.\Generated_Source\PSoC5/QuadDec_2.c ****             QuadDec_2_Cnt16_WriteCounter(count);
 276:.\Generated_Source\PSoC5/QuadDec_2.c ****         #endif  /* QuadDec_2_COUNTER_SIZE == QuadDec_2_COUNTER_SIZE_8_BIT */
 277:.\Generated_Source\PSoC5/QuadDec_2.c ****     #else /* (QuadDec_2_COUNTER_SIZE == QuadDec_2_COUNTER_SIZE_32_BIT) */
 278:.\Generated_Source\PSoC5/QuadDec_2.c ****         CyIntDisable(QuadDec_2_ISR_NUMBER);
 279:.\Generated_Source\PSoC5/QuadDec_2.c **** 
 280:.\Generated_Source\PSoC5/QuadDec_2.c ****         QuadDec_2_Cnt16_WriteCounter(QuadDec_2_COUNTER_INIT_VALUE);
 281:.\Generated_Source\PSoC5/QuadDec_2.c ****         QuadDec_2_count32SoftPart = value;
 282:.\Generated_Source\PSoC5/QuadDec_2.c **** 
 283:.\Generated_Source\PSoC5/QuadDec_2.c ****         CyIntEnable(QuadDec_2_ISR_NUMBER);
 284:.\Generated_Source\PSoC5/QuadDec_2.c ****     #endif  /* (QuadDec_2_COUNTER_SIZE == QuadDec_2_COUNTER_SIZE_8_BIT) ||
 285:.\Generated_Source\PSoC5/QuadDec_2.c ****              * (QuadDec_2_COUNTER_SIZE == QuadDec_2_COUNTER_SIZE_16_BIT)
 286:.\Generated_Source\PSoC5/QuadDec_2.c ****              */
 287:.\Generated_Source\PSoC5/QuadDec_2.c **** }
 288:.\Generated_Source\PSoC5/QuadDec_2.c **** 
 289:.\Generated_Source\PSoC5/QuadDec_2.c **** 
 290:.\Generated_Source\PSoC5/QuadDec_2.c **** /*******************************************************************************
 291:.\Generated_Source\PSoC5/QuadDec_2.c **** * Function Name: QuadDec_2_GetEvents
 292:.\Generated_Source\PSoC5/QuadDec_2.c **** ********************************************************************************
 293:.\Generated_Source\PSoC5/QuadDec_2.c **** * 
 294:.\Generated_Source\PSoC5/QuadDec_2.c **** * Summary:
 295:.\Generated_Source\PSoC5/QuadDec_2.c **** *   Reports the current status of events. This function clears the bits of the 
 296:.\Generated_Source\PSoC5/QuadDec_2.c **** *   status register.
 297:.\Generated_Source\PSoC5/QuadDec_2.c **** *
 298:.\Generated_Source\PSoC5/QuadDec_2.c **** * Parameters:
 299:.\Generated_Source\PSoC5/QuadDec_2.c **** *  None.
 300:.\Generated_Source\PSoC5/QuadDec_2.c **** *
 301:.\Generated_Source\PSoC5/QuadDec_2.c **** * Return:
 302:.\Generated_Source\PSoC5/QuadDec_2.c **** *  The events, as bits in an unsigned 8-bit value:
 303:.\Generated_Source\PSoC5/QuadDec_2.c **** *    Bit      Description
 304:.\Generated_Source\PSoC5/QuadDec_2.c **** *     0        Counter overflow.
 305:.\Generated_Source\PSoC5/QuadDec_2.c **** *     1        Counter underflow.
 306:.\Generated_Source\PSoC5/QuadDec_2.c **** *     2        Counter reset due to index, if index input is used.
ARM GAS  C:\Users\bwil410\AppData\Local\Temp\ccuA8Aoo.s 			page 9


 307:.\Generated_Source\PSoC5/QuadDec_2.c **** *     3        Invalid A, B inputs state transition.
 308:.\Generated_Source\PSoC5/QuadDec_2.c **** *
 309:.\Generated_Source\PSoC5/QuadDec_2.c **** *******************************************************************************/
 310:.\Generated_Source\PSoC5/QuadDec_2.c **** uint8 QuadDec_2_GetEvents(void) 
 311:.\Generated_Source\PSoC5/QuadDec_2.c **** {
 151              		.loc 1 311 0
 152              		.cfi_startproc
 153              		@ args = 0, pretend = 0, frame = 0
 154              		@ frame_needed = 0, uses_anonymous_args = 0
 155              		@ link register save eliminated.
 312:.\Generated_Source\PSoC5/QuadDec_2.c ****     return (QuadDec_2_STATUS_REG & QuadDec_2_INIT_INT_MASK);
 156              		.loc 1 312 0
 157 0000 024B     		ldr	r3, .L13
 158 0002 1878     		ldrb	r0, [r3]	@ zero_extendqisi2
 313:.\Generated_Source\PSoC5/QuadDec_2.c **** }
 159              		.loc 1 313 0
 160 0004 00F00F00 		and	r0, r0, #15
 161 0008 7047     		bx	lr
 162              	.L14:
 163 000a 00BF     		.align	2
 164              	.L13:
 165 000c 68650040 		.word	1073767784
 166              		.cfi_endproc
 167              	.LFE6:
 168              		.size	QuadDec_2_GetEvents, .-QuadDec_2_GetEvents
 169              		.section	.text.QuadDec_2_SetInterruptMask,"ax",%progbits
 170              		.align	2
 171              		.global	QuadDec_2_SetInterruptMask
 172              		.thumb
 173              		.thumb_func
 174              		.type	QuadDec_2_SetInterruptMask, %function
 175              	QuadDec_2_SetInterruptMask:
 176              	.LFB7:
 314:.\Generated_Source\PSoC5/QuadDec_2.c **** 
 315:.\Generated_Source\PSoC5/QuadDec_2.c **** 
 316:.\Generated_Source\PSoC5/QuadDec_2.c **** /*******************************************************************************
 317:.\Generated_Source\PSoC5/QuadDec_2.c **** * Function Name: QuadDec_2_SetInterruptMask
 318:.\Generated_Source\PSoC5/QuadDec_2.c **** ********************************************************************************
 319:.\Generated_Source\PSoC5/QuadDec_2.c **** *
 320:.\Generated_Source\PSoC5/QuadDec_2.c **** * Summary:
 321:.\Generated_Source\PSoC5/QuadDec_2.c **** *  Enables / disables interrupts due to the events.
 322:.\Generated_Source\PSoC5/QuadDec_2.c **** *  For the 32-bit counter, the overflow, underflow and reset interrupts cannot
 323:.\Generated_Source\PSoC5/QuadDec_2.c **** *  be disabled, these bits are ignored.
 324:.\Generated_Source\PSoC5/QuadDec_2.c **** *
 325:.\Generated_Source\PSoC5/QuadDec_2.c **** * Parameters:
 326:.\Generated_Source\PSoC5/QuadDec_2.c **** *  mask: Enable / disable bits in an 8-bit value, where 1 enables the interrupt.
 327:.\Generated_Source\PSoC5/QuadDec_2.c **** *
 328:.\Generated_Source\PSoC5/QuadDec_2.c **** * Return:
 329:.\Generated_Source\PSoC5/QuadDec_2.c **** *  None.
 330:.\Generated_Source\PSoC5/QuadDec_2.c **** *
 331:.\Generated_Source\PSoC5/QuadDec_2.c **** *******************************************************************************/
 332:.\Generated_Source\PSoC5/QuadDec_2.c **** void QuadDec_2_SetInterruptMask(uint8 mask) 
 333:.\Generated_Source\PSoC5/QuadDec_2.c **** {
 177              		.loc 1 333 0
 178              		.cfi_startproc
 179              		@ args = 0, pretend = 0, frame = 0
 180              		@ frame_needed = 0, uses_anonymous_args = 0
ARM GAS  C:\Users\bwil410\AppData\Local\Temp\ccuA8Aoo.s 			page 10


 181              		@ link register save eliminated.
 182              	.LVL11:
 334:.\Generated_Source\PSoC5/QuadDec_2.c ****     #if (QuadDec_2_COUNTER_SIZE == QuadDec_2_COUNTER_SIZE_32_BIT)
 335:.\Generated_Source\PSoC5/QuadDec_2.c ****         /* Underflow, Overflow and Reset interrupts for 32-bit Counter are always enable */
 336:.\Generated_Source\PSoC5/QuadDec_2.c ****         mask |= (QuadDec_2_COUNTER_OVERFLOW | QuadDec_2_COUNTER_UNDERFLOW |
 337:.\Generated_Source\PSoC5/QuadDec_2.c ****                  QuadDec_2_COUNTER_RESET);
 338:.\Generated_Source\PSoC5/QuadDec_2.c ****     #endif /* QuadDec_2_COUNTER_SIZE == QuadDec_2_COUNTER_SIZE_32_BIT */
 339:.\Generated_Source\PSoC5/QuadDec_2.c **** 
 340:.\Generated_Source\PSoC5/QuadDec_2.c ****     QuadDec_2_STATUS_MASK = mask;
 183              		.loc 1 340 0
 184 0000 014B     		ldr	r3, .L16
 185 0002 1870     		strb	r0, [r3]
 186 0004 7047     		bx	lr
 187              	.L17:
 188 0006 00BF     		.align	2
 189              	.L16:
 190 0008 88650040 		.word	1073767816
 191              		.cfi_endproc
 192              	.LFE7:
 193              		.size	QuadDec_2_SetInterruptMask, .-QuadDec_2_SetInterruptMask
 194              		.section	.text.QuadDec_2_Enable,"ax",%progbits
 195              		.align	2
 196              		.global	QuadDec_2_Enable
 197              		.thumb
 198              		.thumb_func
 199              		.type	QuadDec_2_Enable, %function
 200              	QuadDec_2_Enable:
 201              	.LFB1:
  71:.\Generated_Source\PSoC5/QuadDec_2.c ****     uint8 enableInterrupts;
 202              		.loc 1 71 0
 203              		.cfi_startproc
 204              		@ args = 0, pretend = 0, frame = 0
 205              		@ frame_needed = 0, uses_anonymous_args = 0
 206 0000 08B5     		push	{r3, lr}
 207              		.cfi_def_cfa_offset 8
 208              		.cfi_offset 3, -8
 209              		.cfi_offset 14, -4
  74:.\Generated_Source\PSoC5/QuadDec_2.c **** 
 210              		.loc 1 74 0
 211 0002 0F20     		movs	r0, #15
 212 0004 FFF7FEFF 		bl	QuadDec_2_SetInterruptMask
 213              	.LVL12:
  77:.\Generated_Source\PSoC5/QuadDec_2.c ****     
 214              		.loc 1 77 0
 215 0008 FFF7FEFF 		bl	QuadDec_2_GetEvents
 216              	.LVL13:
  79:.\Generated_Source\PSoC5/QuadDec_2.c **** 
 217              		.loc 1 79 0
 218 000c FFF7FEFF 		bl	CyEnterCriticalSection
 219              	.LVL14:
  82:.\Generated_Source\PSoC5/QuadDec_2.c **** 
 220              		.loc 1 82 0
 221 0010 034A     		ldr	r2, .L20
 222 0012 1378     		ldrb	r3, [r2]	@ zero_extendqisi2
 223 0014 43F01003 		orr	r3, r3, #16
 224 0018 1370     		strb	r3, [r2]
  84:.\Generated_Source\PSoC5/QuadDec_2.c **** 
ARM GAS  C:\Users\bwil410\AppData\Local\Temp\ccuA8Aoo.s 			page 11


 225              		.loc 1 84 0
 226 001a FFF7FEFF 		bl	CyExitCriticalSection
 227              	.LVL15:
 228 001e 08BD     		pop	{r3, pc}
 229              	.L21:
 230              		.align	2
 231              	.L20:
 232 0020 98650040 		.word	1073767832
 233              		.cfi_endproc
 234              	.LFE1:
 235              		.size	QuadDec_2_Enable, .-QuadDec_2_Enable
 236              		.section	.text.QuadDec_2_Start,"ax",%progbits
 237              		.align	2
 238              		.global	QuadDec_2_Start
 239              		.thumb
 240              		.thumb_func
 241              		.type	QuadDec_2_Start, %function
 242              	QuadDec_2_Start:
 243              	.LFB2:
 117:.\Generated_Source\PSoC5/QuadDec_2.c ****     #if (QuadDec_2_COUNTER_SIZE == QuadDec_2_COUNTER_SIZE_8_BIT)
 244              		.loc 1 117 0
 245              		.cfi_startproc
 246              		@ args = 0, pretend = 0, frame = 0
 247              		@ frame_needed = 0, uses_anonymous_args = 0
 248 0000 08B5     		push	{r3, lr}
 249              		.cfi_def_cfa_offset 8
 250              		.cfi_offset 3, -8
 251              		.cfi_offset 14, -4
 119:.\Generated_Source\PSoC5/QuadDec_2.c ****         QuadDec_2_Cnt8_WriteCounter(QuadDec_2_COUNTER_INIT_VALUE);
 252              		.loc 1 119 0
 253 0002 FFF7FEFF 		bl	QuadDec_2_Cnt8_Start
 254              	.LVL16:
 120:.\Generated_Source\PSoC5/QuadDec_2.c ****     #else
 255              		.loc 1 120 0
 256 0006 8020     		movs	r0, #128
 257 0008 FFF7FEFF 		bl	QuadDec_2_Cnt8_WriteCounter
 258              	.LVL17:
 133:.\Generated_Source\PSoC5/QuadDec_2.c ****     {
 259              		.loc 1 133 0
 260 000c 044B     		ldr	r3, .L25
 261 000e 1B78     		ldrb	r3, [r3]	@ zero_extendqisi2
 262 0010 13B9     		cbnz	r3, .L23
 136:.\Generated_Source\PSoC5/QuadDec_2.c ****     }
 263              		.loc 1 136 0
 264 0012 0122     		movs	r2, #1
 265 0014 024B     		ldr	r3, .L25
 266 0016 1A70     		strb	r2, [r3]
 267              	.L23:
 139:.\Generated_Source\PSoC5/QuadDec_2.c **** }
 268              		.loc 1 139 0
 269 0018 FFF7FEFF 		bl	QuadDec_2_Enable
 270              	.LVL18:
 271 001c 08BD     		pop	{r3, pc}
 272              	.L26:
 273 001e 00BF     		.align	2
 274              	.L25:
 275 0020 00000000 		.word	.LANCHOR0
ARM GAS  C:\Users\bwil410\AppData\Local\Temp\ccuA8Aoo.s 			page 12


 276              		.cfi_endproc
 277              	.LFE2:
 278              		.size	QuadDec_2_Start, .-QuadDec_2_Start
 279              		.section	.text.QuadDec_2_GetInterruptMask,"ax",%progbits
 280              		.align	2
 281              		.global	QuadDec_2_GetInterruptMask
 282              		.thumb
 283              		.thumb_func
 284              		.type	QuadDec_2_GetInterruptMask, %function
 285              	QuadDec_2_GetInterruptMask:
 286              	.LFB8:
 341:.\Generated_Source\PSoC5/QuadDec_2.c **** }
 342:.\Generated_Source\PSoC5/QuadDec_2.c **** 
 343:.\Generated_Source\PSoC5/QuadDec_2.c **** 
 344:.\Generated_Source\PSoC5/QuadDec_2.c **** /*******************************************************************************
 345:.\Generated_Source\PSoC5/QuadDec_2.c **** * Function Name: QuadDec_2_GetInterruptMask
 346:.\Generated_Source\PSoC5/QuadDec_2.c **** ********************************************************************************
 347:.\Generated_Source\PSoC5/QuadDec_2.c **** *
 348:.\Generated_Source\PSoC5/QuadDec_2.c **** * Summary:
 349:.\Generated_Source\PSoC5/QuadDec_2.c **** *  Reports the current interrupt mask settings.
 350:.\Generated_Source\PSoC5/QuadDec_2.c **** *
 351:.\Generated_Source\PSoC5/QuadDec_2.c **** * Parameters:
 352:.\Generated_Source\PSoC5/QuadDec_2.c **** *  None.
 353:.\Generated_Source\PSoC5/QuadDec_2.c **** *
 354:.\Generated_Source\PSoC5/QuadDec_2.c **** * Return:
 355:.\Generated_Source\PSoC5/QuadDec_2.c **** *  Enable / disable bits in an 8-bit value, where 1 enables the interrupt.
 356:.\Generated_Source\PSoC5/QuadDec_2.c **** *  For the 32-bit counter, the overflow, underflow and reset enable bits are
 357:.\Generated_Source\PSoC5/QuadDec_2.c **** *  always set.
 358:.\Generated_Source\PSoC5/QuadDec_2.c **** *
 359:.\Generated_Source\PSoC5/QuadDec_2.c **** *******************************************************************************/
 360:.\Generated_Source\PSoC5/QuadDec_2.c **** uint8 QuadDec_2_GetInterruptMask(void) 
 361:.\Generated_Source\PSoC5/QuadDec_2.c **** {
 287              		.loc 1 361 0
 288              		.cfi_startproc
 289              		@ args = 0, pretend = 0, frame = 0
 290              		@ frame_needed = 0, uses_anonymous_args = 0
 291              		@ link register save eliminated.
 362:.\Generated_Source\PSoC5/QuadDec_2.c ****     return (QuadDec_2_STATUS_MASK & QuadDec_2_INIT_INT_MASK);
 292              		.loc 1 362 0
 293 0000 024B     		ldr	r3, .L28
 294 0002 1878     		ldrb	r0, [r3]	@ zero_extendqisi2
 363:.\Generated_Source\PSoC5/QuadDec_2.c **** }
 295              		.loc 1 363 0
 296 0004 00F00F00 		and	r0, r0, #15
 297 0008 7047     		bx	lr
 298              	.L29:
 299 000a 00BF     		.align	2
 300              	.L28:
 301 000c 88650040 		.word	1073767816
 302              		.cfi_endproc
 303              	.LFE8:
 304              		.size	QuadDec_2_GetInterruptMask, .-QuadDec_2_GetInterruptMask
 305              		.global	QuadDec_2_initVar
 306              		.bss
 307              		.set	.LANCHOR0,. + 0
 308              		.type	QuadDec_2_initVar, %object
 309              		.size	QuadDec_2_initVar, 1
ARM GAS  C:\Users\bwil410\AppData\Local\Temp\ccuA8Aoo.s 			page 13


 310              	QuadDec_2_initVar:
 311 0000 00       		.space	1
 312              		.text
 313              	.Letext0:
 314              		.file 2 ".\\Generated_Source\\PSoC5\\cytypes.h"
 315              		.file 3 ".\\Generated_Source\\PSoC5\\CyLib.h"
 316              		.file 4 ".\\Generated_Source\\PSoC5\\QuadDec_2_Cnt8.h"
 317              		.section	.debug_info,"",%progbits
 318              	.Ldebug_info0:
 319 0000 C0020000 		.4byte	0x2c0
 320 0004 0400     		.2byte	0x4
 321 0006 00000000 		.4byte	.Ldebug_abbrev0
 322 000a 04       		.byte	0x4
 323 000b 01       		.uleb128 0x1
 324 000c EC010000 		.4byte	.LASF35
 325 0010 01       		.byte	0x1
 326 0011 00000000 		.4byte	.LASF36
 327 0015 82000000 		.4byte	.LASF37
 328 0019 00000000 		.4byte	.Ldebug_ranges0+0
 329 001d 00000000 		.4byte	0
 330 0021 00000000 		.4byte	.Ldebug_line0
 331 0025 02       		.uleb128 0x2
 332 0026 04       		.byte	0x4
 333 0027 05       		.byte	0x5
 334 0028 696E7400 		.ascii	"int\000"
 335 002c 03       		.uleb128 0x3
 336 002d 04       		.byte	0x4
 337 002e 07       		.byte	0x7
 338 002f AE010000 		.4byte	.LASF0
 339 0033 03       		.uleb128 0x3
 340 0034 01       		.byte	0x1
 341 0035 06       		.byte	0x6
 342 0036 F4020000 		.4byte	.LASF1
 343 003a 03       		.uleb128 0x3
 344 003b 01       		.byte	0x1
 345 003c 08       		.byte	0x8
 346 003d F3000000 		.4byte	.LASF2
 347 0041 03       		.uleb128 0x3
 348 0042 02       		.byte	0x2
 349 0043 05       		.byte	0x5
 350 0044 AB020000 		.4byte	.LASF3
 351 0048 03       		.uleb128 0x3
 352 0049 02       		.byte	0x2
 353 004a 07       		.byte	0x7
 354 004b 60000000 		.4byte	.LASF4
 355 004f 03       		.uleb128 0x3
 356 0050 04       		.byte	0x4
 357 0051 05       		.byte	0x5
 358 0052 D1020000 		.4byte	.LASF5
 359 0056 03       		.uleb128 0x3
 360 0057 04       		.byte	0x4
 361 0058 07       		.byte	0x7
 362 0059 1D010000 		.4byte	.LASF6
 363 005d 03       		.uleb128 0x3
 364 005e 08       		.byte	0x8
 365 005f 05       		.byte	0x5
 366 0060 98020000 		.4byte	.LASF7
ARM GAS  C:\Users\bwil410\AppData\Local\Temp\ccuA8Aoo.s 			page 14


 367 0064 03       		.uleb128 0x3
 368 0065 08       		.byte	0x8
 369 0066 07       		.byte	0x7
 370 0067 DC000000 		.4byte	.LASF8
 371 006b 03       		.uleb128 0x3
 372 006c 04       		.byte	0x4
 373 006d 07       		.byte	0x7
 374 006e 8F020000 		.4byte	.LASF9
 375 0072 03       		.uleb128 0x3
 376 0073 01       		.byte	0x1
 377 0074 08       		.byte	0x8
 378 0075 DA020000 		.4byte	.LASF10
 379 0079 04       		.uleb128 0x4
 380 007a 2F010000 		.4byte	.LASF11
 381 007e 02       		.byte	0x2
 382 007f 9201     		.2byte	0x192
 383 0081 3A000000 		.4byte	0x3a
 384 0085 04       		.uleb128 0x4
 385 0086 83010000 		.4byte	.LASF12
 386 008a 02       		.byte	0x2
 387 008b 9501     		.2byte	0x195
 388 008d 33000000 		.4byte	0x33
 389 0091 04       		.uleb128 0x4
 390 0092 17010000 		.4byte	.LASF13
 391 0096 02       		.byte	0x2
 392 0097 9601     		.2byte	0x196
 393 0099 41000000 		.4byte	0x41
 394 009d 03       		.uleb128 0x3
 395 009e 04       		.byte	0x4
 396 009f 04       		.byte	0x4
 397 00a0 D6000000 		.4byte	.LASF14
 398 00a4 03       		.uleb128 0x3
 399 00a5 08       		.byte	0x8
 400 00a6 04       		.byte	0x4
 401 00a7 7C010000 		.4byte	.LASF15
 402 00ab 04       		.uleb128 0x4
 403 00ac 01010000 		.4byte	.LASF16
 404 00b0 02       		.byte	0x2
 405 00b1 3C02     		.2byte	0x23c
 406 00b3 B7000000 		.4byte	0xb7
 407 00b7 05       		.uleb128 0x5
 408 00b8 79000000 		.4byte	0x79
 409 00bc 06       		.uleb128 0x6
 410 00bd 73000000 		.4byte	.LASF38
 411 00c1 01       		.byte	0x1
 412 00c2 2A       		.byte	0x2a
 413 00c3 00000000 		.4byte	.LFB0
 414 00c7 02000000 		.4byte	.LFE0-.LFB0
 415 00cb 01       		.uleb128 0x1
 416 00cc 9C       		.byte	0x9c
 417 00cd 07       		.uleb128 0x7
 418 00ce 88010000 		.4byte	.LASF20
 419 00d2 01       		.byte	0x1
 420 00d3 9D       		.byte	0x9d
 421 00d4 00000000 		.4byte	.LFB3
 422 00d8 20000000 		.4byte	.LFE3-.LFB3
 423 00dc 01       		.uleb128 0x1
ARM GAS  C:\Users\bwil410\AppData\Local\Temp\ccuA8Aoo.s 			page 15


 424 00dd 9C       		.byte	0x9c
 425 00de 0D010000 		.4byte	0x10d
 426 00e2 08       		.uleb128 0x8
 427 00e3 57010000 		.4byte	.LASF17
 428 00e7 01       		.byte	0x1
 429 00e8 9F       		.byte	0x9f
 430 00e9 79000000 		.4byte	0x79
 431 00ed 00000000 		.4byte	.LLST0
 432 00f1 09       		.uleb128 0x9
 433 00f2 06000000 		.4byte	.LVL0
 434 00f6 7D020000 		.4byte	0x27d
 435 00fa 09       		.uleb128 0x9
 436 00fb 0A000000 		.4byte	.LVL1
 437 00ff 84020000 		.4byte	0x284
 438 0103 09       		.uleb128 0x9
 439 0104 18000000 		.4byte	.LVL2
 440 0108 8F020000 		.4byte	0x28f
 441 010c 00       		.byte	0
 442 010d 0A       		.uleb128 0xa
 443 010e 7A020000 		.4byte	.LASF39
 444 0112 01       		.byte	0x1
 445 0113 CA       		.byte	0xca
 446 0114 85000000 		.4byte	0x85
 447 0118 00000000 		.4byte	.LFB4
 448 011c 0C000000 		.4byte	.LFE4-.LFB4
 449 0120 01       		.uleb128 0x1
 450 0121 9C       		.byte	0x9c
 451 0122 4C010000 		.4byte	0x14c
 452 0126 0B       		.uleb128 0xb
 453 0127 3F000000 		.4byte	.LASF18
 454 012b 01       		.byte	0x1
 455 012c CC       		.byte	0xcc
 456 012d 85000000 		.4byte	0x85
 457 0131 01       		.uleb128 0x1
 458 0132 50       		.byte	0x50
 459 0133 08       		.uleb128 0x8
 460 0134 35010000 		.4byte	.LASF19
 461 0138 01       		.byte	0x1
 462 0139 CD       		.byte	0xcd
 463 013a 79000000 		.4byte	0x79
 464 013e 13000000 		.4byte	.LLST1
 465 0142 09       		.uleb128 0x9
 466 0143 06000000 		.4byte	.LVL3
 467 0147 A0020000 		.4byte	0x2a0
 468 014b 00       		.byte	0
 469 014c 0C       		.uleb128 0xc
 470 014d 12030000 		.4byte	.LASF21
 471 0151 01       		.byte	0x1
 472 0152 0201     		.2byte	0x102
 473 0154 00000000 		.4byte	.LFB5
 474 0158 18000000 		.4byte	.LFE5-.LFB5
 475 015c 01       		.uleb128 0x1
 476 015d 9C       		.byte	0x9c
 477 015e 8C010000 		.4byte	0x18c
 478 0162 0D       		.uleb128 0xd
 479 0163 39000000 		.4byte	.LASF23
 480 0167 01       		.byte	0x1
ARM GAS  C:\Users\bwil410\AppData\Local\Temp\ccuA8Aoo.s 			page 16


 481 0168 0201     		.2byte	0x102
 482 016a 85000000 		.4byte	0x85
 483 016e 26000000 		.4byte	.LLST2
 484 0172 0E       		.uleb128 0xe
 485 0173 3F000000 		.4byte	.LASF18
 486 0177 01       		.byte	0x1
 487 0178 0601     		.2byte	0x106
 488 017a 79000000 		.4byte	0x79
 489 017e 47000000 		.4byte	.LLST3
 490 0182 09       		.uleb128 0x9
 491 0183 16000000 		.4byte	.LVL10
 492 0187 AB020000 		.4byte	0x2ab
 493 018b 00       		.byte	0
 494 018c 0F       		.uleb128 0xf
 495 018d 68010000 		.4byte	.LASF27
 496 0191 01       		.byte	0x1
 497 0192 3601     		.2byte	0x136
 498 0194 79000000 		.4byte	0x79
 499 0198 00000000 		.4byte	.LFB6
 500 019c 10000000 		.4byte	.LFE6-.LFB6
 501 01a0 01       		.uleb128 0x1
 502 01a1 9C       		.byte	0x9c
 503 01a2 0C       		.uleb128 0xc
 504 01a3 45000000 		.4byte	.LASF22
 505 01a7 01       		.byte	0x1
 506 01a8 4C01     		.2byte	0x14c
 507 01aa 00000000 		.4byte	.LFB7
 508 01ae 0C000000 		.4byte	.LFE7-.LFB7
 509 01b2 01       		.uleb128 0x1
 510 01b3 9C       		.byte	0x9c
 511 01b4 C7010000 		.4byte	0x1c7
 512 01b8 10       		.uleb128 0x10
 513 01b9 A6020000 		.4byte	.LASF24
 514 01bd 01       		.byte	0x1
 515 01be 4C01     		.2byte	0x14c
 516 01c0 79000000 		.4byte	0x79
 517 01c4 01       		.uleb128 0x1
 518 01c5 50       		.byte	0x50
 519 01c6 00       		.byte	0
 520 01c7 07       		.uleb128 0x7
 521 01c8 06010000 		.4byte	.LASF25
 522 01cc 01       		.byte	0x1
 523 01cd 46       		.byte	0x46
 524 01ce 00000000 		.4byte	.LFB1
 525 01d2 24000000 		.4byte	.LFE1-.LFB1
 526 01d6 01       		.uleb128 0x1
 527 01d7 9C       		.byte	0x9c
 528 01d8 1A020000 		.4byte	0x21a
 529 01dc 08       		.uleb128 0x8
 530 01dd 57010000 		.4byte	.LASF17
 531 01e1 01       		.byte	0x1
 532 01e2 48       		.byte	0x48
 533 01e3 79000000 		.4byte	0x79
 534 01e7 65000000 		.4byte	.LLST4
 535 01eb 11       		.uleb128 0x11
 536 01ec 08000000 		.4byte	.LVL12
 537 01f0 A2010000 		.4byte	0x1a2
ARM GAS  C:\Users\bwil410\AppData\Local\Temp\ccuA8Aoo.s 			page 17


 538 01f4 FE010000 		.4byte	0x1fe
 539 01f8 12       		.uleb128 0x12
 540 01f9 01       		.uleb128 0x1
 541 01fa 50       		.byte	0x50
 542 01fb 01       		.uleb128 0x1
 543 01fc 3F       		.byte	0x3f
 544 01fd 00       		.byte	0
 545 01fe 09       		.uleb128 0x9
 546 01ff 0C000000 		.4byte	.LVL13
 547 0203 8C010000 		.4byte	0x18c
 548 0207 09       		.uleb128 0x9
 549 0208 10000000 		.4byte	.LVL14
 550 020c 84020000 		.4byte	0x284
 551 0210 09       		.uleb128 0x9
 552 0211 1E000000 		.4byte	.LVL15
 553 0215 8F020000 		.4byte	0x28f
 554 0219 00       		.byte	0
 555 021a 07       		.uleb128 0x7
 556 021b 27030000 		.4byte	.LASF26
 557 021f 01       		.byte	0x1
 558 0220 74       		.byte	0x74
 559 0221 00000000 		.4byte	.LFB2
 560 0225 24000000 		.4byte	.LFE2-.LFB2
 561 0229 01       		.uleb128 0x1
 562 022a 9C       		.byte	0x9c
 563 022b 56020000 		.4byte	0x256
 564 022f 09       		.uleb128 0x9
 565 0230 06000000 		.4byte	.LVL16
 566 0234 BC020000 		.4byte	0x2bc
 567 0238 11       		.uleb128 0x11
 568 0239 0C000000 		.4byte	.LVL17
 569 023d AB020000 		.4byte	0x2ab
 570 0241 4C020000 		.4byte	0x24c
 571 0245 12       		.uleb128 0x12
 572 0246 01       		.uleb128 0x1
 573 0247 50       		.byte	0x50
 574 0248 02       		.uleb128 0x2
 575 0249 09       		.byte	0x9
 576 024a 80       		.byte	0x80
 577 024b 00       		.byte	0
 578 024c 09       		.uleb128 0x9
 579 024d 1C000000 		.4byte	.LVL18
 580 0251 C7010000 		.4byte	0x1c7
 581 0255 00       		.byte	0
 582 0256 0F       		.uleb128 0xf
 583 0257 3C010000 		.4byte	.LASF28
 584 025b 01       		.byte	0x1
 585 025c 6801     		.2byte	0x168
 586 025e 79000000 		.4byte	0x79
 587 0262 00000000 		.4byte	.LFB8
 588 0266 10000000 		.4byte	.LFE8-.LFB8
 589 026a 01       		.uleb128 0x1
 590 026b 9C       		.byte	0x9c
 591 026c 13       		.uleb128 0x13
 592 026d 00030000 		.4byte	.LASF40
 593 0271 01       		.byte	0x1
 594 0272 19       		.byte	0x19
ARM GAS  C:\Users\bwil410\AppData\Local\Temp\ccuA8Aoo.s 			page 18


 595 0273 79000000 		.4byte	0x79
 596 0277 05       		.uleb128 0x5
 597 0278 03       		.byte	0x3
 598 0279 00000000 		.4byte	QuadDec_2_initVar
 599 027d 14       		.uleb128 0x14
 600 027e 25000000 		.4byte	.LASF33
 601 0282 04       		.byte	0x4
 602 0283 50       		.byte	0x50
 603 0284 15       		.uleb128 0x15
 604 0285 97010000 		.4byte	.LASF29
 605 0289 03       		.byte	0x3
 606 028a 7D       		.byte	0x7d
 607 028b 79000000 		.4byte	0x79
 608 028f 16       		.uleb128 0x16
 609 0290 D6010000 		.4byte	.LASF31
 610 0294 03       		.byte	0x3
 611 0295 7E       		.byte	0x7e
 612 0296 A0020000 		.4byte	0x2a0
 613 029a 17       		.uleb128 0x17
 614 029b 79000000 		.4byte	0x79
 615 029f 00       		.byte	0
 616 02a0 15       		.uleb128 0x15
 617 02a1 BB010000 		.4byte	.LASF30
 618 02a5 04       		.byte	0x4
 619 02a6 5D       		.byte	0x5d
 620 02a7 79000000 		.4byte	0x79
 621 02ab 16       		.uleb128 0x16
 622 02ac B5020000 		.4byte	.LASF32
 623 02b0 04       		.byte	0x4
 624 02b1 5A       		.byte	0x5a
 625 02b2 BC020000 		.4byte	0x2bc
 626 02b6 17       		.uleb128 0x17
 627 02b7 79000000 		.4byte	0x79
 628 02bb 00       		.byte	0
 629 02bc 14       		.uleb128 0x14
 630 02bd DF020000 		.4byte	.LASF34
 631 02c1 04       		.byte	0x4
 632 02c2 4F       		.byte	0x4f
 633 02c3 00       		.byte	0
 634              		.section	.debug_abbrev,"",%progbits
 635              	.Ldebug_abbrev0:
 636 0000 01       		.uleb128 0x1
 637 0001 11       		.uleb128 0x11
 638 0002 01       		.byte	0x1
 639 0003 25       		.uleb128 0x25
 640 0004 0E       		.uleb128 0xe
 641 0005 13       		.uleb128 0x13
 642 0006 0B       		.uleb128 0xb
 643 0007 03       		.uleb128 0x3
 644 0008 0E       		.uleb128 0xe
 645 0009 1B       		.uleb128 0x1b
 646 000a 0E       		.uleb128 0xe
 647 000b 55       		.uleb128 0x55
 648 000c 17       		.uleb128 0x17
 649 000d 11       		.uleb128 0x11
 650 000e 01       		.uleb128 0x1
 651 000f 10       		.uleb128 0x10
ARM GAS  C:\Users\bwil410\AppData\Local\Temp\ccuA8Aoo.s 			page 19


 652 0010 17       		.uleb128 0x17
 653 0011 00       		.byte	0
 654 0012 00       		.byte	0
 655 0013 02       		.uleb128 0x2
 656 0014 24       		.uleb128 0x24
 657 0015 00       		.byte	0
 658 0016 0B       		.uleb128 0xb
 659 0017 0B       		.uleb128 0xb
 660 0018 3E       		.uleb128 0x3e
 661 0019 0B       		.uleb128 0xb
 662 001a 03       		.uleb128 0x3
 663 001b 08       		.uleb128 0x8
 664 001c 00       		.byte	0
 665 001d 00       		.byte	0
 666 001e 03       		.uleb128 0x3
 667 001f 24       		.uleb128 0x24
 668 0020 00       		.byte	0
 669 0021 0B       		.uleb128 0xb
 670 0022 0B       		.uleb128 0xb
 671 0023 3E       		.uleb128 0x3e
 672 0024 0B       		.uleb128 0xb
 673 0025 03       		.uleb128 0x3
 674 0026 0E       		.uleb128 0xe
 675 0027 00       		.byte	0
 676 0028 00       		.byte	0
 677 0029 04       		.uleb128 0x4
 678 002a 16       		.uleb128 0x16
 679 002b 00       		.byte	0
 680 002c 03       		.uleb128 0x3
 681 002d 0E       		.uleb128 0xe
 682 002e 3A       		.uleb128 0x3a
 683 002f 0B       		.uleb128 0xb
 684 0030 3B       		.uleb128 0x3b
 685 0031 05       		.uleb128 0x5
 686 0032 49       		.uleb128 0x49
 687 0033 13       		.uleb128 0x13
 688 0034 00       		.byte	0
 689 0035 00       		.byte	0
 690 0036 05       		.uleb128 0x5
 691 0037 35       		.uleb128 0x35
 692 0038 00       		.byte	0
 693 0039 49       		.uleb128 0x49
 694 003a 13       		.uleb128 0x13
 695 003b 00       		.byte	0
 696 003c 00       		.byte	0
 697 003d 06       		.uleb128 0x6
 698 003e 2E       		.uleb128 0x2e
 699 003f 00       		.byte	0
 700 0040 3F       		.uleb128 0x3f
 701 0041 19       		.uleb128 0x19
 702 0042 03       		.uleb128 0x3
 703 0043 0E       		.uleb128 0xe
 704 0044 3A       		.uleb128 0x3a
 705 0045 0B       		.uleb128 0xb
 706 0046 3B       		.uleb128 0x3b
 707 0047 0B       		.uleb128 0xb
 708 0048 27       		.uleb128 0x27
ARM GAS  C:\Users\bwil410\AppData\Local\Temp\ccuA8Aoo.s 			page 20


 709 0049 19       		.uleb128 0x19
 710 004a 11       		.uleb128 0x11
 711 004b 01       		.uleb128 0x1
 712 004c 12       		.uleb128 0x12
 713 004d 06       		.uleb128 0x6
 714 004e 40       		.uleb128 0x40
 715 004f 18       		.uleb128 0x18
 716 0050 9742     		.uleb128 0x2117
 717 0052 19       		.uleb128 0x19
 718 0053 00       		.byte	0
 719 0054 00       		.byte	0
 720 0055 07       		.uleb128 0x7
 721 0056 2E       		.uleb128 0x2e
 722 0057 01       		.byte	0x1
 723 0058 3F       		.uleb128 0x3f
 724 0059 19       		.uleb128 0x19
 725 005a 03       		.uleb128 0x3
 726 005b 0E       		.uleb128 0xe
 727 005c 3A       		.uleb128 0x3a
 728 005d 0B       		.uleb128 0xb
 729 005e 3B       		.uleb128 0x3b
 730 005f 0B       		.uleb128 0xb
 731 0060 27       		.uleb128 0x27
 732 0061 19       		.uleb128 0x19
 733 0062 11       		.uleb128 0x11
 734 0063 01       		.uleb128 0x1
 735 0064 12       		.uleb128 0x12
 736 0065 06       		.uleb128 0x6
 737 0066 40       		.uleb128 0x40
 738 0067 18       		.uleb128 0x18
 739 0068 9742     		.uleb128 0x2117
 740 006a 19       		.uleb128 0x19
 741 006b 01       		.uleb128 0x1
 742 006c 13       		.uleb128 0x13
 743 006d 00       		.byte	0
 744 006e 00       		.byte	0
 745 006f 08       		.uleb128 0x8
 746 0070 34       		.uleb128 0x34
 747 0071 00       		.byte	0
 748 0072 03       		.uleb128 0x3
 749 0073 0E       		.uleb128 0xe
 750 0074 3A       		.uleb128 0x3a
 751 0075 0B       		.uleb128 0xb
 752 0076 3B       		.uleb128 0x3b
 753 0077 0B       		.uleb128 0xb
 754 0078 49       		.uleb128 0x49
 755 0079 13       		.uleb128 0x13
 756 007a 02       		.uleb128 0x2
 757 007b 17       		.uleb128 0x17
 758 007c 00       		.byte	0
 759 007d 00       		.byte	0
 760 007e 09       		.uleb128 0x9
 761 007f 898201   		.uleb128 0x4109
 762 0082 00       		.byte	0
 763 0083 11       		.uleb128 0x11
 764 0084 01       		.uleb128 0x1
 765 0085 31       		.uleb128 0x31
ARM GAS  C:\Users\bwil410\AppData\Local\Temp\ccuA8Aoo.s 			page 21


 766 0086 13       		.uleb128 0x13
 767 0087 00       		.byte	0
 768 0088 00       		.byte	0
 769 0089 0A       		.uleb128 0xa
 770 008a 2E       		.uleb128 0x2e
 771 008b 01       		.byte	0x1
 772 008c 3F       		.uleb128 0x3f
 773 008d 19       		.uleb128 0x19
 774 008e 03       		.uleb128 0x3
 775 008f 0E       		.uleb128 0xe
 776 0090 3A       		.uleb128 0x3a
 777 0091 0B       		.uleb128 0xb
 778 0092 3B       		.uleb128 0x3b
 779 0093 0B       		.uleb128 0xb
 780 0094 27       		.uleb128 0x27
 781 0095 19       		.uleb128 0x19
 782 0096 49       		.uleb128 0x49
 783 0097 13       		.uleb128 0x13
 784 0098 11       		.uleb128 0x11
 785 0099 01       		.uleb128 0x1
 786 009a 12       		.uleb128 0x12
 787 009b 06       		.uleb128 0x6
 788 009c 40       		.uleb128 0x40
 789 009d 18       		.uleb128 0x18
 790 009e 9742     		.uleb128 0x2117
 791 00a0 19       		.uleb128 0x19
 792 00a1 01       		.uleb128 0x1
 793 00a2 13       		.uleb128 0x13
 794 00a3 00       		.byte	0
 795 00a4 00       		.byte	0
 796 00a5 0B       		.uleb128 0xb
 797 00a6 34       		.uleb128 0x34
 798 00a7 00       		.byte	0
 799 00a8 03       		.uleb128 0x3
 800 00a9 0E       		.uleb128 0xe
 801 00aa 3A       		.uleb128 0x3a
 802 00ab 0B       		.uleb128 0xb
 803 00ac 3B       		.uleb128 0x3b
 804 00ad 0B       		.uleb128 0xb
 805 00ae 49       		.uleb128 0x49
 806 00af 13       		.uleb128 0x13
 807 00b0 02       		.uleb128 0x2
 808 00b1 18       		.uleb128 0x18
 809 00b2 00       		.byte	0
 810 00b3 00       		.byte	0
 811 00b4 0C       		.uleb128 0xc
 812 00b5 2E       		.uleb128 0x2e
 813 00b6 01       		.byte	0x1
 814 00b7 3F       		.uleb128 0x3f
 815 00b8 19       		.uleb128 0x19
 816 00b9 03       		.uleb128 0x3
 817 00ba 0E       		.uleb128 0xe
 818 00bb 3A       		.uleb128 0x3a
 819 00bc 0B       		.uleb128 0xb
 820 00bd 3B       		.uleb128 0x3b
 821 00be 05       		.uleb128 0x5
 822 00bf 27       		.uleb128 0x27
ARM GAS  C:\Users\bwil410\AppData\Local\Temp\ccuA8Aoo.s 			page 22


 823 00c0 19       		.uleb128 0x19
 824 00c1 11       		.uleb128 0x11
 825 00c2 01       		.uleb128 0x1
 826 00c3 12       		.uleb128 0x12
 827 00c4 06       		.uleb128 0x6
 828 00c5 40       		.uleb128 0x40
 829 00c6 18       		.uleb128 0x18
 830 00c7 9742     		.uleb128 0x2117
 831 00c9 19       		.uleb128 0x19
 832 00ca 01       		.uleb128 0x1
 833 00cb 13       		.uleb128 0x13
 834 00cc 00       		.byte	0
 835 00cd 00       		.byte	0
 836 00ce 0D       		.uleb128 0xd
 837 00cf 05       		.uleb128 0x5
 838 00d0 00       		.byte	0
 839 00d1 03       		.uleb128 0x3
 840 00d2 0E       		.uleb128 0xe
 841 00d3 3A       		.uleb128 0x3a
 842 00d4 0B       		.uleb128 0xb
 843 00d5 3B       		.uleb128 0x3b
 844 00d6 05       		.uleb128 0x5
 845 00d7 49       		.uleb128 0x49
 846 00d8 13       		.uleb128 0x13
 847 00d9 02       		.uleb128 0x2
 848 00da 17       		.uleb128 0x17
 849 00db 00       		.byte	0
 850 00dc 00       		.byte	0
 851 00dd 0E       		.uleb128 0xe
 852 00de 34       		.uleb128 0x34
 853 00df 00       		.byte	0
 854 00e0 03       		.uleb128 0x3
 855 00e1 0E       		.uleb128 0xe
 856 00e2 3A       		.uleb128 0x3a
 857 00e3 0B       		.uleb128 0xb
 858 00e4 3B       		.uleb128 0x3b
 859 00e5 05       		.uleb128 0x5
 860 00e6 49       		.uleb128 0x49
 861 00e7 13       		.uleb128 0x13
 862 00e8 02       		.uleb128 0x2
 863 00e9 17       		.uleb128 0x17
 864 00ea 00       		.byte	0
 865 00eb 00       		.byte	0
 866 00ec 0F       		.uleb128 0xf
 867 00ed 2E       		.uleb128 0x2e
 868 00ee 00       		.byte	0
 869 00ef 3F       		.uleb128 0x3f
 870 00f0 19       		.uleb128 0x19
 871 00f1 03       		.uleb128 0x3
 872 00f2 0E       		.uleb128 0xe
 873 00f3 3A       		.uleb128 0x3a
 874 00f4 0B       		.uleb128 0xb
 875 00f5 3B       		.uleb128 0x3b
 876 00f6 05       		.uleb128 0x5
 877 00f7 27       		.uleb128 0x27
 878 00f8 19       		.uleb128 0x19
 879 00f9 49       		.uleb128 0x49
ARM GAS  C:\Users\bwil410\AppData\Local\Temp\ccuA8Aoo.s 			page 23


 880 00fa 13       		.uleb128 0x13
 881 00fb 11       		.uleb128 0x11
 882 00fc 01       		.uleb128 0x1
 883 00fd 12       		.uleb128 0x12
 884 00fe 06       		.uleb128 0x6
 885 00ff 40       		.uleb128 0x40
 886 0100 18       		.uleb128 0x18
 887 0101 9742     		.uleb128 0x2117
 888 0103 19       		.uleb128 0x19
 889 0104 00       		.byte	0
 890 0105 00       		.byte	0
 891 0106 10       		.uleb128 0x10
 892 0107 05       		.uleb128 0x5
 893 0108 00       		.byte	0
 894 0109 03       		.uleb128 0x3
 895 010a 0E       		.uleb128 0xe
 896 010b 3A       		.uleb128 0x3a
 897 010c 0B       		.uleb128 0xb
 898 010d 3B       		.uleb128 0x3b
 899 010e 05       		.uleb128 0x5
 900 010f 49       		.uleb128 0x49
 901 0110 13       		.uleb128 0x13
 902 0111 02       		.uleb128 0x2
 903 0112 18       		.uleb128 0x18
 904 0113 00       		.byte	0
 905 0114 00       		.byte	0
 906 0115 11       		.uleb128 0x11
 907 0116 898201   		.uleb128 0x4109
 908 0119 01       		.byte	0x1
 909 011a 11       		.uleb128 0x11
 910 011b 01       		.uleb128 0x1
 911 011c 31       		.uleb128 0x31
 912 011d 13       		.uleb128 0x13
 913 011e 01       		.uleb128 0x1
 914 011f 13       		.uleb128 0x13
 915 0120 00       		.byte	0
 916 0121 00       		.byte	0
 917 0122 12       		.uleb128 0x12
 918 0123 8A8201   		.uleb128 0x410a
 919 0126 00       		.byte	0
 920 0127 02       		.uleb128 0x2
 921 0128 18       		.uleb128 0x18
 922 0129 9142     		.uleb128 0x2111
 923 012b 18       		.uleb128 0x18
 924 012c 00       		.byte	0
 925 012d 00       		.byte	0
 926 012e 13       		.uleb128 0x13
 927 012f 34       		.uleb128 0x34
 928 0130 00       		.byte	0
 929 0131 03       		.uleb128 0x3
 930 0132 0E       		.uleb128 0xe
 931 0133 3A       		.uleb128 0x3a
 932 0134 0B       		.uleb128 0xb
 933 0135 3B       		.uleb128 0x3b
 934 0136 0B       		.uleb128 0xb
 935 0137 49       		.uleb128 0x49
 936 0138 13       		.uleb128 0x13
ARM GAS  C:\Users\bwil410\AppData\Local\Temp\ccuA8Aoo.s 			page 24


 937 0139 3F       		.uleb128 0x3f
 938 013a 19       		.uleb128 0x19
 939 013b 02       		.uleb128 0x2
 940 013c 18       		.uleb128 0x18
 941 013d 00       		.byte	0
 942 013e 00       		.byte	0
 943 013f 14       		.uleb128 0x14
 944 0140 2E       		.uleb128 0x2e
 945 0141 00       		.byte	0
 946 0142 3F       		.uleb128 0x3f
 947 0143 19       		.uleb128 0x19
 948 0144 03       		.uleb128 0x3
 949 0145 0E       		.uleb128 0xe
 950 0146 3A       		.uleb128 0x3a
 951 0147 0B       		.uleb128 0xb
 952 0148 3B       		.uleb128 0x3b
 953 0149 0B       		.uleb128 0xb
 954 014a 27       		.uleb128 0x27
 955 014b 19       		.uleb128 0x19
 956 014c 3C       		.uleb128 0x3c
 957 014d 19       		.uleb128 0x19
 958 014e 00       		.byte	0
 959 014f 00       		.byte	0
 960 0150 15       		.uleb128 0x15
 961 0151 2E       		.uleb128 0x2e
 962 0152 00       		.byte	0
 963 0153 3F       		.uleb128 0x3f
 964 0154 19       		.uleb128 0x19
 965 0155 03       		.uleb128 0x3
 966 0156 0E       		.uleb128 0xe
 967 0157 3A       		.uleb128 0x3a
 968 0158 0B       		.uleb128 0xb
 969 0159 3B       		.uleb128 0x3b
 970 015a 0B       		.uleb128 0xb
 971 015b 27       		.uleb128 0x27
 972 015c 19       		.uleb128 0x19
 973 015d 49       		.uleb128 0x49
 974 015e 13       		.uleb128 0x13
 975 015f 3C       		.uleb128 0x3c
 976 0160 19       		.uleb128 0x19
 977 0161 00       		.byte	0
 978 0162 00       		.byte	0
 979 0163 16       		.uleb128 0x16
 980 0164 2E       		.uleb128 0x2e
 981 0165 01       		.byte	0x1
 982 0166 3F       		.uleb128 0x3f
 983 0167 19       		.uleb128 0x19
 984 0168 03       		.uleb128 0x3
 985 0169 0E       		.uleb128 0xe
 986 016a 3A       		.uleb128 0x3a
 987 016b 0B       		.uleb128 0xb
 988 016c 3B       		.uleb128 0x3b
 989 016d 0B       		.uleb128 0xb
 990 016e 27       		.uleb128 0x27
 991 016f 19       		.uleb128 0x19
 992 0170 3C       		.uleb128 0x3c
 993 0171 19       		.uleb128 0x19
ARM GAS  C:\Users\bwil410\AppData\Local\Temp\ccuA8Aoo.s 			page 25


 994 0172 01       		.uleb128 0x1
 995 0173 13       		.uleb128 0x13
 996 0174 00       		.byte	0
 997 0175 00       		.byte	0
 998 0176 17       		.uleb128 0x17
 999 0177 05       		.uleb128 0x5
 1000 0178 00       		.byte	0
 1001 0179 49       		.uleb128 0x49
 1002 017a 13       		.uleb128 0x13
 1003 017b 00       		.byte	0
 1004 017c 00       		.byte	0
 1005 017d 00       		.byte	0
 1006              		.section	.debug_loc,"",%progbits
 1007              	.Ldebug_loc0:
 1008              	.LLST0:
 1009 0000 0A000000 		.4byte	.LVL1
 1010 0004 17000000 		.4byte	.LVL2-1
 1011 0008 0100     		.2byte	0x1
 1012 000a 50       		.byte	0x50
 1013 000b 00000000 		.4byte	0
 1014 000f 00000000 		.4byte	0
 1015              	.LLST1:
 1016 0013 06000000 		.4byte	.LVL3
 1017 0017 08000000 		.4byte	.LVL4
 1018 001b 0100     		.2byte	0x1
 1019 001d 50       		.byte	0x50
 1020 001e 00000000 		.4byte	0
 1021 0022 00000000 		.4byte	0
 1022              	.LLST2:
 1023 0026 00000000 		.4byte	.LVL5
 1024 002a 04000000 		.4byte	.LVL6
 1025 002e 0100     		.2byte	0x1
 1026 0030 50       		.byte	0x50
 1027 0031 04000000 		.4byte	.LVL6
 1028 0035 18000000 		.4byte	.LFE5
 1029 0039 0400     		.2byte	0x4
 1030 003b F3       		.byte	0xf3
 1031 003c 01       		.uleb128 0x1
 1032 003d 50       		.byte	0x50
 1033 003e 9F       		.byte	0x9f
 1034 003f 00000000 		.4byte	0
 1035 0043 00000000 		.4byte	0
 1036              	.LLST3:
 1037 0047 0C000000 		.4byte	.LVL7
 1038 004b 0E000000 		.4byte	.LVL8
 1039 004f 0100     		.2byte	0x1
 1040 0051 50       		.byte	0x50
 1041 0052 12000000 		.4byte	.LVL9
 1042 0056 15000000 		.4byte	.LVL10-1
 1043 005a 0100     		.2byte	0x1
 1044 005c 50       		.byte	0x50
 1045 005d 00000000 		.4byte	0
 1046 0061 00000000 		.4byte	0
 1047              	.LLST4:
 1048 0065 10000000 		.4byte	.LVL14
 1049 0069 1D000000 		.4byte	.LVL15-1
 1050 006d 0100     		.2byte	0x1
ARM GAS  C:\Users\bwil410\AppData\Local\Temp\ccuA8Aoo.s 			page 26


 1051 006f 50       		.byte	0x50
 1052 0070 00000000 		.4byte	0
 1053 0074 00000000 		.4byte	0
 1054              		.section	.debug_aranges,"",%progbits
 1055 0000 5C000000 		.4byte	0x5c
 1056 0004 0200     		.2byte	0x2
 1057 0006 00000000 		.4byte	.Ldebug_info0
 1058 000a 04       		.byte	0x4
 1059 000b 00       		.byte	0
 1060 000c 0000     		.2byte	0
 1061 000e 0000     		.2byte	0
 1062 0010 00000000 		.4byte	.LFB0
 1063 0014 02000000 		.4byte	.LFE0-.LFB0
 1064 0018 00000000 		.4byte	.LFB3
 1065 001c 20000000 		.4byte	.LFE3-.LFB3
 1066 0020 00000000 		.4byte	.LFB4
 1067 0024 0C000000 		.4byte	.LFE4-.LFB4
 1068 0028 00000000 		.4byte	.LFB5
 1069 002c 18000000 		.4byte	.LFE5-.LFB5
 1070 0030 00000000 		.4byte	.LFB6
 1071 0034 10000000 		.4byte	.LFE6-.LFB6
 1072 0038 00000000 		.4byte	.LFB7
 1073 003c 0C000000 		.4byte	.LFE7-.LFB7
 1074 0040 00000000 		.4byte	.LFB1
 1075 0044 24000000 		.4byte	.LFE1-.LFB1
 1076 0048 00000000 		.4byte	.LFB2
 1077 004c 24000000 		.4byte	.LFE2-.LFB2
 1078 0050 00000000 		.4byte	.LFB8
 1079 0054 10000000 		.4byte	.LFE8-.LFB8
 1080 0058 00000000 		.4byte	0
 1081 005c 00000000 		.4byte	0
 1082              		.section	.debug_ranges,"",%progbits
 1083              	.Ldebug_ranges0:
 1084 0000 00000000 		.4byte	.LFB0
 1085 0004 02000000 		.4byte	.LFE0
 1086 0008 00000000 		.4byte	.LFB3
 1087 000c 20000000 		.4byte	.LFE3
 1088 0010 00000000 		.4byte	.LFB4
 1089 0014 0C000000 		.4byte	.LFE4
 1090 0018 00000000 		.4byte	.LFB5
 1091 001c 18000000 		.4byte	.LFE5
 1092 0020 00000000 		.4byte	.LFB6
 1093 0024 10000000 		.4byte	.LFE6
 1094 0028 00000000 		.4byte	.LFB7
 1095 002c 0C000000 		.4byte	.LFE7
 1096 0030 00000000 		.4byte	.LFB1
 1097 0034 24000000 		.4byte	.LFE1
 1098 0038 00000000 		.4byte	.LFB2
 1099 003c 24000000 		.4byte	.LFE2
 1100 0040 00000000 		.4byte	.LFB8
 1101 0044 10000000 		.4byte	.LFE8
 1102 0048 00000000 		.4byte	0
 1103 004c 00000000 		.4byte	0
 1104              		.section	.debug_line,"",%progbits
 1105              	.Ldebug_line0:
 1106 0000 1B010000 		.section	.debug_str,"MS",%progbits,1
 1106      02006700 
ARM GAS  C:\Users\bwil410\AppData\Local\Temp\ccuA8Aoo.s 			page 27


 1106      00000201 
 1106      FB0E0D00 
 1106      01010101 
 1107              	.LASF36:
 1108 0000 2E5C4765 		.ascii	".\\Generated_Source\\PSoC5\\QuadDec_2.c\000"
 1108      6E657261 
 1108      7465645F 
 1108      536F7572 
 1108      63655C50 
 1109              	.LASF33:
 1110 0025 51756164 		.ascii	"QuadDec_2_Cnt8_Stop\000"
 1110      4465635F 
 1110      325F436E 
 1110      74385F53 
 1110      746F7000 
 1111              	.LASF23:
 1112 0039 76616C75 		.ascii	"value\000"
 1112      6500
 1113              	.LASF18:
 1114 003f 636F756E 		.ascii	"count\000"
 1114      7400
 1115              	.LASF22:
 1116 0045 51756164 		.ascii	"QuadDec_2_SetInterruptMask\000"
 1116      4465635F 
 1116      325F5365 
 1116      74496E74 
 1116      65727275 
 1117              	.LASF4:
 1118 0060 73686F72 		.ascii	"short unsigned int\000"
 1118      7420756E 
 1118      7369676E 
 1118      65642069 
 1118      6E7400
 1119              	.LASF38:
 1120 0073 51756164 		.ascii	"QuadDec_2_Init\000"
 1120      4465635F 
 1120      325F496E 
 1120      697400
 1121              	.LASF37:
 1122 0082 483A5C47 		.ascii	"H:\\Group3\\PacMan-Robot\\301_Group_3_Software\\PSO"
 1122      726F7570 
 1122      335C5061 
 1122      634D616E 
 1122      2D526F62 
 1123 00b1 435F636F 		.ascii	"C_code_T1\\Workspace01\\Design01.cydsn\000"
 1123      64655F54 
 1123      315C576F 
 1123      726B7370 
 1123      61636530 
 1124              	.LASF14:
 1125 00d6 666C6F61 		.ascii	"float\000"
 1125      7400
 1126              	.LASF8:
 1127 00dc 6C6F6E67 		.ascii	"long long unsigned int\000"
 1127      206C6F6E 
 1127      6720756E 
 1127      7369676E 
ARM GAS  C:\Users\bwil410\AppData\Local\Temp\ccuA8Aoo.s 			page 28


 1127      65642069 
 1128              	.LASF2:
 1129 00f3 756E7369 		.ascii	"unsigned char\000"
 1129      676E6564 
 1129      20636861 
 1129      7200
 1130              	.LASF16:
 1131 0101 72656738 		.ascii	"reg8\000"
 1131      00
 1132              	.LASF25:
 1133 0106 51756164 		.ascii	"QuadDec_2_Enable\000"
 1133      4465635F 
 1133      325F456E 
 1133      61626C65 
 1133      00
 1134              	.LASF13:
 1135 0117 696E7431 		.ascii	"int16\000"
 1135      3600
 1136              	.LASF6:
 1137 011d 6C6F6E67 		.ascii	"long unsigned int\000"
 1137      20756E73 
 1137      69676E65 
 1137      6420696E 
 1137      7400
 1138              	.LASF11:
 1139 012f 75696E74 		.ascii	"uint8\000"
 1139      3800
 1140              	.LASF19:
 1141 0135 746D7043 		.ascii	"tmpCnt\000"
 1141      6E7400
 1142              	.LASF28:
 1143 013c 51756164 		.ascii	"QuadDec_2_GetInterruptMask\000"
 1143      4465635F 
 1143      325F4765 
 1143      74496E74 
 1143      65727275 
 1144              	.LASF17:
 1145 0157 656E6162 		.ascii	"enableInterrupts\000"
 1145      6C65496E 
 1145      74657272 
 1145      75707473 
 1145      00
 1146              	.LASF27:
 1147 0168 51756164 		.ascii	"QuadDec_2_GetEvents\000"
 1147      4465635F 
 1147      325F4765 
 1147      74457665 
 1147      6E747300 
 1148              	.LASF15:
 1149 017c 646F7562 		.ascii	"double\000"
 1149      6C6500
 1150              	.LASF12:
 1151 0183 696E7438 		.ascii	"int8\000"
 1151      00
 1152              	.LASF20:
 1153 0188 51756164 		.ascii	"QuadDec_2_Stop\000"
 1153      4465635F 
ARM GAS  C:\Users\bwil410\AppData\Local\Temp\ccuA8Aoo.s 			page 29


 1153      325F5374 
 1153      6F7000
 1154              	.LASF29:
 1155 0197 4379456E 		.ascii	"CyEnterCriticalSection\000"
 1155      74657243 
 1155      72697469 
 1155      63616C53 
 1155      65637469 
 1156              	.LASF0:
 1157 01ae 756E7369 		.ascii	"unsigned int\000"
 1157      676E6564 
 1157      20696E74 
 1157      00
 1158              	.LASF30:
 1159 01bb 51756164 		.ascii	"QuadDec_2_Cnt8_ReadCounter\000"
 1159      4465635F 
 1159      325F436E 
 1159      74385F52 
 1159      65616443 
 1160              	.LASF31:
 1161 01d6 43794578 		.ascii	"CyExitCriticalSection\000"
 1161      69744372 
 1161      69746963 
 1161      616C5365 
 1161      6374696F 
 1162              	.LASF35:
 1163 01ec 474E5520 		.ascii	"GNU C 4.9.3 20150303 (release) [ARM/embedded-4_9-br"
 1163      4320342E 
 1163      392E3320 
 1163      32303135 
 1163      30333033 
 1164 021f 616E6368 		.ascii	"anch revision 221220] -mcpu=cortex-m3 -mthumb -g -O"
 1164      20726576 
 1164      6973696F 
 1164      6E203232 
 1164      31323230 
 1165 0252 67202D66 		.ascii	"g -ffunction-sections -ffat-lto-objects\000"
 1165      66756E63 
 1165      74696F6E 
 1165      2D736563 
 1165      74696F6E 
 1166              	.LASF39:
 1167 027a 51756164 		.ascii	"QuadDec_2_GetCounter\000"
 1167      4465635F 
 1167      325F4765 
 1167      74436F75 
 1167      6E746572 
 1168              	.LASF9:
 1169 028f 73697A65 		.ascii	"sizetype\000"
 1169      74797065 
 1169      00
 1170              	.LASF7:
 1171 0298 6C6F6E67 		.ascii	"long long int\000"
 1171      206C6F6E 
 1171      6720696E 
 1171      7400
 1172              	.LASF24:
ARM GAS  C:\Users\bwil410\AppData\Local\Temp\ccuA8Aoo.s 			page 30


 1173 02a6 6D61736B 		.ascii	"mask\000"
 1173      00
 1174              	.LASF3:
 1175 02ab 73686F72 		.ascii	"short int\000"
 1175      7420696E 
 1175      7400
 1176              	.LASF32:
 1177 02b5 51756164 		.ascii	"QuadDec_2_Cnt8_WriteCounter\000"
 1177      4465635F 
 1177      325F436E 
 1177      74385F57 
 1177      72697465 
 1178              	.LASF5:
 1179 02d1 6C6F6E67 		.ascii	"long int\000"
 1179      20696E74 
 1179      00
 1180              	.LASF10:
 1181 02da 63686172 		.ascii	"char\000"
 1181      00
 1182              	.LASF34:
 1183 02df 51756164 		.ascii	"QuadDec_2_Cnt8_Start\000"
 1183      4465635F 
 1183      325F436E 
 1183      74385F53 
 1183      74617274 
 1184              	.LASF1:
 1185 02f4 7369676E 		.ascii	"signed char\000"
 1185      65642063 
 1185      68617200 
 1186              	.LASF40:
 1187 0300 51756164 		.ascii	"QuadDec_2_initVar\000"
 1187      4465635F 
 1187      325F696E 
 1187      69745661 
 1187      7200
 1188              	.LASF21:
 1189 0312 51756164 		.ascii	"QuadDec_2_SetCounter\000"
 1189      4465635F 
 1189      325F5365 
 1189      74436F75 
 1189      6E746572 
 1190              	.LASF26:
 1191 0327 51756164 		.ascii	"QuadDec_2_Start\000"
 1191      4465635F 
 1191      325F5374 
 1191      61727400 
 1192              		.ident	"GCC: (GNU Tools for ARM Embedded Processors) 4.9.3 20150303 (release) [ARM/embedded-4_9-br
