ARM GAS  C:\Users\bwil410\AppData\Local\Temp\ccdHoAkg.s 			page 1


   1              		.syntax unified
   2              		.cpu cortex-m3
   3              		.fpu softvfp
   4              		.eabi_attribute 20, 1
   5              		.eabi_attribute 21, 1
   6              		.eabi_attribute 23, 3
   7              		.eabi_attribute 24, 1
   8              		.eabi_attribute 25, 1
   9              		.eabi_attribute 26, 1
  10              		.eabi_attribute 30, 1
  11              		.eabi_attribute 34, 1
  12              		.eabi_attribute 18, 4
  13              		.thumb
  14              		.file	"Timer_2_PM.c"
  15              		.text
  16              	.Ltext0:
  17              		.cfi_sections	.debug_frame
  18              		.section	.text.Timer_2_SaveConfig,"ax",%progbits
  19              		.align	2
  20              		.global	Timer_2_SaveConfig
  21              		.thumb
  22              		.thumb_func
  23              		.type	Timer_2_SaveConfig, %function
  24              	Timer_2_SaveConfig:
  25              	.LFB0:
  26              		.file 1 ".\\Generated_Source\\PSoC5\\Timer_2_PM.c"
   1:.\Generated_Source\PSoC5/Timer_2_PM.c **** /*******************************************************************************
   2:.\Generated_Source\PSoC5/Timer_2_PM.c **** * File Name: Timer_2_PM.c
   3:.\Generated_Source\PSoC5/Timer_2_PM.c **** * Version 2.70
   4:.\Generated_Source\PSoC5/Timer_2_PM.c **** *
   5:.\Generated_Source\PSoC5/Timer_2_PM.c **** *  Description:
   6:.\Generated_Source\PSoC5/Timer_2_PM.c **** *     This file provides the power management source code to API for the
   7:.\Generated_Source\PSoC5/Timer_2_PM.c **** *     Timer.
   8:.\Generated_Source\PSoC5/Timer_2_PM.c **** *
   9:.\Generated_Source\PSoC5/Timer_2_PM.c **** *   Note:
  10:.\Generated_Source\PSoC5/Timer_2_PM.c **** *     None
  11:.\Generated_Source\PSoC5/Timer_2_PM.c **** *
  12:.\Generated_Source\PSoC5/Timer_2_PM.c **** *******************************************************************************
  13:.\Generated_Source\PSoC5/Timer_2_PM.c **** * Copyright 2008-2014, Cypress Semiconductor Corporation.  All rights reserved.
  14:.\Generated_Source\PSoC5/Timer_2_PM.c **** * You may use this file only in accordance with the license, terms, conditions,
  15:.\Generated_Source\PSoC5/Timer_2_PM.c **** * disclaimers, and limitations in the end user license agreement accompanying
  16:.\Generated_Source\PSoC5/Timer_2_PM.c **** * the software package with which this file was provided.
  17:.\Generated_Source\PSoC5/Timer_2_PM.c **** ********************************************************************************/
  18:.\Generated_Source\PSoC5/Timer_2_PM.c **** 
  19:.\Generated_Source\PSoC5/Timer_2_PM.c **** #include "Timer_2.h"
  20:.\Generated_Source\PSoC5/Timer_2_PM.c **** 
  21:.\Generated_Source\PSoC5/Timer_2_PM.c **** static Timer_2_backupStruct Timer_2_backup;
  22:.\Generated_Source\PSoC5/Timer_2_PM.c **** 
  23:.\Generated_Source\PSoC5/Timer_2_PM.c **** 
  24:.\Generated_Source\PSoC5/Timer_2_PM.c **** /*******************************************************************************
  25:.\Generated_Source\PSoC5/Timer_2_PM.c **** * Function Name: Timer_2_SaveConfig
  26:.\Generated_Source\PSoC5/Timer_2_PM.c **** ********************************************************************************
  27:.\Generated_Source\PSoC5/Timer_2_PM.c **** *
  28:.\Generated_Source\PSoC5/Timer_2_PM.c **** * Summary:
  29:.\Generated_Source\PSoC5/Timer_2_PM.c **** *     Save the current user configuration
  30:.\Generated_Source\PSoC5/Timer_2_PM.c **** *
  31:.\Generated_Source\PSoC5/Timer_2_PM.c **** * Parameters:
ARM GAS  C:\Users\bwil410\AppData\Local\Temp\ccdHoAkg.s 			page 2


  32:.\Generated_Source\PSoC5/Timer_2_PM.c **** *  void
  33:.\Generated_Source\PSoC5/Timer_2_PM.c **** *
  34:.\Generated_Source\PSoC5/Timer_2_PM.c **** * Return:
  35:.\Generated_Source\PSoC5/Timer_2_PM.c **** *  void
  36:.\Generated_Source\PSoC5/Timer_2_PM.c **** *
  37:.\Generated_Source\PSoC5/Timer_2_PM.c **** * Global variables:
  38:.\Generated_Source\PSoC5/Timer_2_PM.c **** *  Timer_2_backup:  Variables of this global structure are modified to
  39:.\Generated_Source\PSoC5/Timer_2_PM.c **** *  store the values of non retention configuration registers when Sleep() API is
  40:.\Generated_Source\PSoC5/Timer_2_PM.c **** *  called.
  41:.\Generated_Source\PSoC5/Timer_2_PM.c **** *
  42:.\Generated_Source\PSoC5/Timer_2_PM.c **** *******************************************************************************/
  43:.\Generated_Source\PSoC5/Timer_2_PM.c **** void Timer_2_SaveConfig(void) 
  44:.\Generated_Source\PSoC5/Timer_2_PM.c **** {
  27              		.loc 1 44 0
  28              		.cfi_startproc
  29              		@ args = 0, pretend = 0, frame = 0
  30              		@ frame_needed = 0, uses_anonymous_args = 0
  31 0000 10B5     		push	{r4, lr}
  32              		.cfi_def_cfa_offset 8
  33              		.cfi_offset 4, -8
  34              		.cfi_offset 14, -4
  45:.\Generated_Source\PSoC5/Timer_2_PM.c ****     #if (!Timer_2_UsingFixedFunction)
  46:.\Generated_Source\PSoC5/Timer_2_PM.c ****         Timer_2_backup.TimerUdb = Timer_2_ReadCounter();
  35              		.loc 1 46 0
  36 0002 FFF7FEFF 		bl	Timer_2_ReadCounter
  37              	.LVL0:
  38 0006 064C     		ldr	r4, .L3
  39 0008 6080     		strh	r0, [r4, #2]	@ movhi
  47:.\Generated_Source\PSoC5/Timer_2_PM.c ****         Timer_2_backup.InterruptMaskValue = Timer_2_STATUS_MASK;
  40              		.loc 1 47 0
  41 000a 064B     		ldr	r3, .L3+4
  42 000c 1B78     		ldrb	r3, [r3]	@ zero_extendqisi2
  43 000e 2371     		strb	r3, [r4, #4]
  48:.\Generated_Source\PSoC5/Timer_2_PM.c ****         #if (Timer_2_UsingHWCaptureCounter)
  49:.\Generated_Source\PSoC5/Timer_2_PM.c ****             Timer_2_backup.TimerCaptureCounter = Timer_2_ReadCaptureCount();
  44              		.loc 1 49 0
  45 0010 FFF7FEFF 		bl	Timer_2_ReadCaptureCount
  46              	.LVL1:
  47 0014 6071     		strb	r0, [r4, #5]
  50:.\Generated_Source\PSoC5/Timer_2_PM.c ****         #endif /* Back Up capture counter register  */
  51:.\Generated_Source\PSoC5/Timer_2_PM.c **** 
  52:.\Generated_Source\PSoC5/Timer_2_PM.c ****         #if(!Timer_2_UDB_CONTROL_REG_REMOVED)
  53:.\Generated_Source\PSoC5/Timer_2_PM.c ****             Timer_2_backup.TimerControlRegister = Timer_2_ReadControlRegister();
  48              		.loc 1 53 0
  49 0016 FFF7FEFF 		bl	Timer_2_ReadControlRegister
  50              	.LVL2:
  51 001a A071     		strb	r0, [r4, #6]
  52 001c 10BD     		pop	{r4, pc}
  53              	.L4:
  54 001e 00BF     		.align	2
  55              	.L3:
  56 0020 00000000 		.word	.LANCHOR0
  57 0024 88650040 		.word	1073767816
  58              		.cfi_endproc
  59              	.LFE0:
  60              		.size	Timer_2_SaveConfig, .-Timer_2_SaveConfig
  61              		.section	.text.Timer_2_RestoreConfig,"ax",%progbits
ARM GAS  C:\Users\bwil410\AppData\Local\Temp\ccdHoAkg.s 			page 3


  62              		.align	2
  63              		.global	Timer_2_RestoreConfig
  64              		.thumb
  65              		.thumb_func
  66              		.type	Timer_2_RestoreConfig, %function
  67              	Timer_2_RestoreConfig:
  68              	.LFB1:
  54:.\Generated_Source\PSoC5/Timer_2_PM.c ****         #endif /* Backup the enable state of the Timer component */
  55:.\Generated_Source\PSoC5/Timer_2_PM.c ****     #endif /* Backup non retention registers in UDB implementation. All fixed function registers ar
  56:.\Generated_Source\PSoC5/Timer_2_PM.c **** }
  57:.\Generated_Source\PSoC5/Timer_2_PM.c **** 
  58:.\Generated_Source\PSoC5/Timer_2_PM.c **** 
  59:.\Generated_Source\PSoC5/Timer_2_PM.c **** /*******************************************************************************
  60:.\Generated_Source\PSoC5/Timer_2_PM.c **** * Function Name: Timer_2_RestoreConfig
  61:.\Generated_Source\PSoC5/Timer_2_PM.c **** ********************************************************************************
  62:.\Generated_Source\PSoC5/Timer_2_PM.c **** *
  63:.\Generated_Source\PSoC5/Timer_2_PM.c **** * Summary:
  64:.\Generated_Source\PSoC5/Timer_2_PM.c **** *  Restores the current user configuration.
  65:.\Generated_Source\PSoC5/Timer_2_PM.c **** *
  66:.\Generated_Source\PSoC5/Timer_2_PM.c **** * Parameters:
  67:.\Generated_Source\PSoC5/Timer_2_PM.c **** *  void
  68:.\Generated_Source\PSoC5/Timer_2_PM.c **** *
  69:.\Generated_Source\PSoC5/Timer_2_PM.c **** * Return:
  70:.\Generated_Source\PSoC5/Timer_2_PM.c **** *  void
  71:.\Generated_Source\PSoC5/Timer_2_PM.c **** *
  72:.\Generated_Source\PSoC5/Timer_2_PM.c **** * Global variables:
  73:.\Generated_Source\PSoC5/Timer_2_PM.c **** *  Timer_2_backup:  Variables of this global structure are used to
  74:.\Generated_Source\PSoC5/Timer_2_PM.c **** *  restore the values of non retention registers on wakeup from sleep mode.
  75:.\Generated_Source\PSoC5/Timer_2_PM.c **** *
  76:.\Generated_Source\PSoC5/Timer_2_PM.c **** *******************************************************************************/
  77:.\Generated_Source\PSoC5/Timer_2_PM.c **** void Timer_2_RestoreConfig(void) 
  78:.\Generated_Source\PSoC5/Timer_2_PM.c **** {   
  69              		.loc 1 78 0
  70              		.cfi_startproc
  71              		@ args = 0, pretend = 0, frame = 0
  72              		@ frame_needed = 0, uses_anonymous_args = 0
  73 0000 10B5     		push	{r4, lr}
  74              		.cfi_def_cfa_offset 8
  75              		.cfi_offset 4, -8
  76              		.cfi_offset 14, -4
  79:.\Generated_Source\PSoC5/Timer_2_PM.c ****     #if (!Timer_2_UsingFixedFunction)
  80:.\Generated_Source\PSoC5/Timer_2_PM.c **** 
  81:.\Generated_Source\PSoC5/Timer_2_PM.c ****         Timer_2_WriteCounter(Timer_2_backup.TimerUdb);
  77              		.loc 1 81 0
  78 0002 074C     		ldr	r4, .L7
  79 0004 6088     		ldrh	r0, [r4, #2]
  80 0006 FFF7FEFF 		bl	Timer_2_WriteCounter
  81              	.LVL3:
  82:.\Generated_Source\PSoC5/Timer_2_PM.c ****         Timer_2_STATUS_MASK =Timer_2_backup.InterruptMaskValue;
  82              		.loc 1 82 0
  83 000a 2279     		ldrb	r2, [r4, #4]	@ zero_extendqisi2
  84 000c 054B     		ldr	r3, .L7+4
  85 000e 1A70     		strb	r2, [r3]
  83:.\Generated_Source\PSoC5/Timer_2_PM.c ****         #if (Timer_2_UsingHWCaptureCounter)
  84:.\Generated_Source\PSoC5/Timer_2_PM.c ****             Timer_2_SetCaptureCount(Timer_2_backup.TimerCaptureCounter);
  86              		.loc 1 84 0
  87 0010 6079     		ldrb	r0, [r4, #5]	@ zero_extendqisi2
ARM GAS  C:\Users\bwil410\AppData\Local\Temp\ccdHoAkg.s 			page 4


  88 0012 FFF7FEFF 		bl	Timer_2_SetCaptureCount
  89              	.LVL4:
  85:.\Generated_Source\PSoC5/Timer_2_PM.c ****         #endif /* Restore Capture counter register*/
  86:.\Generated_Source\PSoC5/Timer_2_PM.c **** 
  87:.\Generated_Source\PSoC5/Timer_2_PM.c ****         #if(!Timer_2_UDB_CONTROL_REG_REMOVED)
  88:.\Generated_Source\PSoC5/Timer_2_PM.c ****             Timer_2_WriteControlRegister(Timer_2_backup.TimerControlRegister);
  90              		.loc 1 88 0
  91 0016 A079     		ldrb	r0, [r4, #6]	@ zero_extendqisi2
  92 0018 FFF7FEFF 		bl	Timer_2_WriteControlRegister
  93              	.LVL5:
  94 001c 10BD     		pop	{r4, pc}
  95              	.L8:
  96 001e 00BF     		.align	2
  97              	.L7:
  98 0020 00000000 		.word	.LANCHOR0
  99 0024 88650040 		.word	1073767816
 100              		.cfi_endproc
 101              	.LFE1:
 102              		.size	Timer_2_RestoreConfig, .-Timer_2_RestoreConfig
 103              		.section	.text.Timer_2_Sleep,"ax",%progbits
 104              		.align	2
 105              		.global	Timer_2_Sleep
 106              		.thumb
 107              		.thumb_func
 108              		.type	Timer_2_Sleep, %function
 109              	Timer_2_Sleep:
 110              	.LFB2:
  89:.\Generated_Source\PSoC5/Timer_2_PM.c ****         #endif /* Restore the enable state of the Timer component */
  90:.\Generated_Source\PSoC5/Timer_2_PM.c ****     #endif /* Restore non retention registers in the UDB implementation only */
  91:.\Generated_Source\PSoC5/Timer_2_PM.c **** }
  92:.\Generated_Source\PSoC5/Timer_2_PM.c **** 
  93:.\Generated_Source\PSoC5/Timer_2_PM.c **** 
  94:.\Generated_Source\PSoC5/Timer_2_PM.c **** /*******************************************************************************
  95:.\Generated_Source\PSoC5/Timer_2_PM.c **** * Function Name: Timer_2_Sleep
  96:.\Generated_Source\PSoC5/Timer_2_PM.c **** ********************************************************************************
  97:.\Generated_Source\PSoC5/Timer_2_PM.c **** *
  98:.\Generated_Source\PSoC5/Timer_2_PM.c **** * Summary:
  99:.\Generated_Source\PSoC5/Timer_2_PM.c **** *     Stop and Save the user configuration
 100:.\Generated_Source\PSoC5/Timer_2_PM.c **** *
 101:.\Generated_Source\PSoC5/Timer_2_PM.c **** * Parameters:
 102:.\Generated_Source\PSoC5/Timer_2_PM.c **** *  void
 103:.\Generated_Source\PSoC5/Timer_2_PM.c **** *
 104:.\Generated_Source\PSoC5/Timer_2_PM.c **** * Return:
 105:.\Generated_Source\PSoC5/Timer_2_PM.c **** *  void
 106:.\Generated_Source\PSoC5/Timer_2_PM.c **** *
 107:.\Generated_Source\PSoC5/Timer_2_PM.c **** * Global variables:
 108:.\Generated_Source\PSoC5/Timer_2_PM.c **** *  Timer_2_backup.TimerEnableState:  Is modified depending on the
 109:.\Generated_Source\PSoC5/Timer_2_PM.c **** *  enable state of the block before entering sleep mode.
 110:.\Generated_Source\PSoC5/Timer_2_PM.c **** *
 111:.\Generated_Source\PSoC5/Timer_2_PM.c **** *******************************************************************************/
 112:.\Generated_Source\PSoC5/Timer_2_PM.c **** void Timer_2_Sleep(void) 
 113:.\Generated_Source\PSoC5/Timer_2_PM.c **** {
 111              		.loc 1 113 0
 112              		.cfi_startproc
 113              		@ args = 0, pretend = 0, frame = 0
 114              		@ frame_needed = 0, uses_anonymous_args = 0
 115 0000 08B5     		push	{r3, lr}
ARM GAS  C:\Users\bwil410\AppData\Local\Temp\ccdHoAkg.s 			page 5


 116              		.cfi_def_cfa_offset 8
 117              		.cfi_offset 3, -8
 118              		.cfi_offset 14, -4
 114:.\Generated_Source\PSoC5/Timer_2_PM.c ****     #if(!Timer_2_UDB_CONTROL_REG_REMOVED)
 115:.\Generated_Source\PSoC5/Timer_2_PM.c ****         /* Save Counter's enable state */
 116:.\Generated_Source\PSoC5/Timer_2_PM.c ****         if(Timer_2_CTRL_ENABLE == (Timer_2_CONTROL & Timer_2_CTRL_ENABLE))
 119              		.loc 1 116 0
 120 0002 084B     		ldr	r3, .L13
 121 0004 1B78     		ldrb	r3, [r3]	@ zero_extendqisi2
 122 0006 13F0800F 		tst	r3, #128
 123 000a 03D0     		beq	.L10
 117:.\Generated_Source\PSoC5/Timer_2_PM.c ****         {
 118:.\Generated_Source\PSoC5/Timer_2_PM.c ****             /* Timer is enabled */
 119:.\Generated_Source\PSoC5/Timer_2_PM.c ****             Timer_2_backup.TimerEnableState = 1u;
 124              		.loc 1 119 0
 125 000c 0122     		movs	r2, #1
 126 000e 064B     		ldr	r3, .L13+4
 127 0010 1A70     		strb	r2, [r3]
 128 0012 02E0     		b	.L11
 129              	.L10:
 120:.\Generated_Source\PSoC5/Timer_2_PM.c ****         }
 121:.\Generated_Source\PSoC5/Timer_2_PM.c ****         else
 122:.\Generated_Source\PSoC5/Timer_2_PM.c ****         {
 123:.\Generated_Source\PSoC5/Timer_2_PM.c ****             /* Timer is disabled */
 124:.\Generated_Source\PSoC5/Timer_2_PM.c ****             Timer_2_backup.TimerEnableState = 0u;
 130              		.loc 1 124 0
 131 0014 0022     		movs	r2, #0
 132 0016 044B     		ldr	r3, .L13+4
 133 0018 1A70     		strb	r2, [r3]
 134              	.L11:
 125:.\Generated_Source\PSoC5/Timer_2_PM.c ****         }
 126:.\Generated_Source\PSoC5/Timer_2_PM.c ****     #endif /* Back up enable state from the Timer control register */
 127:.\Generated_Source\PSoC5/Timer_2_PM.c ****     Timer_2_Stop();
 135              		.loc 1 127 0
 136 001a FFF7FEFF 		bl	Timer_2_Stop
 137              	.LVL6:
 128:.\Generated_Source\PSoC5/Timer_2_PM.c ****     Timer_2_SaveConfig();
 138              		.loc 1 128 0
 139 001e FFF7FEFF 		bl	Timer_2_SaveConfig
 140              	.LVL7:
 141 0022 08BD     		pop	{r3, pc}
 142              	.L14:
 143              		.align	2
 144              	.L13:
 145 0024 78650040 		.word	1073767800
 146 0028 00000000 		.word	.LANCHOR0
 147              		.cfi_endproc
 148              	.LFE2:
 149              		.size	Timer_2_Sleep, .-Timer_2_Sleep
 150              		.section	.text.Timer_2_Wakeup,"ax",%progbits
 151              		.align	2
 152              		.global	Timer_2_Wakeup
 153              		.thumb
 154              		.thumb_func
 155              		.type	Timer_2_Wakeup, %function
 156              	Timer_2_Wakeup:
 157              	.LFB3:
ARM GAS  C:\Users\bwil410\AppData\Local\Temp\ccdHoAkg.s 			page 6


 129:.\Generated_Source\PSoC5/Timer_2_PM.c **** }
 130:.\Generated_Source\PSoC5/Timer_2_PM.c **** 
 131:.\Generated_Source\PSoC5/Timer_2_PM.c **** 
 132:.\Generated_Source\PSoC5/Timer_2_PM.c **** /*******************************************************************************
 133:.\Generated_Source\PSoC5/Timer_2_PM.c **** * Function Name: Timer_2_Wakeup
 134:.\Generated_Source\PSoC5/Timer_2_PM.c **** ********************************************************************************
 135:.\Generated_Source\PSoC5/Timer_2_PM.c **** *
 136:.\Generated_Source\PSoC5/Timer_2_PM.c **** * Summary:
 137:.\Generated_Source\PSoC5/Timer_2_PM.c **** *  Restores and enables the user configuration
 138:.\Generated_Source\PSoC5/Timer_2_PM.c **** *
 139:.\Generated_Source\PSoC5/Timer_2_PM.c **** * Parameters:
 140:.\Generated_Source\PSoC5/Timer_2_PM.c **** *  void
 141:.\Generated_Source\PSoC5/Timer_2_PM.c **** *
 142:.\Generated_Source\PSoC5/Timer_2_PM.c **** * Return:
 143:.\Generated_Source\PSoC5/Timer_2_PM.c **** *  void
 144:.\Generated_Source\PSoC5/Timer_2_PM.c **** *
 145:.\Generated_Source\PSoC5/Timer_2_PM.c **** * Global variables:
 146:.\Generated_Source\PSoC5/Timer_2_PM.c **** *  Timer_2_backup.enableState:  Is used to restore the enable state of
 147:.\Generated_Source\PSoC5/Timer_2_PM.c **** *  block on wakeup from sleep mode.
 148:.\Generated_Source\PSoC5/Timer_2_PM.c **** *
 149:.\Generated_Source\PSoC5/Timer_2_PM.c **** *******************************************************************************/
 150:.\Generated_Source\PSoC5/Timer_2_PM.c **** void Timer_2_Wakeup(void) 
 151:.\Generated_Source\PSoC5/Timer_2_PM.c **** {
 158              		.loc 1 151 0
 159              		.cfi_startproc
 160              		@ args = 0, pretend = 0, frame = 0
 161              		@ frame_needed = 0, uses_anonymous_args = 0
 162 0000 08B5     		push	{r3, lr}
 163              		.cfi_def_cfa_offset 8
 164              		.cfi_offset 3, -8
 165              		.cfi_offset 14, -4
 152:.\Generated_Source\PSoC5/Timer_2_PM.c ****     Timer_2_RestoreConfig();
 166              		.loc 1 152 0
 167 0002 FFF7FEFF 		bl	Timer_2_RestoreConfig
 168              	.LVL8:
 153:.\Generated_Source\PSoC5/Timer_2_PM.c ****     #if(!Timer_2_UDB_CONTROL_REG_REMOVED)
 154:.\Generated_Source\PSoC5/Timer_2_PM.c ****         if(Timer_2_backup.TimerEnableState == 1u)
 169              		.loc 1 154 0
 170 0006 034B     		ldr	r3, .L18
 171 0008 1B78     		ldrb	r3, [r3]	@ zero_extendqisi2
 172 000a 012B     		cmp	r3, #1
 173 000c 01D1     		bne	.L15
 155:.\Generated_Source\PSoC5/Timer_2_PM.c ****         {     /* Enable Timer's operation */
 156:.\Generated_Source\PSoC5/Timer_2_PM.c ****                 Timer_2_Enable();
 174              		.loc 1 156 0
 175 000e FFF7FEFF 		bl	Timer_2_Enable
 176              	.LVL9:
 177              	.L15:
 178 0012 08BD     		pop	{r3, pc}
 179              	.L19:
 180              		.align	2
 181              	.L18:
 182 0014 00000000 		.word	.LANCHOR0
 183              		.cfi_endproc
 184              	.LFE3:
 185              		.size	Timer_2_Wakeup, .-Timer_2_Wakeup
 186              		.bss
ARM GAS  C:\Users\bwil410\AppData\Local\Temp\ccdHoAkg.s 			page 7


 187              		.align	2
 188              		.set	.LANCHOR0,. + 0
 189              		.type	Timer_2_backup, %object
 190              		.size	Timer_2_backup, 8
 191              	Timer_2_backup:
 192 0000 00000000 		.space	8
 192      00000000 
 193              		.text
 194              	.Letext0:
 195              		.file 2 ".\\Generated_Source\\PSoC5\\cytypes.h"
 196              		.file 3 ".\\Generated_Source\\PSoC5\\Timer_2.h"
 197              		.section	.debug_info,"",%progbits
 198              	.Ldebug_info0:
 199 0000 22020000 		.4byte	0x222
 200 0004 0400     		.2byte	0x4
 201 0006 00000000 		.4byte	.Ldebug_abbrev0
 202 000a 04       		.byte	0x4
 203 000b 01       		.uleb128 0x1
 204 000c C8010000 		.4byte	.LASF34
 205 0010 01       		.byte	0x1
 206 0011 D3020000 		.4byte	.LASF35
 207 0015 8F000000 		.4byte	.LASF36
 208 0019 00000000 		.4byte	.Ldebug_ranges0+0
 209 001d 00000000 		.4byte	0
 210 0021 00000000 		.4byte	.Ldebug_line0
 211 0025 02       		.uleb128 0x2
 212 0026 01       		.byte	0x1
 213 0027 06       		.byte	0x6
 214 0028 1E030000 		.4byte	.LASF0
 215 002c 02       		.uleb128 0x2
 216 002d 01       		.byte	0x1
 217 002e 08       		.byte	0x8
 218 002f 42010000 		.4byte	.LASF1
 219 0033 02       		.uleb128 0x2
 220 0034 02       		.byte	0x2
 221 0035 05       		.byte	0x5
 222 0036 B5020000 		.4byte	.LASF2
 223 003a 02       		.uleb128 0x2
 224 003b 02       		.byte	0x2
 225 003c 07       		.byte	0x7
 226 003d 3A000000 		.4byte	.LASF3
 227 0041 02       		.uleb128 0x2
 228 0042 04       		.byte	0x4
 229 0043 05       		.byte	0x5
 230 0044 15030000 		.4byte	.LASF4
 231 0048 02       		.uleb128 0x2
 232 0049 04       		.byte	0x4
 233 004a 07       		.byte	0x7
 234 004b 2A010000 		.4byte	.LASF5
 235 004f 02       		.uleb128 0x2
 236 0050 08       		.byte	0x8
 237 0051 05       		.byte	0x5
 238 0052 A2020000 		.4byte	.LASF6
 239 0056 02       		.uleb128 0x2
 240 0057 08       		.byte	0x8
 241 0058 07       		.byte	0x7
 242 0059 A2010000 		.4byte	.LASF7
ARM GAS  C:\Users\bwil410\AppData\Local\Temp\ccdHoAkg.s 			page 8


 243 005d 03       		.uleb128 0x3
 244 005e 04       		.byte	0x4
 245 005f 05       		.byte	0x5
 246 0060 696E7400 		.ascii	"int\000"
 247 0064 02       		.uleb128 0x2
 248 0065 04       		.byte	0x4
 249 0066 07       		.byte	0x7
 250 0067 82010000 		.4byte	.LASF8
 251 006b 04       		.uleb128 0x4
 252 006c 3C010000 		.4byte	.LASF9
 253 0070 02       		.byte	0x2
 254 0071 9201     		.2byte	0x192
 255 0073 2C000000 		.4byte	0x2c
 256 0077 04       		.uleb128 0x4
 257 0078 66010000 		.4byte	.LASF10
 258 007c 02       		.byte	0x2
 259 007d 9301     		.2byte	0x193
 260 007f 3A000000 		.4byte	0x3a
 261 0083 02       		.uleb128 0x2
 262 0084 04       		.byte	0x4
 263 0085 04       		.byte	0x4
 264 0086 11000000 		.4byte	.LASF11
 265 008a 02       		.uleb128 0x2
 266 008b 08       		.byte	0x8
 267 008c 04       		.byte	0x4
 268 008d 5F010000 		.4byte	.LASF12
 269 0091 02       		.uleb128 0x2
 270 0092 01       		.byte	0x1
 271 0093 08       		.byte	0x8
 272 0094 B0020000 		.4byte	.LASF13
 273 0098 04       		.uleb128 0x4
 274 0099 25010000 		.4byte	.LASF14
 275 009d 02       		.byte	0x2
 276 009e 3C02     		.2byte	0x23c
 277 00a0 A4000000 		.4byte	0xa4
 278 00a4 05       		.uleb128 0x5
 279 00a5 6B000000 		.4byte	0x6b
 280 00a9 02       		.uleb128 0x2
 281 00aa 04       		.byte	0x4
 282 00ab 07       		.byte	0x7
 283 00ac 99020000 		.4byte	.LASF15
 284 00b0 06       		.uleb128 0x6
 285 00b1 08       		.byte	0x8
 286 00b2 03       		.byte	0x3
 287 00b3 43       		.byte	0x43
 288 00b4 F5000000 		.4byte	0xf5
 289 00b8 07       		.uleb128 0x7
 290 00b9 00000000 		.4byte	.LASF16
 291 00bd 03       		.byte	0x3
 292 00be 45       		.byte	0x45
 293 00bf 6B000000 		.4byte	0x6b
 294 00c3 00       		.byte	0
 295 00c4 07       		.uleb128 0x7
 296 00c5 6A000000 		.4byte	.LASF17
 297 00c9 03       		.byte	0x3
 298 00ca 48       		.byte	0x48
 299 00cb 77000000 		.4byte	0x77
ARM GAS  C:\Users\bwil410\AppData\Local\Temp\ccdHoAkg.s 			page 9


 300 00cf 02       		.byte	0x2
 301 00d0 07       		.uleb128 0x7
 302 00d1 42030000 		.4byte	.LASF18
 303 00d5 03       		.byte	0x3
 304 00d6 49       		.byte	0x49
 305 00d7 6B000000 		.4byte	0x6b
 306 00db 04       		.byte	0x4
 307 00dc 07       		.uleb128 0x7
 308 00dd BF020000 		.4byte	.LASF19
 309 00e1 03       		.byte	0x3
 310 00e2 4B       		.byte	0x4b
 311 00e3 6B000000 		.4byte	0x6b
 312 00e7 05       		.byte	0x5
 313 00e8 07       		.uleb128 0x7
 314 00e9 55030000 		.4byte	.LASF20
 315 00ed 03       		.byte	0x3
 316 00ee 4F       		.byte	0x4f
 317 00ef 6B000000 		.4byte	0x6b
 318 00f3 06       		.byte	0x6
 319 00f4 00       		.byte	0
 320 00f5 08       		.uleb128 0x8
 321 00f6 6D010000 		.4byte	.LASF21
 322 00fa 03       		.byte	0x3
 323 00fb 53       		.byte	0x53
 324 00fc B0000000 		.4byte	0xb0
 325 0100 09       		.uleb128 0x9
 326 0101 8F010000 		.4byte	.LASF22
 327 0105 01       		.byte	0x1
 328 0106 2B       		.byte	0x2b
 329 0107 00000000 		.4byte	.LFB0
 330 010b 28000000 		.4byte	.LFE0-.LFB0
 331 010f 01       		.uleb128 0x1
 332 0110 9C       		.byte	0x9c
 333 0111 31010000 		.4byte	0x131
 334 0115 0A       		.uleb128 0xa
 335 0116 06000000 		.4byte	.LVL0
 336 011a C3010000 		.4byte	0x1c3
 337 011e 0A       		.uleb128 0xa
 338 011f 14000000 		.4byte	.LVL1
 339 0123 CE010000 		.4byte	0x1ce
 340 0127 0A       		.uleb128 0xa
 341 0128 1A000000 		.4byte	.LVL2
 342 012c D9010000 		.4byte	0x1d9
 343 0130 00       		.byte	0
 344 0131 09       		.uleb128 0x9
 345 0132 83020000 		.4byte	.LASF23
 346 0136 01       		.byte	0x1
 347 0137 4D       		.byte	0x4d
 348 0138 00000000 		.4byte	.LFB1
 349 013c 28000000 		.4byte	.LFE1-.LFB1
 350 0140 01       		.uleb128 0x1
 351 0141 9C       		.byte	0x9c
 352 0142 62010000 		.4byte	0x162
 353 0146 0A       		.uleb128 0xa
 354 0147 0A000000 		.4byte	.LVL3
 355 014b E4010000 		.4byte	0x1e4
 356 014f 0A       		.uleb128 0xa
ARM GAS  C:\Users\bwil410\AppData\Local\Temp\ccdHoAkg.s 			page 10


 357 0150 16000000 		.4byte	.LVL4
 358 0154 F5010000 		.4byte	0x1f5
 359 0158 0A       		.uleb128 0xa
 360 0159 1C000000 		.4byte	.LVL5
 361 015d 06020000 		.4byte	0x206
 362 0161 00       		.byte	0
 363 0162 09       		.uleb128 0x9
 364 0163 2C000000 		.4byte	.LASF24
 365 0167 01       		.byte	0x1
 366 0168 70       		.byte	0x70
 367 0169 00000000 		.4byte	.LFB2
 368 016d 2C000000 		.4byte	.LFE2-.LFB2
 369 0171 01       		.uleb128 0x1
 370 0172 9C       		.byte	0x9c
 371 0173 8A010000 		.4byte	0x18a
 372 0177 0A       		.uleb128 0xa
 373 0178 1E000000 		.4byte	.LVL6
 374 017c 17020000 		.4byte	0x217
 375 0180 0A       		.uleb128 0xa
 376 0181 22000000 		.4byte	.LVL7
 377 0185 00010000 		.4byte	0x100
 378 0189 00       		.byte	0
 379 018a 09       		.uleb128 0x9
 380 018b 50010000 		.4byte	.LASF25
 381 018f 01       		.byte	0x1
 382 0190 96       		.byte	0x96
 383 0191 00000000 		.4byte	.LFB3
 384 0195 18000000 		.4byte	.LFE3-.LFB3
 385 0199 01       		.uleb128 0x1
 386 019a 9C       		.byte	0x9c
 387 019b B2010000 		.4byte	0x1b2
 388 019f 0A       		.uleb128 0xa
 389 01a0 06000000 		.4byte	.LVL8
 390 01a4 31010000 		.4byte	0x131
 391 01a8 0A       		.uleb128 0xa
 392 01a9 12000000 		.4byte	.LVL9
 393 01ad 1E020000 		.4byte	0x21e
 394 01b1 00       		.byte	0
 395 01b2 0B       		.uleb128 0xb
 396 01b3 B9010000 		.4byte	.LASF37
 397 01b7 01       		.byte	0x1
 398 01b8 15       		.byte	0x15
 399 01b9 F5000000 		.4byte	0xf5
 400 01bd 05       		.uleb128 0x5
 401 01be 03       		.byte	0x3
 402 01bf 00000000 		.4byte	Timer_2_backup
 403 01c3 0C       		.uleb128 0xc
 404 01c4 56020000 		.4byte	.LASF26
 405 01c8 03       		.byte	0x3
 406 01c9 69       		.byte	0x69
 407 01ca 77000000 		.4byte	0x77
 408 01ce 0C       		.uleb128 0xc
 409 01cf 6A020000 		.4byte	.LASF27
 410 01d3 03       		.byte	0x3
 411 01d4 83       		.byte	0x83
 412 01d5 6B000000 		.4byte	0x6b
 413 01d9 0C       		.uleb128 0xc
ARM GAS  C:\Users\bwil410\AppData\Local\Temp\ccdHoAkg.s 			page 11


 414 01da F9020000 		.4byte	.LASF28
 415 01de 03       		.byte	0x3
 416 01df 63       		.byte	0x63
 417 01e0 6B000000 		.4byte	0x6b
 418 01e4 0D       		.uleb128 0xd
 419 01e5 17000000 		.4byte	.LASF29
 420 01e9 03       		.byte	0x3
 421 01ea 6A       		.byte	0x6a
 422 01eb F5010000 		.4byte	0x1f5
 423 01ef 0E       		.uleb128 0xe
 424 01f0 77000000 		.4byte	0x77
 425 01f4 00       		.byte	0
 426 01f5 0D       		.uleb128 0xd
 427 01f6 2A030000 		.4byte	.LASF30
 428 01fa 03       		.byte	0x3
 429 01fb 82       		.byte	0x82
 430 01fc 06020000 		.4byte	0x206
 431 0200 0E       		.uleb128 0xe
 432 0201 6B000000 		.4byte	0x6b
 433 0205 00       		.byte	0
 434 0206 0D       		.uleb128 0xd
 435 0207 4D000000 		.4byte	.LASF31
 436 020b 03       		.byte	0x3
 437 020c 64       		.byte	0x64
 438 020d 17020000 		.4byte	0x217
 439 0211 0E       		.uleb128 0xe
 440 0212 6B000000 		.4byte	0x6b
 441 0216 00       		.byte	0
 442 0217 0F       		.uleb128 0xf
 443 0218 82000000 		.4byte	.LASF32
 444 021c 03       		.byte	0x3
 445 021d 5B       		.byte	0x5b
 446 021e 0F       		.uleb128 0xf
 447 021f 73000000 		.4byte	.LASF33
 448 0223 03       		.byte	0x3
 449 0224 8B       		.byte	0x8b
 450 0225 00       		.byte	0
 451              		.section	.debug_abbrev,"",%progbits
 452              	.Ldebug_abbrev0:
 453 0000 01       		.uleb128 0x1
 454 0001 11       		.uleb128 0x11
 455 0002 01       		.byte	0x1
 456 0003 25       		.uleb128 0x25
 457 0004 0E       		.uleb128 0xe
 458 0005 13       		.uleb128 0x13
 459 0006 0B       		.uleb128 0xb
 460 0007 03       		.uleb128 0x3
 461 0008 0E       		.uleb128 0xe
 462 0009 1B       		.uleb128 0x1b
 463 000a 0E       		.uleb128 0xe
 464 000b 55       		.uleb128 0x55
 465 000c 17       		.uleb128 0x17
 466 000d 11       		.uleb128 0x11
 467 000e 01       		.uleb128 0x1
 468 000f 10       		.uleb128 0x10
 469 0010 17       		.uleb128 0x17
 470 0011 00       		.byte	0
ARM GAS  C:\Users\bwil410\AppData\Local\Temp\ccdHoAkg.s 			page 12


 471 0012 00       		.byte	0
 472 0013 02       		.uleb128 0x2
 473 0014 24       		.uleb128 0x24
 474 0015 00       		.byte	0
 475 0016 0B       		.uleb128 0xb
 476 0017 0B       		.uleb128 0xb
 477 0018 3E       		.uleb128 0x3e
 478 0019 0B       		.uleb128 0xb
 479 001a 03       		.uleb128 0x3
 480 001b 0E       		.uleb128 0xe
 481 001c 00       		.byte	0
 482 001d 00       		.byte	0
 483 001e 03       		.uleb128 0x3
 484 001f 24       		.uleb128 0x24
 485 0020 00       		.byte	0
 486 0021 0B       		.uleb128 0xb
 487 0022 0B       		.uleb128 0xb
 488 0023 3E       		.uleb128 0x3e
 489 0024 0B       		.uleb128 0xb
 490 0025 03       		.uleb128 0x3
 491 0026 08       		.uleb128 0x8
 492 0027 00       		.byte	0
 493 0028 00       		.byte	0
 494 0029 04       		.uleb128 0x4
 495 002a 16       		.uleb128 0x16
 496 002b 00       		.byte	0
 497 002c 03       		.uleb128 0x3
 498 002d 0E       		.uleb128 0xe
 499 002e 3A       		.uleb128 0x3a
 500 002f 0B       		.uleb128 0xb
 501 0030 3B       		.uleb128 0x3b
 502 0031 05       		.uleb128 0x5
 503 0032 49       		.uleb128 0x49
 504 0033 13       		.uleb128 0x13
 505 0034 00       		.byte	0
 506 0035 00       		.byte	0
 507 0036 05       		.uleb128 0x5
 508 0037 35       		.uleb128 0x35
 509 0038 00       		.byte	0
 510 0039 49       		.uleb128 0x49
 511 003a 13       		.uleb128 0x13
 512 003b 00       		.byte	0
 513 003c 00       		.byte	0
 514 003d 06       		.uleb128 0x6
 515 003e 13       		.uleb128 0x13
 516 003f 01       		.byte	0x1
 517 0040 0B       		.uleb128 0xb
 518 0041 0B       		.uleb128 0xb
 519 0042 3A       		.uleb128 0x3a
 520 0043 0B       		.uleb128 0xb
 521 0044 3B       		.uleb128 0x3b
 522 0045 0B       		.uleb128 0xb
 523 0046 01       		.uleb128 0x1
 524 0047 13       		.uleb128 0x13
 525 0048 00       		.byte	0
 526 0049 00       		.byte	0
 527 004a 07       		.uleb128 0x7
ARM GAS  C:\Users\bwil410\AppData\Local\Temp\ccdHoAkg.s 			page 13


 528 004b 0D       		.uleb128 0xd
 529 004c 00       		.byte	0
 530 004d 03       		.uleb128 0x3
 531 004e 0E       		.uleb128 0xe
 532 004f 3A       		.uleb128 0x3a
 533 0050 0B       		.uleb128 0xb
 534 0051 3B       		.uleb128 0x3b
 535 0052 0B       		.uleb128 0xb
 536 0053 49       		.uleb128 0x49
 537 0054 13       		.uleb128 0x13
 538 0055 38       		.uleb128 0x38
 539 0056 0B       		.uleb128 0xb
 540 0057 00       		.byte	0
 541 0058 00       		.byte	0
 542 0059 08       		.uleb128 0x8
 543 005a 16       		.uleb128 0x16
 544 005b 00       		.byte	0
 545 005c 03       		.uleb128 0x3
 546 005d 0E       		.uleb128 0xe
 547 005e 3A       		.uleb128 0x3a
 548 005f 0B       		.uleb128 0xb
 549 0060 3B       		.uleb128 0x3b
 550 0061 0B       		.uleb128 0xb
 551 0062 49       		.uleb128 0x49
 552 0063 13       		.uleb128 0x13
 553 0064 00       		.byte	0
 554 0065 00       		.byte	0
 555 0066 09       		.uleb128 0x9
 556 0067 2E       		.uleb128 0x2e
 557 0068 01       		.byte	0x1
 558 0069 3F       		.uleb128 0x3f
 559 006a 19       		.uleb128 0x19
 560 006b 03       		.uleb128 0x3
 561 006c 0E       		.uleb128 0xe
 562 006d 3A       		.uleb128 0x3a
 563 006e 0B       		.uleb128 0xb
 564 006f 3B       		.uleb128 0x3b
 565 0070 0B       		.uleb128 0xb
 566 0071 27       		.uleb128 0x27
 567 0072 19       		.uleb128 0x19
 568 0073 11       		.uleb128 0x11
 569 0074 01       		.uleb128 0x1
 570 0075 12       		.uleb128 0x12
 571 0076 06       		.uleb128 0x6
 572 0077 40       		.uleb128 0x40
 573 0078 18       		.uleb128 0x18
 574 0079 9742     		.uleb128 0x2117
 575 007b 19       		.uleb128 0x19
 576 007c 01       		.uleb128 0x1
 577 007d 13       		.uleb128 0x13
 578 007e 00       		.byte	0
 579 007f 00       		.byte	0
 580 0080 0A       		.uleb128 0xa
 581 0081 898201   		.uleb128 0x4109
 582 0084 00       		.byte	0
 583 0085 11       		.uleb128 0x11
 584 0086 01       		.uleb128 0x1
ARM GAS  C:\Users\bwil410\AppData\Local\Temp\ccdHoAkg.s 			page 14


 585 0087 31       		.uleb128 0x31
 586 0088 13       		.uleb128 0x13
 587 0089 00       		.byte	0
 588 008a 00       		.byte	0
 589 008b 0B       		.uleb128 0xb
 590 008c 34       		.uleb128 0x34
 591 008d 00       		.byte	0
 592 008e 03       		.uleb128 0x3
 593 008f 0E       		.uleb128 0xe
 594 0090 3A       		.uleb128 0x3a
 595 0091 0B       		.uleb128 0xb
 596 0092 3B       		.uleb128 0x3b
 597 0093 0B       		.uleb128 0xb
 598 0094 49       		.uleb128 0x49
 599 0095 13       		.uleb128 0x13
 600 0096 02       		.uleb128 0x2
 601 0097 18       		.uleb128 0x18
 602 0098 00       		.byte	0
 603 0099 00       		.byte	0
 604 009a 0C       		.uleb128 0xc
 605 009b 2E       		.uleb128 0x2e
 606 009c 00       		.byte	0
 607 009d 3F       		.uleb128 0x3f
 608 009e 19       		.uleb128 0x19
 609 009f 03       		.uleb128 0x3
 610 00a0 0E       		.uleb128 0xe
 611 00a1 3A       		.uleb128 0x3a
 612 00a2 0B       		.uleb128 0xb
 613 00a3 3B       		.uleb128 0x3b
 614 00a4 0B       		.uleb128 0xb
 615 00a5 27       		.uleb128 0x27
 616 00a6 19       		.uleb128 0x19
 617 00a7 49       		.uleb128 0x49
 618 00a8 13       		.uleb128 0x13
 619 00a9 3C       		.uleb128 0x3c
 620 00aa 19       		.uleb128 0x19
 621 00ab 00       		.byte	0
 622 00ac 00       		.byte	0
 623 00ad 0D       		.uleb128 0xd
 624 00ae 2E       		.uleb128 0x2e
 625 00af 01       		.byte	0x1
 626 00b0 3F       		.uleb128 0x3f
 627 00b1 19       		.uleb128 0x19
 628 00b2 03       		.uleb128 0x3
 629 00b3 0E       		.uleb128 0xe
 630 00b4 3A       		.uleb128 0x3a
 631 00b5 0B       		.uleb128 0xb
 632 00b6 3B       		.uleb128 0x3b
 633 00b7 0B       		.uleb128 0xb
 634 00b8 27       		.uleb128 0x27
 635 00b9 19       		.uleb128 0x19
 636 00ba 3C       		.uleb128 0x3c
 637 00bb 19       		.uleb128 0x19
 638 00bc 01       		.uleb128 0x1
 639 00bd 13       		.uleb128 0x13
 640 00be 00       		.byte	0
 641 00bf 00       		.byte	0
ARM GAS  C:\Users\bwil410\AppData\Local\Temp\ccdHoAkg.s 			page 15


 642 00c0 0E       		.uleb128 0xe
 643 00c1 05       		.uleb128 0x5
 644 00c2 00       		.byte	0
 645 00c3 49       		.uleb128 0x49
 646 00c4 13       		.uleb128 0x13
 647 00c5 00       		.byte	0
 648 00c6 00       		.byte	0
 649 00c7 0F       		.uleb128 0xf
 650 00c8 2E       		.uleb128 0x2e
 651 00c9 00       		.byte	0
 652 00ca 3F       		.uleb128 0x3f
 653 00cb 19       		.uleb128 0x19
 654 00cc 03       		.uleb128 0x3
 655 00cd 0E       		.uleb128 0xe
 656 00ce 3A       		.uleb128 0x3a
 657 00cf 0B       		.uleb128 0xb
 658 00d0 3B       		.uleb128 0x3b
 659 00d1 0B       		.uleb128 0xb
 660 00d2 27       		.uleb128 0x27
 661 00d3 19       		.uleb128 0x19
 662 00d4 3C       		.uleb128 0x3c
 663 00d5 19       		.uleb128 0x19
 664 00d6 00       		.byte	0
 665 00d7 00       		.byte	0
 666 00d8 00       		.byte	0
 667              		.section	.debug_aranges,"",%progbits
 668 0000 34000000 		.4byte	0x34
 669 0004 0200     		.2byte	0x2
 670 0006 00000000 		.4byte	.Ldebug_info0
 671 000a 04       		.byte	0x4
 672 000b 00       		.byte	0
 673 000c 0000     		.2byte	0
 674 000e 0000     		.2byte	0
 675 0010 00000000 		.4byte	.LFB0
 676 0014 28000000 		.4byte	.LFE0-.LFB0
 677 0018 00000000 		.4byte	.LFB1
 678 001c 28000000 		.4byte	.LFE1-.LFB1
 679 0020 00000000 		.4byte	.LFB2
 680 0024 2C000000 		.4byte	.LFE2-.LFB2
 681 0028 00000000 		.4byte	.LFB3
 682 002c 18000000 		.4byte	.LFE3-.LFB3
 683 0030 00000000 		.4byte	0
 684 0034 00000000 		.4byte	0
 685              		.section	.debug_ranges,"",%progbits
 686              	.Ldebug_ranges0:
 687 0000 00000000 		.4byte	.LFB0
 688 0004 28000000 		.4byte	.LFE0
 689 0008 00000000 		.4byte	.LFB1
 690 000c 28000000 		.4byte	.LFE1
 691 0010 00000000 		.4byte	.LFB2
 692 0014 2C000000 		.4byte	.LFE2
 693 0018 00000000 		.4byte	.LFB3
 694 001c 18000000 		.4byte	.LFE3
 695 0020 00000000 		.4byte	0
 696 0024 00000000 		.4byte	0
 697              		.section	.debug_line,"",%progbits
 698              	.Ldebug_line0:
ARM GAS  C:\Users\bwil410\AppData\Local\Temp\ccdHoAkg.s 			page 16


 699 0000 AB000000 		.section	.debug_str,"MS",%progbits,1
 699      02005600 
 699      00000201 
 699      FB0E0D00 
 699      01010101 
 700              	.LASF16:
 701 0000 54696D65 		.ascii	"TimerEnableState\000"
 701      72456E61 
 701      626C6553 
 701      74617465 
 701      00
 702              	.LASF11:
 703 0011 666C6F61 		.ascii	"float\000"
 703      7400
 704              	.LASF29:
 705 0017 54696D65 		.ascii	"Timer_2_WriteCounter\000"
 705      725F325F 
 705      57726974 
 705      65436F75 
 705      6E746572 
 706              	.LASF24:
 707 002c 54696D65 		.ascii	"Timer_2_Sleep\000"
 707      725F325F 
 707      536C6565 
 707      7000
 708              	.LASF3:
 709 003a 73686F72 		.ascii	"short unsigned int\000"
 709      7420756E 
 709      7369676E 
 709      65642069 
 709      6E7400
 710              	.LASF31:
 711 004d 54696D65 		.ascii	"Timer_2_WriteControlRegister\000"
 711      725F325F 
 711      57726974 
 711      65436F6E 
 711      74726F6C 
 712              	.LASF17:
 713 006a 54696D65 		.ascii	"TimerUdb\000"
 713      72556462 
 713      00
 714              	.LASF33:
 715 0073 54696D65 		.ascii	"Timer_2_Enable\000"
 715      725F325F 
 715      456E6162 
 715      6C6500
 716              	.LASF32:
 717 0082 54696D65 		.ascii	"Timer_2_Stop\000"
 717      725F325F 
 717      53746F70 
 717      00
 718              	.LASF36:
 719 008f 5C5C6669 		.ascii	"\\\\files.auckland.ac.nz\\myhome\\Desktop\\PacMan-R"
 719      6C65732E 
 719      6175636B 
 719      6C616E64 
 719      2E61632E 
ARM GAS  C:\Users\bwil410\AppData\Local\Temp\ccdHoAkg.s 			page 17


 720 00bd 6F626F74 		.ascii	"obot-master\\PacMan-Robot-master\\301_Group_3_Softw"
 720      2D6D6173 
 720      7465725C 
 720      5061634D 
 720      616E2D52 
 721 00ee 6172655C 		.ascii	"are\\Workspace01\\Workspace01\\Workspace01\\Design0"
 721      576F726B 
 721      73706163 
 721      6530315C 
 721      576F726B 
 722 011d 312E6379 		.ascii	"1.cydsn\000"
 722      64736E00 
 723              	.LASF14:
 724 0125 72656738 		.ascii	"reg8\000"
 724      00
 725              	.LASF5:
 726 012a 6C6F6E67 		.ascii	"long unsigned int\000"
 726      20756E73 
 726      69676E65 
 726      6420696E 
 726      7400
 727              	.LASF9:
 728 013c 75696E74 		.ascii	"uint8\000"
 728      3800
 729              	.LASF1:
 730 0142 756E7369 		.ascii	"unsigned char\000"
 730      676E6564 
 730      20636861 
 730      7200
 731              	.LASF25:
 732 0150 54696D65 		.ascii	"Timer_2_Wakeup\000"
 732      725F325F 
 732      57616B65 
 732      757000
 733              	.LASF12:
 734 015f 646F7562 		.ascii	"double\000"
 734      6C6500
 735              	.LASF10:
 736 0166 75696E74 		.ascii	"uint16\000"
 736      313600
 737              	.LASF21:
 738 016d 54696D65 		.ascii	"Timer_2_backupStruct\000"
 738      725F325F 
 738      6261636B 
 738      75705374 
 738      72756374 
 739              	.LASF8:
 740 0182 756E7369 		.ascii	"unsigned int\000"
 740      676E6564 
 740      20696E74 
 740      00
 741              	.LASF22:
 742 018f 54696D65 		.ascii	"Timer_2_SaveConfig\000"
 742      725F325F 
 742      53617665 
 742      436F6E66 
 742      696700
ARM GAS  C:\Users\bwil410\AppData\Local\Temp\ccdHoAkg.s 			page 18


 743              	.LASF7:
 744 01a2 6C6F6E67 		.ascii	"long long unsigned int\000"
 744      206C6F6E 
 744      6720756E 
 744      7369676E 
 744      65642069 
 745              	.LASF37:
 746 01b9 54696D65 		.ascii	"Timer_2_backup\000"
 746      725F325F 
 746      6261636B 
 746      757000
 747              	.LASF34:
 748 01c8 474E5520 		.ascii	"GNU C 4.9.3 20150303 (release) [ARM/embedded-4_9-br"
 748      4320342E 
 748      392E3320 
 748      32303135 
 748      30333033 
 749 01fb 616E6368 		.ascii	"anch revision 221220] -mcpu=cortex-m3 -mthumb -g -O"
 749      20726576 
 749      6973696F 
 749      6E203232 
 749      31323230 
 750 022e 67202D66 		.ascii	"g -ffunction-sections -ffat-lto-objects\000"
 750      66756E63 
 750      74696F6E 
 750      2D736563 
 750      74696F6E 
 751              	.LASF26:
 752 0256 54696D65 		.ascii	"Timer_2_ReadCounter\000"
 752      725F325F 
 752      52656164 
 752      436F756E 
 752      74657200 
 753              	.LASF27:
 754 026a 54696D65 		.ascii	"Timer_2_ReadCaptureCount\000"
 754      725F325F 
 754      52656164 
 754      43617074 
 754      75726543 
 755              	.LASF23:
 756 0283 54696D65 		.ascii	"Timer_2_RestoreConfig\000"
 756      725F325F 
 756      52657374 
 756      6F726543 
 756      6F6E6669 
 757              	.LASF15:
 758 0299 73697A65 		.ascii	"sizetype\000"
 758      74797065 
 758      00
 759              	.LASF6:
 760 02a2 6C6F6E67 		.ascii	"long long int\000"
 760      206C6F6E 
 760      6720696E 
 760      7400
 761              	.LASF13:
 762 02b0 63686172 		.ascii	"char\000"
 762      00
ARM GAS  C:\Users\bwil410\AppData\Local\Temp\ccdHoAkg.s 			page 19


 763              	.LASF2:
 764 02b5 73686F72 		.ascii	"short int\000"
 764      7420696E 
 764      7400
 765              	.LASF19:
 766 02bf 54696D65 		.ascii	"TimerCaptureCounter\000"
 766      72436170 
 766      74757265 
 766      436F756E 
 766      74657200 
 767              	.LASF35:
 768 02d3 2E5C4765 		.ascii	".\\Generated_Source\\PSoC5\\Timer_2_PM.c\000"
 768      6E657261 
 768      7465645F 
 768      536F7572 
 768      63655C50 
 769              	.LASF28:
 770 02f9 54696D65 		.ascii	"Timer_2_ReadControlRegister\000"
 770      725F325F 
 770      52656164 
 770      436F6E74 
 770      726F6C52 
 771              	.LASF4:
 772 0315 6C6F6E67 		.ascii	"long int\000"
 772      20696E74 
 772      00
 773              	.LASF0:
 774 031e 7369676E 		.ascii	"signed char\000"
 774      65642063 
 774      68617200 
 775              	.LASF30:
 776 032a 54696D65 		.ascii	"Timer_2_SetCaptureCount\000"
 776      725F325F 
 776      53657443 
 776      61707475 
 776      7265436F 
 777              	.LASF18:
 778 0342 496E7465 		.ascii	"InterruptMaskValue\000"
 778      72727570 
 778      744D6173 
 778      6B56616C 
 778      756500
 779              	.LASF20:
 780 0355 54696D65 		.ascii	"TimerControlRegister\000"
 780      72436F6E 
 780      74726F6C 
 780      52656769 
 780      73746572 
 781              		.ident	"GCC: (GNU Tools for ARM Embedded Processors) 4.9.3 20150303 (release) [ARM/embedded-4_9-br
